2025-12-02 22:45:24,485 - INFO - Logging initialized. Log file: runs/run_88/training.log
2025-12-02 22:45:24,567 - INFO - Experiment directory: runs/run_88
2025-12-02 22:45:24,568 - INFO - Setting random seeds for reproducibility (seed: 42)...
2025-12-02 22:45:24,687 - INFO - Random seeds set to 42 (deterministic=False)
2025-12-02 22:45:24,687 - INFO - Using device: cuda
2025-12-02 22:45:24,687 - INFO - Training configuration: epochs=25, warmup=4, lr=0.0005
2025-12-02 22:45:24,688 - INFO - Loading dataset...
2025-12-02 22:45:24,689 - INFO - Starting ImageNet data loading from root: /
2025-12-02 22:45:24,689 - INFO - Resolved root path: /
2025-12-02 22:45:24,689 - INFO - Root path exists: True
2025-12-02 22:45:24,689 - INFO - Root path is dir: True
2025-12-02 22:45:24,693 - INFO - Contents of /: ['/.exec', '/.run', '/.shell', '/.singularity.d', '/.test', '/bin', '/boot', '/dev', '/environment', '/etc', '/home', '/lib', '/lib64', '/media', '/mnt', '/opt', '/proc', '/requirements.txt', '/root', '/run', '/sbin', '/singularity', '/srv', '/sys', '/tmp', '/usr', '/var', '/meta', '/train_set', '/train_set_small', '/val_set', '/val_set_unlabeled']
2025-12-02 22:45:24,693 - INFO - Expected train_dir: /train_set, exists: True
2025-12-02 22:45:24,693 - INFO - Expected val_dir: /val_set, exists: True
2025-12-02 22:45:30,320 - INFO - Loaded ImageNet data from /: train=1281167, val=50000
2025-12-02 22:45:30,439 - INFO - Dataset loaded: train=50000 samples (391 batches), val=5000 samples (40 batches), test=5000 samples (40 batches)
2025-12-02 22:45:32,224 - INFO - Training Swin-Tiny from scratch
2025-12-02 22:45:32,225 - INFO - Initializing model from scratch...
2025-12-02 22:45:32,225 - INFO - Model architecture: Swin-Tiny
2025-12-02 22:45:32,225 - INFO - Model config: embed_dim=96, depths=[2, 2, 6, 2], num_heads=[3, 6, 12, 24]
2025-12-02 22:45:32,734 - INFO - Model created with random initialization
2025-12-02 22:45:32,735 - INFO - Total parameters: 28,288,354
2025-12-02 22:45:32,735 - INFO - Trainable parameters: 28,288,354
2025-12-02 22:45:33,056 - INFO - Starting from-scratch training...
2025-12-02 22:45:33,057 - INFO - Optimizer: training all model parameters
2025-12-02 22:45:33,058 - INFO - Starting training...
2025-12-02 23:00:53,856 - INFO - Epoch 1/25: LR: 0.000129
2025-12-02 23:00:53,856 - INFO - Epoch 1/25: Train Loss: 6.9086, Val Loss: 6.8331, Val Acc: 0.40%
2025-12-02 23:14:59,446 - INFO - Epoch 2/25: LR: 0.000253
2025-12-02 23:14:59,447 - INFO - Epoch 2/25: Train Loss: 6.8170, Val Loss: 6.6879, Val Acc: 0.48%
