2025-12-15 18:55:01,197 - INFO - Logging initialized. Log file: runs/run_217/training.log
2025-12-15 18:55:01,269 - INFO - Experiment directory: runs/run_217
2025-12-15 18:55:01,271 - INFO - Setting random seeds for reproducibility (seed: 42)...
2025-12-15 18:55:01,325 - INFO - ✅ All seeds set to 42 (deterministic=False)
2025-12-15 18:55:01,780 - INFO - GPU memory cleared at startup. Available: 23.6GB
2025-12-15 18:55:01,782 - INFO - Using device: cuda
2025-12-15 18:55:01,783 - INFO - Training configuration: epochs=15, warmup=1, lr=0.0015
2025-12-15 18:55:01,784 - INFO - VIT configuration: {'type': 'vit', 'img_size': 224, 'patch_size': 16, 'embed_dim': 448, 'depth': 12, 'num_heads': 7, 'mlp_ratio': 4.0, 'num_classes': 1000, 'use_gradient_checkpointing': True}
2025-12-15 18:55:01,785 - INFO - Loading dataset...
2025-12-15 18:55:01,788 - INFO - Starting ImageNet data loading from root: /
2025-12-15 18:55:01,790 - INFO - Resolved root path: /
2025-12-15 18:55:01,791 - INFO - Root path exists: True
2025-12-15 18:55:01,792 - INFO - Root path is dir: True
2025-12-15 18:55:01,803 - INFO - Contents of /: ['/.exec', '/.run', '/.shell', '/.singularity.d', '/.test', '/bin', '/boot', '/dev', '/environment', '/etc', '/home', '/lib', '/lib64', '/media', '/mnt', '/opt', '/proc', '/requirements.txt', '/root', '/run', '/sbin', '/singularity', '/srv', '/sys', '/tmp', '/usr', '/var', '/meta', '/train_set', '/train_set_small', '/val_set', '/val_set_unlabeled']
2025-12-15 18:55:01,804 - INFO - Expected train_dir: /train_set, exists: True
2025-12-15 18:55:01,806 - INFO - Expected val_dir: /val_set, exists: True
2025-12-15 18:55:15,996 - INFO - Loaded ImageNet data from /: train=1281167, val=50000
2025-12-15 18:55:16,337 - INFO - Dataset loaded: train=100000 samples (782 batches), val=50000 samples (391 batches), test=50000 samples (391 batches)
2025-12-15 18:55:21,632 - INFO - Training VIT from scratch
2025-12-15 18:55:21,647 - INFO - Initializing VIT model from scratch...
2025-12-15 18:55:21,648 - INFO - Model architecture: VIT
2025-12-15 18:55:21,650 - INFO - Model config: {'type': 'vit', 'img_size': 224, 'patch_size': 16, 'embed_dim': 448, 'depth': 12, 'num_heads': 7, 'mlp_ratio': 4.0, 'num_classes': 1000, 'use_gradient_checkpointing': True}
2025-12-15 18:55:22,893 - INFO - Model created with random initialization
2025-12-15 18:55:22,895 - INFO - Total parameters: 29,854,376
2025-12-15 18:55:22,895 - INFO - Trainable parameters: 29,854,376
2025-12-15 18:55:22,998 - INFO - Starting from-scratch training...
2025-12-15 18:55:23,000 - INFO - Optimizer: training all model parameters
2025-12-15 18:55:23,003 - INFO - LR Scheduler: cosine with 1 warmup epochs
2025-12-15 18:55:23,004 - INFO - Starting training...
2025-12-15 19:45:38,235 - INFO - Epoch 1/15: LR: 0.001500
2025-12-15 19:45:38,263 - INFO - Epoch 1/15: Train Loss: 6.8510, Val Loss: 6.7194, Val Acc: 0.79%
2025-12-15 20:30:31,009 - INFO - Epoch 2/15: LR: 0.001482
2025-12-15 20:30:31,033 - INFO - Epoch 2/15: Train Loss: 6.8688, Val Loss: 6.7280, Val Acc: 0.50%
