2025-12-13 19:22:47,518 - INFO - Logging initialized. Log file: runs/run_196/training.log
2025-12-13 19:22:47,536 - INFO - Experiment directory: runs/run_196
2025-12-13 19:22:47,538 - INFO - Setting random seeds for reproducibility (seed: 42)...
2025-12-13 19:22:47,750 - INFO - Random seeds set to 42 (deterministic=False)
2025-12-13 19:22:48,022 - INFO - GPU memory cleared at startup. Available: 23.6GB
2025-12-13 19:22:48,024 - INFO - Using device: cuda
2025-12-13 19:22:48,026 - INFO - Training configuration: epochs=50, warmup=3, lr=0.0003
2025-12-13 19:22:48,027 - INFO - SWIN configuration: variant=tiny, use_shifted_window=True, use_relative_bias=True, use_absolute_pos_embed=False, use_hierarchical_merge=False, use_gradient_checkpointing=True
2025-12-13 19:22:48,029 - INFO - SWIN details: embed_dim=96, depths=[2, 2, 6, 2], num_heads=[3, 6, 12, 24], window_size=7
2025-12-13 19:22:48,030 - INFO - Loading dataset...
2025-12-13 19:22:52,944 - INFO - Dataset loaded: train=41667 samples (326 batches), val=8333 samples (66 batches), test=10000 samples (79 batches)
2025-12-13 19:22:57,305 - INFO - Training Swin-Tiny from scratch
2025-12-13 19:22:57,307 - INFO - Initializing model from scratch...
2025-12-13 19:22:57,309 - INFO - Model architecture: Swin-Tiny
2025-12-13 19:22:57,310 - INFO - Model config: embed_dim=96, depths=[2, 2, 6, 2], num_heads=[3, 6, 12, 24], window_size=7, use_shifted_window=True, use_relative_bias=True, use_absolute_pos_embed=False, use_hierarchical_merge=False, use_gradient_checkpointing=True
2025-12-13 19:22:58,307 - INFO - Model created with random initialization
2025-12-13 19:22:58,309 - INFO - Total parameters: 27,596,254
2025-12-13 19:22:58,310 - INFO - Trainable parameters: 27,596,254
2025-12-13 19:22:58,359 - INFO - Starting from-scratch training...
2025-12-13 19:22:58,361 - INFO - Optimizer: training all model parameters
2025-12-13 19:22:58,365 - INFO - LR Scheduler: cosine with 3 warmup epochs
2025-12-13 19:22:58,367 - INFO - Starting training...
2025-12-13 19:29:34,448 - INFO - Epoch 1/50: LR: 0.000102
2025-12-13 19:29:34,451 - INFO - Epoch 1/50: Train Loss: 4.3287, Val Loss: 4.1715, Val Acc: 7.37%
2025-12-13 19:36:01,075 - INFO - Epoch 2/50: LR: 0.000201
2025-12-13 19:36:01,078 - INFO - Epoch 2/50: Train Loss: 3.9500, Val Loss: 3.6261, Val Acc: 15.12%
2025-12-13 19:42:34,221 - INFO - Epoch 3/50: LR: 0.000300
2025-12-13 19:42:34,224 - INFO - Epoch 3/50: Train Loss: 3.5413, Val Loss: 3.3472, Val Acc: 19.62%
2025-12-13 19:49:07,868 - INFO - Epoch 4/50: LR: 0.000300
2025-12-13 19:49:07,870 - INFO - Epoch 4/50: Train Loss: 3.2882, Val Loss: 3.0742, Val Acc: 23.99%
2025-12-13 19:55:42,526 - INFO - Epoch 5/50: LR: 0.000299
2025-12-13 19:56:43,310 - INFO - Epoch 5/50: Train Loss: 3.0078, Val Loss: 2.9026, Val Acc: 27.65%, Test Loss: 2.8980, Test Acc: 27.69%
2025-12-13 20:03:18,091 - INFO - Epoch 6/50: LR: 0.000297
2025-12-13 20:03:18,093 - INFO - Epoch 6/50: Train Loss: 2.7952, Val Loss: 2.7247, Val Acc: 31.42%
