2025-12-02 22:15:16,288 - INFO - Logging initialized. Log file: runs/run_87/training.log
2025-12-02 22:15:16,289 - INFO - Experiment directory: runs/run_87
2025-12-02 22:15:16,289 - INFO - Setting random seeds for reproducibility (seed: 42)...
2025-12-02 22:15:16,402 - INFO - Random seeds set to 42 (deterministic=False)
2025-12-02 22:15:16,403 - INFO - Using device: cuda
2025-12-02 22:15:16,403 - INFO - Training configuration: epochs=25, warmup=4, lr=0.0005
2025-12-02 22:15:16,404 - INFO - Loading dataset...
2025-12-02 22:15:16,406 - INFO - Starting ImageNet data loading from root: /
2025-12-02 22:15:16,406 - INFO - Resolved root path: /
2025-12-02 22:15:16,407 - INFO - Root path exists: True
2025-12-02 22:15:16,407 - INFO - Root path is dir: True
2025-12-02 22:15:16,411 - INFO - Contents of /: ['/.exec', '/.run', '/.shell', '/.singularity.d', '/.test', '/bin', '/boot', '/dev', '/environment', '/etc', '/home', '/lib', '/lib64', '/media', '/mnt', '/opt', '/proc', '/requirements.txt', '/root', '/run', '/sbin', '/singularity', '/srv', '/sys', '/tmp', '/usr', '/var', '/meta', '/train_set', '/train_set_small', '/val_set', '/val_set_unlabeled']
2025-12-02 22:15:16,411 - INFO - Expected train_dir: /train_set, exists: True
2025-12-02 22:15:16,412 - INFO - Expected val_dir: /val_set, exists: True
2025-12-02 22:15:21,804 - INFO - Loaded ImageNet data from /: train=1281167, val=50000
2025-12-02 22:15:21,923 - INFO - Dataset loaded: train=50000 samples (391 batches), val=5000 samples (40 batches), test=5000 samples (40 batches)
2025-12-02 22:15:23,703 - INFO - Training Swin-Tiny from scratch
2025-12-02 22:15:23,703 - INFO - Initializing model from scratch...
2025-12-02 22:15:23,703 - INFO - Model architecture: Swin-Tiny
2025-12-02 22:15:23,703 - INFO - Model config: embed_dim=96, depths=[2, 2, 6, 2], num_heads=[3, 6, 12, 24]
2025-12-02 22:15:24,201 - INFO - Model created with random initialization
2025-12-02 22:15:24,201 - INFO - Total parameters: 28,288,354
2025-12-02 22:15:24,202 - INFO - Trainable parameters: 28,288,354
2025-12-02 22:15:24,510 - INFO - Starting from-scratch training...
2025-12-02 22:15:24,511 - INFO - Optimizer: training all model parameters
2025-12-02 22:15:24,512 - INFO - Starting training...
2025-12-02 22:44:32,026 - WARNING - Experiment interrupted by user
