2025-11-12 16:16:52,587 - INFO - Logging initialized. Log file: runs/run_19/training.log
2025-11-12 16:17:01,691 - INFO - Random seeds set to 42 (deterministic=False)
2025-11-12 16:17:01,691 - INFO - Using device: cpu
2025-11-12 16:17:01,692 - INFO - Loading data...
2025-11-12 16:17:01,693 - INFO - Data datasets/cifar-10-batches-py not found. Downloading CIFAR10 ...
2025-11-12 16:17:16,060 - INFO - Downloaded CIFAR10 to datasets/cifar-10-batches-py
2025-11-12 16:17:18,785 - INFO - Visualizing first batch...
2025-11-12 16:17:18,786 - INFO - Visualizing from DataLoader with 1250 batches
2025-11-12 16:17:19,327 - INFO - Loaded 16 images from dataloader
2025-11-12 16:17:22,208 - INFO - Saved enhanced dataset visualization to runs/run_19/visualization.png
2025-11-12 16:17:22,211 - INFO - Initializing model...
2025-11-12 16:17:22,597 - INFO - Created Swin-Tiny model for validation against pretrained weights.
2025-11-12 16:17:22,598 - INFO - Total parameters: 28,288,354
2025-11-12 16:17:22,602 - INFO - Saved configuration to runs/run_19/config.json
2025-11-12 16:17:22,603 - INFO - Starting model implementation validation...
2025-11-12 16:17:22,976 - INFO - Loading pretrained weights from Hugging Face hub (timm/swin_tiny_patch4_window7_224.ms_in1k)
2025-11-12 16:17:23,209 - INFO - HTTP Request: HEAD https://huggingface.co/timm/swin_tiny_patch4_window7_224.ms_in1k/resolve/main/model.safetensors "HTTP/1.1 302 Found"
2025-11-12 16:17:23,529 - INFO - HTTP Request: GET https://huggingface.co/api/models/timm/swin_tiny_patch4_window7_224.ms_in1k/xet-read-token/4cc3a7275b50b53a7bec45f32c236ebe64227cff "HTTP/1.1 200 OK"
2025-11-12 16:17:25,860 - INFO - [timm/swin_tiny_patch4_window7_224.ms_in1k] Safe alternative available for 'pytorch_model.bin' (as 'model.safetensors'). Loading weights using safetensors.
2025-11-12 16:17:26,006 - INFO - Loaded pretrained model: swin_tiny_patch4_window7_224 from timm.
2025-11-12 16:17:26,011 - INFO - Transferring weights from pretrained to custom model...
2025-11-12 16:17:26,025 - INFO - Weight transfer: 173 layers transferred.
2025-11-12 16:17:26,026 - INFO - Weight transfer completed: {'transferred': 173, 'missing': 0, 'size_mismatches': 0}
2025-11-12 16:17:26,027 - INFO - Using subset of 1000 samples for validation
