2025-12-23 00:40:39,555 - INFO - Logging initialized. Log file: runs/run_236/training.log
2025-12-23 00:40:39,589 - INFO - Experiment directory: runs/run_236
2025-12-23 00:40:39,591 - INFO - Setting random seeds for reproducibility (seed: 42)...
2025-12-23 00:40:39,651 - INFO - ✅ All seeds set to 42 (deterministic=False)
2025-12-23 00:40:40,105 - INFO - GPU memory cleared at startup. Available: 23.6GB
2025-12-23 00:40:40,107 - INFO - Using device: cuda
2025-12-23 00:40:40,108 - INFO - Training configuration: epochs=40, warmup=3, lr=0.0005
2025-12-23 00:40:40,109 - INFO - RESNET configuration: {'type': 'resnet', 'layers': [3, 4, 6, 3], 'num_classes': 1000, 'use_gradient_checkpointing': True}
2025-12-23 00:40:40,110 - INFO - Loading dataset...
2025-12-23 00:40:40,113 - INFO - Starting ImageNet data loading from root: /
2025-12-23 00:40:40,115 - INFO - Resolved root path: /
2025-12-23 00:40:40,116 - INFO - Root path exists: True
2025-12-23 00:40:40,117 - INFO - Root path is dir: True
2025-12-23 00:40:40,125 - INFO - Contents of /: ['/.exec', '/.run', '/.shell', '/.singularity.d', '/.test', '/bin', '/boot', '/dev', '/environment', '/etc', '/home', '/lib', '/lib64', '/media', '/mnt', '/opt', '/proc', '/requirements.txt', '/root', '/run', '/sbin', '/singularity', '/srv', '/sys', '/tmp', '/usr', '/var', '/meta', '/train_set', '/train_set_small', '/val_set', '/val_set_unlabeled']
2025-12-23 00:40:40,126 - INFO - Expected train_dir: /train_set, exists: True
2025-12-23 00:40:40,127 - INFO - Expected val_dir: /val_set, exists: True
2025-12-23 00:41:01,200 - INFO - Loaded ImageNet data from /: train=1281167, val=50000
2025-12-23 00:41:01,578 - INFO - Dataset loaded: train=100000 samples (782 batches), val=50000 samples (391 batches), test=50000 samples (391 batches)
2025-12-23 00:41:06,890 - INFO - Training RESNET from scratch
2025-12-23 00:41:06,938 - INFO - Initializing RESNET model from scratch...
2025-12-23 00:41:06,940 - INFO - Model architecture: RESNET
2025-12-23 00:41:06,941 - INFO - Model config: {'type': 'resnet', 'layers': [3, 4, 6, 3], 'num_classes': 1000, 'use_gradient_checkpointing': True}
2025-12-23 00:41:08,256 - INFO - Model created with random initialization
2025-12-23 00:41:08,258 - INFO - Total parameters: 25,557,032
2025-12-23 00:41:08,260 - INFO - Trainable parameters: 25,557,032
2025-12-23 00:41:08,363 - INFO - Starting from-scratch training...
2025-12-23 00:41:08,365 - INFO - Optimizer: training all model parameters
2025-12-23 00:41:08,369 - INFO - LR Scheduler: cosine with 3 warmup epochs
2025-12-23 00:41:08,371 - INFO - Starting training...
2025-12-23 01:25:02,886 - INFO - Epoch 1/40: LR: 0.000170
2025-12-23 01:25:02,928 - INFO - Epoch 1/40: Train Loss: 6.9438, Val Loss: 6.8894, Val Acc: 0.15%
2025-12-23 02:06:09,796 - INFO - Epoch 2/40: LR: 0.000335
2025-12-23 02:06:09,798 - INFO - Epoch 2/40: Train Loss: 6.8424, Val Loss: 6.5979, Val Acc: 0.71%
2025-12-23 02:47:34,702 - INFO - Epoch 3/40: LR: 0.000500
2025-12-23 02:47:34,704 - INFO - Epoch 3/40: Train Loss: 6.4632, Val Loss: 6.3656, Val Acc: 1.28%
2025-12-23 03:28:32,996 - INFO - Epoch 4/40: LR: 0.000499
2025-12-23 03:28:33,312 - INFO - Epoch 4/40: Train Loss: 6.1930, Val Loss: 5.9720, Val Acc: 2.17%
2025-12-23 04:09:46,142 - INFO - Epoch 5/40: LR: 0.000497
2025-12-23 04:23:33,581 - INFO - Epoch 5/40: Train Loss: 5.9204, Val Loss: 5.7210, Val Acc: 4.19%, Test Loss: 5.7210, Test Acc: 4.19%
2025-12-23 05:04:18,810 - INFO - Epoch 6/40: LR: 0.000493
2025-12-23 05:04:18,815 - INFO - Epoch 6/40: Train Loss: 5.6887, Val Loss: 5.4218, Val Acc: 5.42%
2025-12-23 05:45:20,389 - INFO - Epoch 7/40: LR: 0.000487
2025-12-23 05:45:20,392 - INFO - Epoch 7/40: Train Loss: 5.4945, Val Loss: 5.2791, Val Acc: 6.54%
2025-12-23 06:26:17,133 - INFO - Epoch 8/40: LR: 0.000480
2025-12-23 06:26:17,139 - INFO - Epoch 8/40: Train Loss: 5.2796, Val Loss: 5.0066, Val Acc: 9.09%
2025-12-23 07:07:17,245 - INFO - Epoch 9/40: LR: 0.000471
2025-12-23 07:07:17,247 - INFO - Epoch 9/40: Train Loss: 5.0795, Val Loss: 4.8462, Val Acc: 10.61%
2025-12-23 07:47:58,541 - INFO - Epoch 10/40: LR: 0.000461
2025-12-23 08:01:48,895 - INFO - Epoch 10/40: Train Loss: 4.8939, Val Loss: 4.4922, Val Acc: 13.28%, Test Loss: 4.4922, Test Acc: 13.28%
2025-12-23 08:01:48,898 - INFO - Saving checkpoint for epoch 10...
2025-12-23 08:01:50,206 - INFO - ✅ Checkpoint saved: runs/run_236/checkpoint_epoch_10.pth
2025-12-23 08:42:18,316 - INFO - Epoch 11/40: LR: 0.000450
2025-12-23 08:42:18,350 - INFO - Epoch 11/40: Train Loss: 4.6954, Val Loss: 4.3994, Val Acc: 14.24%
2025-12-23 09:22:39,633 - INFO - Epoch 12/40: LR: 0.000437
2025-12-23 09:22:39,636 - INFO - Epoch 12/40: Train Loss: 4.5430, Val Loss: 4.2375, Val Acc: 16.97%
2025-12-23 10:03:26,737 - INFO - Epoch 13/40: LR: 0.000424
2025-12-23 10:03:26,744 - INFO - Epoch 13/40: Train Loss: 4.3768, Val Loss: 3.9432, Val Acc: 20.61%
2025-12-23 10:44:12,047 - INFO - Epoch 14/40: LR: 0.000409
2025-12-23 10:44:12,079 - INFO - Epoch 14/40: Train Loss: 4.2082, Val Loss: 3.8177, Val Acc: 22.25%
