2025-11-23 11:31:23,753 - INFO - Logging initialized. Log file: runs/run_44/training.log
2025-11-23 11:31:23,755 - INFO - Experiment directory: runs/run_44
2025-11-23 11:31:23,939 - INFO - Setting random seeds for reproducibility (seed: 42)...
2025-11-23 11:31:24,040 - INFO - Random seeds set to 42 (deterministic=False)
2025-11-23 11:31:24,184 - INFO - Setting up device...
2025-11-23 11:31:24,188 - INFO - Using device: cuda
2025-11-23 11:31:24,214 - INFO - Using device: cuda
2025-11-23 11:31:24,216 - INFO - Training configuration: epochs=50, warmup=2, lr=0.001
2025-11-23 11:31:24,217 - INFO - Using pretrained model: swin_tiny_patch4_window7_224
2025-11-23 11:31:24,219 - INFO - Model architecture: Swin-Tiny
2025-11-23 11:31:24,220 - INFO - Model config: embed_dim=96, depths=[2, 2, 6, 2], num_heads=[3, 6, 12, 24]
2025-11-23 11:31:24,221 - INFO - Image size: 224x224, patch_size: 4x4
2025-11-23 11:31:24,223 - INFO - Loading dataset...
2025-11-23 11:31:27,024 - INFO - Dataset loaded: train=1303, val=261, test=313 batches
2025-11-23 11:31:27,025 - INFO - Initializing reference model...
2025-11-23 11:31:27,027 - INFO - Loading TIMM model: swin_tiny_patch4_window7_224 with pretrained weights
2025-11-23 11:31:27,511 - INFO - Loading pretrained weights from Hugging Face hub (timm/swin_tiny_patch4_window7_224.ms_in1k)
2025-11-23 11:31:27,765 - INFO - HTTP Request: HEAD https://huggingface.co/timm/swin_tiny_patch4_window7_224.ms_in1k/resolve/main/model.safetensors "HTTP/1.1 302 Found"
2025-11-23 11:31:27,814 - INFO - [timm/swin_tiny_patch4_window7_224.ms_in1k] Safe alternative available for 'pytorch_model.bin' (as 'model.safetensors'). Loading weights using safetensors.
2025-11-23 11:31:28,762 - INFO - Successfully loaded swin_tiny_patch4_window7_224 from TIMM
2025-11-23 11:31:28,764 - INFO - Encoder loaded: 768 output features
2025-11-23 11:31:28,766 - INFO - Created classification head: 768 -> 100 classes
2025-11-23 11:31:28,768 - INFO - Reference model created. Trainable params (head only): 78,436
2025-11-23 11:31:29,001 - INFO - Detected Swin Transformer architecture
2025-11-23 11:31:29,003 - INFO - Extracting model size from TIMM model name...
2025-11-23 11:31:29,004 - INFO - Detected model size: tiny
2025-11-23 11:31:29,006 - INFO - Will create custom model with: {'embed_dim': 96, 'depths': [2, 2, 6, 2], 'num_heads': [3, 6, 12, 24]}
2025-11-23 11:31:29,008 - INFO - Initializing custom Swin model (size: tiny)...
2025-11-23 11:31:29,009 - INFO - Custom model will match architecture: embed_dim=96, depths=[2, 2, 6, 2], num_heads=[3, 6, 12, 24]
2025-11-23 11:31:29,339 - INFO - Transferring weights from reference to custom encoder...
2025-11-23 11:31:29,341 - INFO - Weight transfer: SwinTransformer -> SwinTransformerModel
2025-11-23 11:31:29,356 - INFO - Weight transfer: 169 layers transferred.
2025-11-23 11:31:29,375 - INFO - Weight transfer completed: {'transferred': 169, 'missing': 0, 'size_mismatches': 0}
2025-11-23 11:31:29,377 - INFO - ✓ All expected weights transferred successfully
2025-11-23 11:31:29,379 - INFO - Custom model created. Trainable params (head only): 78,436
2025-11-23 11:31:29,382 - INFO - Starting reference model training...
2025-11-23 11:31:29,384 - INFO - Starting training...
2025-11-23 11:33:40,173 - INFO - Epoch 1/50: LR: 0.000550
2025-11-23 11:33:40,175 - INFO - Epoch 1/50: Train Loss: 3.5903, Val Loss: 2.5830, Val Acc: 60.75%
2025-11-23 11:35:47,595 - INFO - Epoch 2/50: LR: 0.001000
2025-11-23 11:35:47,602 - INFO - Epoch 2/50: Train Loss: 1.4175, Val Loss: 1.0003, Val Acc: 71.50%
2025-11-23 11:37:55,221 - INFO - Epoch 3/50: LR: 0.000999
2025-11-23 11:37:55,224 - INFO - Epoch 3/50: Train Loss: 0.9360, Val Loss: 0.8710, Val Acc: 74.08%
2025-11-23 11:40:03,191 - INFO - Epoch 4/50: LR: 0.000996
2025-11-23 11:40:03,209 - INFO - Epoch 4/50: Train Loss: 0.7888, Val Loss: 0.8365, Val Acc: 75.23%
2025-11-23 11:42:10,663 - INFO - Epoch 5/50: LR: 0.000990
2025-11-23 11:42:55,055 - INFO - Epoch 5/50: Train Loss: 0.7097, Val Loss: 0.8237, Val Acc: 75.75%, Test Loss: 0.8227, Test Acc: 75.94%
2025-11-23 11:45:02,697 - INFO - Epoch 6/50: LR: 0.000983
2025-11-23 11:45:02,699 - INFO - Epoch 6/50: Train Loss: 0.6571, Val Loss: 0.8189, Val Acc: 76.35%
2025-11-23 11:47:10,095 - INFO - Epoch 7/50: LR: 0.000973
2025-11-23 11:47:10,108 - INFO - Epoch 7/50: Train Loss: 0.6135, Val Loss: 0.8234, Val Acc: 76.04%
2025-11-23 11:49:17,599 - INFO - Epoch 8/50: LR: 0.000962
2025-11-23 11:49:17,601 - INFO - Epoch 8/50: Train Loss: 0.5847, Val Loss: 0.8244, Val Acc: 76.56%
2025-11-23 11:51:25,255 - INFO - Epoch 9/50: LR: 0.000948
2025-11-23 11:51:25,257 - INFO - Epoch 9/50: Train Loss: 0.5597, Val Loss: 0.8284, Val Acc: 76.34%
2025-11-23 11:53:33,051 - INFO - Epoch 10/50: LR: 0.000933
2025-11-23 11:53:33,053 - INFO - Early stopping triggered at epoch 10.
2025-11-23 11:53:33,054 - INFO - Training completed!
2025-11-23 11:53:33,056 - INFO - Reference model training completed!
2025-11-23 11:53:33,058 - INFO - Generating training curves...
2025-11-23 11:53:35,592 - INFO - Training curves saved as separate images with base name 'runs/run_44/training_curves_reference'
2025-11-23 11:53:35,594 - INFO - Generating confusion matrix on test set...
2025-11-23 11:54:31,607 - INFO - Performing final evaluation of reference model on test set...
2025-11-23 11:55:15,874 - INFO - Final Test Results of reference model: Loss: 0.8394, Accuracy: 76.43%
2025-11-23 11:55:15,876 - INFO - Generating LR schedule plot of reference model...
2025-11-23 11:55:16,200 - INFO - LR schedule plot saved to 'runs/run_44/lr_schedule_reference.png'
2025-11-23 11:55:16,202 - INFO - 
Final Test Results:
2025-11-23 11:55:16,203 - INFO - Loss: 0.8394
2025-11-23 11:55:16,205 - INFO - Accuracy: 76.43%
2025-11-23 11:55:16,207 - INFO - Precision: 76.99%
2025-11-23 11:55:16,209 - INFO - Recall: 76.43%
2025-11-23 11:55:16,211 - INFO - F1 Score: 76.43%
2025-11-23 11:55:16,221 - INFO - Experiment completed. Results saved to runs/run_44/results_reference.json
2025-11-23 11:55:16,225 - INFO - Experiment completed. Metadata saved to runs/run_44/metadata_reference.json
2025-11-23 11:55:16,507 - INFO - ✅ Model weights saved: trained_models/CIFAR100_final_model_reference_weights.pth
2025-11-23 11:55:16,509 - INFO - Starting custom model training...
2025-11-23 11:55:16,511 - INFO - Starting training...
2025-11-23 11:57:25,814 - INFO - Epoch 1/50: LR: 0.000550
2025-11-23 11:57:25,816 - INFO - Epoch 1/50: Train Loss: 3.5711, Val Loss: 2.5400, Val Acc: 60.30%
2025-11-23 11:59:34,810 - INFO - Epoch 2/50: LR: 0.001000
2025-11-23 11:59:34,835 - INFO - Epoch 2/50: Train Loss: 1.4230, Val Loss: 0.9990, Val Acc: 71.19%
2025-11-23 12:01:43,614 - INFO - Epoch 3/50: LR: 0.000999
2025-11-23 12:01:43,616 - INFO - Epoch 3/50: Train Loss: 0.9438, Val Loss: 0.8773, Val Acc: 74.03%
2025-11-23 12:03:52,340 - INFO - Epoch 4/50: LR: 0.000996
2025-11-23 12:03:52,359 - INFO - Epoch 4/50: Train Loss: 0.7957, Val Loss: 0.8216, Val Acc: 75.88%
2025-11-23 12:06:00,871 - INFO - Epoch 5/50: LR: 0.000990
2025-11-23 12:06:45,117 - INFO - Epoch 5/50: Train Loss: 0.7156, Val Loss: 0.8071, Val Acc: 76.08%, Test Loss: 0.8044, Test Acc: 76.42%
2025-11-23 12:08:53,687 - INFO - Epoch 6/50: LR: 0.000983
2025-11-23 12:08:53,689 - INFO - Epoch 6/50: Train Loss: 0.6618, Val Loss: 0.8187, Val Acc: 76.11%
2025-11-23 12:11:02,475 - INFO - Epoch 7/50: LR: 0.000973
2025-11-23 12:11:02,477 - INFO - Epoch 7/50: Train Loss: 0.6182, Val Loss: 0.8204, Val Acc: 76.19%
2025-11-23 12:13:11,078 - INFO - Epoch 8/50: LR: 0.000962
2025-11-23 12:13:11,079 - INFO - Epoch 8/50: Train Loss: 0.5847, Val Loss: 0.8183, Val Acc: 76.40%
2025-11-23 12:15:19,914 - INFO - Epoch 9/50: LR: 0.000948
2025-11-23 12:15:19,935 - INFO - Epoch 9/50: Train Loss: 0.5612, Val Loss: 0.8318, Val Acc: 76.34%
2025-11-23 12:17:28,951 - INFO - Epoch 10/50: LR: 0.000933
2025-11-23 12:17:28,953 - INFO - Early stopping triggered at epoch 10.
2025-11-23 12:17:28,955 - INFO - Training completed!
2025-11-23 12:17:28,957 - INFO - Custom model training completed!
2025-11-23 12:17:28,959 - INFO - Generating training curves...
2025-11-23 12:17:30,773 - INFO - Training curves saved as separate images with base name 'runs/run_44/training_curves_custom'
2025-11-23 12:17:30,775 - INFO - Generating confusion matrix on test set...
2025-11-23 12:18:26,783 - INFO - Performing final evaluation of custom model on test set...
2025-11-23 12:19:10,570 - INFO - Final Test Results of custom model: Loss: 0.8269, Accuracy: 76.36%
2025-11-23 12:19:10,571 - INFO - Generating LR schedule plot of custom model...
2025-11-23 12:19:10,895 - INFO - LR schedule plot saved to 'runs/run_44/lr_schedule_custom.png'
2025-11-23 12:19:10,897 - INFO - 
Final Test Results:
2025-11-23 12:19:10,899 - INFO - Loss: 0.8269
2025-11-23 12:19:10,900 - INFO - Accuracy: 76.36%
2025-11-23 12:19:10,901 - INFO - Precision: 76.73%
2025-11-23 12:19:10,903 - INFO - Recall: 76.36%
2025-11-23 12:19:10,904 - INFO - F1 Score: 76.31%
2025-11-23 12:19:10,915 - INFO - Experiment completed. Results saved to runs/run_44/results_custom.json
2025-11-23 12:19:10,919 - INFO - Experiment completed. Metadata saved to runs/run_44/metadata_custom.json
2025-11-23 12:19:11,241 - INFO - ✅ Model weights saved: trained_models/CIFAR100_final_model_custom_weights.pth
2025-11-23 12:19:11,242 - INFO - === MODEL COMPARISON RESULTS (Linear Probing on CIFAR-100) ===
2025-11-23 12:19:11,244 - INFO - Reference (HF): 76.43%
2025-11-23 12:19:11,245 - INFO - Custom        : 76.36%
2025-11-23 12:19:11,247 - INFO - Difference    : 0.07% (custom - reference)
2025-11-23 12:19:11,249 - INFO - Linear probing experiment completed successfully!
