2025-12-14 15:21:05,708 - INFO - Logging initialized. Log file: runs/run_207/training.log
2025-12-14 15:21:05,758 - INFO - Experiment directory: runs/run_207
2025-12-14 15:21:05,760 - INFO - Setting random seeds for reproducibility (seed: 42)...
2025-12-14 15:21:05,781 - INFO - ✅ All seeds set to 42 (deterministic=False)
2025-12-14 15:21:06,124 - INFO - GPU memory cleared at startup. Available: 11.6GB
2025-12-14 15:21:06,126 - INFO - Using device: cuda
2025-12-14 15:21:06,127 - INFO - Training configuration: epochs=15, warmup=1, lr=0.0015
2025-12-14 15:21:06,128 - INFO - VIT configuration: {'type': 'vit', 'img_size': 224, 'patch_size': 16, 'embed_dim': 448, 'depth': 12, 'num_heads': 7, 'mlp_ratio': 4.0, 'num_classes': 1000, 'use_gradient_checkpointing': True}
2025-12-14 15:21:06,130 - INFO - Loading dataset...
2025-12-14 15:21:06,133 - INFO - Starting ImageNet data loading from root: /
2025-12-14 15:21:06,134 - INFO - Resolved root path: /
2025-12-14 15:21:06,136 - INFO - Root path exists: True
2025-12-14 15:21:06,137 - INFO - Root path is dir: True
2025-12-14 15:21:06,147 - INFO - Contents of /: ['/.exec', '/.run', '/.shell', '/.singularity.d', '/.test', '/bin', '/boot', '/dev', '/environment', '/etc', '/home', '/lib', '/lib64', '/media', '/mnt', '/opt', '/proc', '/requirements.txt', '/root', '/run', '/sbin', '/singularity', '/srv', '/sys', '/tmp', '/usr', '/var', '/meta', '/train_set', '/train_set_small', '/val_set', '/val_set_unlabeled']
2025-12-14 15:21:06,149 - INFO - Expected train_dir: /train_set, exists: True
2025-12-14 15:21:06,150 - INFO - Expected val_dir: /val_set, exists: True
2025-12-14 15:21:20,437 - INFO - Loaded ImageNet data from /: train=1281167, val=50000
2025-12-14 15:21:20,776 - INFO - Dataset loaded: train=100000 samples (447 batches), val=50000 samples (224 batches), test=50000 samples (224 batches)
2025-12-14 15:21:24,929 - INFO - Training VIT from scratch
2025-12-14 15:21:24,967 - INFO - Initializing VIT model from scratch...
2025-12-14 15:21:24,968 - INFO - Model architecture: VIT
2025-12-14 15:21:24,969 - INFO - Model config: {'type': 'vit', 'img_size': 224, 'patch_size': 16, 'embed_dim': 448, 'depth': 12, 'num_heads': 7, 'mlp_ratio': 4.0, 'num_classes': 1000, 'use_gradient_checkpointing': True}
2025-12-14 15:21:26,191 - INFO - Model created with random initialization
2025-12-14 15:21:26,192 - INFO - Total parameters: 29,854,376
2025-12-14 15:21:26,193 - INFO - Trainable parameters: 29,854,376
2025-12-14 15:21:26,271 - INFO - Starting from-scratch training...
2025-12-14 15:21:26,272 - INFO - Optimizer: training all model parameters
2025-12-14 15:21:26,275 - INFO - LR Scheduler: cosine with 1 warmup epochs
2025-12-14 15:21:26,276 - INFO - Starting training...
2025-12-14 16:12:41,360 - INFO - Epoch 1/15: LR: 0.001500
2025-12-14 16:12:43,195 - INFO - Epoch 1/15: Train Loss: 6.8648, Val Loss: 6.7476, Val Acc: 0.75%
2025-12-14 16:57:19,811 - INFO - Epoch 2/15: LR: 0.001482
2025-12-14 16:57:19,843 - INFO - Epoch 2/15: Train Loss: 6.8089, Val Loss: 6.5795, Val Acc: 0.84%
2025-12-14 17:42:47,038 - INFO - Epoch 3/15: LR: 0.001431
2025-12-14 17:42:47,081 - INFO - Epoch 3/15: Train Loss: 6.7273, Val Loss: 6.6847, Val Acc: 0.56%
2025-12-14 18:26:35,425 - INFO - Epoch 4/15: LR: 0.001347
2025-12-14 18:26:35,434 - INFO - Epoch 4/15: Train Loss: 6.7736, Val Loss: 6.7099, Val Acc: 0.54%
2025-12-14 19:10:56,759 - INFO - Epoch 5/15: LR: 0.001236
2025-12-14 19:25:09,246 - INFO - Epoch 5/15: Train Loss: 6.7708, Val Loss: 6.7414, Val Acc: 0.55%, Test Loss: 6.7414, Test Acc: 0.55%
2025-12-14 20:09:59,006 - INFO - Epoch 6/15: LR: 0.001104
2025-12-14 20:09:59,030 - INFO - Epoch 6/15: Train Loss: 6.7435, Val Loss: 6.6278, Val Acc: 0.78%
