2025-11-19 21:25:42,605 - INFO - Logging initialized. Log file: runs/run_55/training.log
2025-11-19 21:25:42,832 - INFO - Random seeds set to 42 (deterministic=False)
2025-11-19 21:25:42,833 - INFO - Using device: cuda
2025-11-19 21:25:42,833 - INFO - Loading data...
2025-11-19 21:25:45,303 - INFO - Visualizing first batch...
2025-11-19 21:25:45,304 - INFO - Visualizing from DataLoader with 1303 batches
2025-11-19 21:25:46,135 - INFO - Loaded 16 images from dataloader
2025-11-19 21:25:49,382 - INFO - Saved enhanced dataset visualization to runs/run_55/visualization.png
2025-11-19 21:25:49,383 - INFO - Initializing model...
2025-11-19 21:25:49,878 - INFO - Created SwinTransformerModel for CIFAR-100 training.
2025-11-19 21:25:49,905 - INFO - Model moved to device: cuda
2025-11-19 21:25:49,906 - INFO - Patch embed proj device: cuda:0
2025-11-19 21:25:49,907 - INFO - Encoder first layer device: cuda:0
2025-11-19 21:25:49,907 - INFO - Head device: cuda:0
2025-11-19 21:25:49,908 - INFO - Transferring weights from pretrained to custom model...
2025-11-19 21:25:50,334 - INFO - Loading pretrained weights from Hugging Face hub (timm/swin_tiny_patch4_window7_224.ms_in1k)
2025-11-19 21:25:50,572 - INFO - HTTP Request: HEAD https://huggingface.co/timm/swin_tiny_patch4_window7_224.ms_in1k/resolve/main/model.safetensors "HTTP/1.1 302 Found"
2025-11-19 21:25:50,599 - INFO - [timm/swin_tiny_patch4_window7_224.ms_in1k] Safe alternative available for 'pytorch_model.bin' (as 'model.safetensors'). Loading weights using safetensors.
2025-11-19 21:25:50,747 - INFO - Loaded pretrained model: swin_tiny_patch4_window7_224 from timm.
2025-11-19 21:25:50,773 - INFO - Weight transfer: 169 layers transferred.
2025-11-19 21:25:50,776 - INFO - Weight transfer completed: {'transferred': 169, 'missing': 0, 'size_mismatches': 0}
2025-11-19 21:25:50,777 - INFO - After transfer - Patch embed proj device: cuda:0
2025-11-19 21:25:50,777 - INFO - After transfer - Encoder first layer device: cuda:0
2025-11-19 21:25:50,778 - INFO - Total parameters: 78,436
2025-11-19 21:25:50,799 - INFO - Saved configuration to runs/run_55/config.json
2025-11-19 21:25:50,800 - INFO - Starting training...
2025-11-19 21:27:18,191 - INFO - Epoch 1/50: Train Loss: 1.5417, Val Loss: 0.9531, Val Acc: 72.07%
2025-11-19 21:28:42,937 - INFO - Epoch 2/50: Train Loss: 0.8872, Val Loss: 0.8548, Val Acc: 74.76%
2025-11-19 21:30:07,662 - INFO - Epoch 3/50: Train Loss: 0.7777, Val Loss: 0.8224, Val Acc: 75.72%
2025-11-19 21:31:32,268 - INFO - Epoch 4/50: Train Loss: 0.7146, Val Loss: 0.8113, Val Acc: 76.08%
2025-11-19 21:33:25,717 - INFO - Epoch 5/50: Train Loss: 0.6756, Val Loss: 0.7987, Val Acc: 76.58%, Test Loss: 0.7973, Test Acc: 76.57%
2025-11-19 21:34:50,690 - INFO - Epoch 6/50: Train Loss: 0.6437, Val Loss: 0.8022, Val Acc: 76.36%
2025-11-19 21:36:15,389 - INFO - Epoch 7/50: Train Loss: 0.6133, Val Loss: 0.8059, Val Acc: 76.30%
2025-11-19 21:37:39,868 - INFO - Epoch 8/50: Train Loss: 0.5967, Val Loss: 0.7949, Val Acc: 76.50%
2025-11-19 21:39:04,701 - INFO - Epoch 9/50: Train Loss: 0.5771, Val Loss: 0.7971, Val Acc: 76.54%
2025-11-19 21:40:29,259 - INFO - Early stopping triggered at epoch 10.
2025-11-19 21:40:29,260 - INFO - Training completed!
2025-11-19 21:40:29,261 - INFO - Starting model implementation validation...
2025-11-19 21:40:29,635 - INFO - Loading pretrained weights from Hugging Face hub (timm/swin_tiny_patch4_window7_224.ms_in1k)
2025-11-19 21:40:29,773 - INFO - HTTP Request: HEAD https://huggingface.co/timm/swin_tiny_patch4_window7_224.ms_in1k/resolve/main/model.safetensors "HTTP/1.1 302 Found"
2025-11-19 21:40:29,802 - INFO - [timm/swin_tiny_patch4_window7_224.ms_in1k] Safe alternative available for 'pytorch_model.bin' (as 'model.safetensors'). Loading weights using safetensors.
2025-11-19 21:40:29,944 - INFO - Loaded pretrained model: swin_tiny_patch4_window7_224 from timm.
2025-11-19 21:40:29,964 - INFO - Replaced TIMM head with LinearClassificationHead: 768 -> 100 classes
2025-11-19 21:40:29,965 - INFO - Both models loaded with ImageNet pretrained encoder weights
2025-11-19 21:40:29,965 - INFO - Custom model: weights loaded during main training
2025-11-19 21:40:29,966 - INFO - TIMM model: weights loaded with pretrained=True
2025-11-19 21:40:29,966 - INFO - Training TIMM model's linear head...
2025-11-19 21:40:29,967 - INFO - Training linear head for 10 epochs...
2025-11-19 21:40:29,968 - INFO - Training 78,436 parameters in linear head
2025-11-19 21:40:30,128 - INFO - Debug - Input shape: torch.Size([32, 3, 224, 224]), Label shape: torch.Size([32])
