2025-11-03 20:47:00,760 - src.utils.seeds - INFO - Random seeds set to 42 (deterministic=False)
2025-11-03 20:47:00,760 - __main__ - INFO - Using device: cuda
2025-11-03 20:47:00,760 - __main__ - INFO - Loading data...
2025-11-03 20:47:00,876 - __main__ - INFO - Visualizing first batch...
2025-11-03 20:47:01,752 - src.utils.visualization - INFO - Saved raw dataset visualization to visualization.png
2025-11-03 20:47:01,754 - __main__ - INFO - Initializing model...
2025-11-03 20:47:01,871 - __main__ - INFO - Model architecture: Input(3072) -> Hidden[512, 256, 128] -> Output(10)
2025-11-03 20:47:01,871 - __main__ - INFO - Total parameters: 1,740,682
2025-11-03 20:47:01,871 - __main__ - INFO - Starting training...
2025-11-03 20:47:05,871 - __main__ - INFO - Epoch 1/20: Train Loss: 1.8259, Val Loss: 1.5720, Val Acc: 44.69%
2025-11-03 20:47:09,538 - __main__ - INFO - Epoch 2/20: Train Loss: 1.6040, Val Loss: 1.5372, Val Acc: 45.14%
2025-11-03 20:47:13,346 - __main__ - INFO - Epoch 3/20: Train Loss: 1.5319, Val Loss: 1.4500, Val Acc: 48.29%
2025-11-03 20:47:17,041 - __main__ - INFO - Epoch 4/20: Train Loss: 1.4870, Val Loss: 1.4374, Val Acc: 48.46%
2025-11-03 20:47:22,063 - __main__ - INFO - Epoch 5/20: Train Loss: 1.4494, Val Loss: 1.4138, Val Acc: 49.89%, Test Loss: 1.3993, Test Acc: 50.33%
2025-11-03 20:47:25,709 - __main__ - INFO - Epoch 6/20: Train Loss: 1.4132, Val Loss: 1.3916, Val Acc: 50.48%
2025-11-03 20:47:29,360 - __main__ - INFO - Epoch 7/20: Train Loss: 1.3920, Val Loss: 1.3801, Val Acc: 50.39%
2025-11-03 20:47:32,968 - __main__ - INFO - Epoch 8/20: Train Loss: 1.3660, Val Loss: 1.3954, Val Acc: 50.58%
2025-11-03 20:47:36,604 - __main__ - INFO - Epoch 9/20: Train Loss: 1.3343, Val Loss: 1.3755, Val Acc: 51.36%
2025-11-03 20:47:49,072 - INFO - Random seeds set to 42 (deterministic=False)
2025-11-03 20:47:49,072 - INFO - Using device: cuda
2025-11-03 20:47:49,072 - INFO - Loading data...
2025-11-03 20:47:49,190 - INFO - Visualizing first batch...
2025-11-03 20:47:50,034 - INFO - Saved raw dataset visualization to visualization.png
2025-11-03 20:47:50,034 - INFO - Initializing model...
2025-11-03 20:47:50,153 - INFO - Model architecture: Input(3072) -> Hidden[512, 256, 128] -> Output(10)
2025-11-03 20:47:50,153 - INFO - Total parameters: 1,740,682
2025-11-03 20:47:50,153 - INFO - Starting training...
2025-11-03 20:47:54,066 - INFO - Epoch 1/20: Train Loss: 1.8259, Val Loss: 1.5720, Val Acc: 44.69%
2025-11-03 20:47:57,585 - INFO - Epoch 2/20: Train Loss: 1.6040, Val Loss: 1.5372, Val Acc: 45.14%
2025-11-03 20:48:01,111 - INFO - Epoch 3/20: Train Loss: 1.5319, Val Loss: 1.4500, Val Acc: 48.29%
2025-11-03 20:48:04,758 - INFO - Epoch 4/20: Train Loss: 1.4870, Val Loss: 1.4374, Val Acc: 48.46%
2025-11-03 20:48:09,378 - INFO - Epoch 5/20: Train Loss: 1.4494, Val Loss: 1.4138, Val Acc: 49.89%, Test Loss: 1.3993, Test Acc: 50.33%
2025-11-03 20:48:12,915 - INFO - Epoch 6/20: Train Loss: 1.4132, Val Loss: 1.3916, Val Acc: 50.48%
2025-11-03 20:48:16,451 - INFO - Epoch 7/20: Train Loss: 1.3920, Val Loss: 1.3801, Val Acc: 50.39%
2025-11-03 20:48:19,979 - INFO - Epoch 8/20: Train Loss: 1.3660, Val Loss: 1.3954, Val Acc: 50.58%
2025-11-03 20:48:23,663 - INFO - Epoch 9/20: Train Loss: 1.3343, Val Loss: 1.3755, Val Acc: 51.36%
2025-11-03 20:48:28,401 - INFO - Epoch 10/20: Train Loss: 1.3215, Val Loss: 1.3644, Val Acc: 51.45%, Test Loss: 1.3611, Test Acc: 51.42%
2025-11-03 20:48:28,402 - INFO - Saving checkpoint for epoch 10...
2025-11-03 20:48:28,440 - INFO - ✅ Checkpoint saved: checkpoints/checkpoint_epoch_10.pth
2025-11-03 20:48:32,213 - INFO - Epoch 11/20: Train Loss: 1.3014, Val Loss: 1.3789, Val Acc: 51.12%
2025-11-03 20:48:36,174 - INFO - Epoch 12/20: Train Loss: 1.2777, Val Loss: 1.3276, Val Acc: 53.37%
2025-11-03 20:48:39,810 - INFO - Epoch 13/20: Train Loss: 1.2638, Val Loss: 1.4491, Val Acc: 49.72%
2025-11-03 20:48:43,400 - INFO - Epoch 14/20: Train Loss: 1.2525, Val Loss: 1.3401, Val Acc: 52.81%
2025-11-03 20:48:48,018 - INFO - Epoch 15/20: Train Loss: 1.2402, Val Loss: 1.3378, Val Acc: 52.68%, Test Loss: 1.3388, Test Acc: 52.40%
2025-11-03 20:48:51,534 - INFO - Epoch 16/20: Train Loss: 1.2292, Val Loss: 1.3456, Val Acc: 52.40%
2025-11-03 20:48:55,171 - INFO - Epoch 17/20: Train Loss: 1.2076, Val Loss: 1.3148, Val Acc: 53.47%
2025-11-03 20:48:58,769 - INFO - Epoch 18/20: Train Loss: 1.2022, Val Loss: 1.3258, Val Acc: 53.47%
2025-11-03 20:49:02,424 - INFO - Epoch 19/20: Train Loss: 1.1966, Val Loss: 1.3327, Val Acc: 53.42%
2025-11-03 20:49:06,971 - INFO - Epoch 20/20: Train Loss: 1.1877, Val Loss: 1.3904, Val Acc: 52.24%, Test Loss: 1.3924, Test Acc: 51.89%
2025-11-03 20:49:06,971 - INFO - Saving checkpoint for epoch 20...
2025-11-03 20:49:07,002 - INFO - ✅ Checkpoint saved: checkpoints/checkpoint_epoch_20.pth
2025-11-03 20:49:07,003 - INFO - Training completed!
2025-11-03 20:49:07,003 - INFO - Generating training curves...
2025-11-03 20:49:08,493 - INFO - Training curves saved as separate images with base name 'training_curves'
2025-11-03 20:49:08,494 - INFO - Generating confusion matrix on test set...
2025-11-03 20:49:09,798 - INFO - Performing final evaluation on test set...
2025-11-03 20:49:10,700 - INFO - Final Test Results: Loss: 1.3924, Accuracy: 51.89%
2025-11-03 20:49:10,700 - INFO - 
Final Test Results:
2025-11-03 20:49:10,700 - INFO - Loss: 1.3924
2025-11-03 20:49:10,700 - INFO - Accuracy: 51.89%
2025-11-03 20:49:10,700 - INFO - Precision: 52.16%
2025-11-03 20:49:10,700 - INFO - Recall: 51.89%
2025-11-03 20:49:10,700 - INFO - F1 Score: 51.28%
2025-11-03 20:49:10,708 - INFO - ✅ Model weights saved: trained_models/CIFAR10_final_model_weights.pth
2025-11-03 21:18:32,563 - INFO - Random seeds set to 42 (deterministic=False)
2025-11-03 21:18:32,564 - INFO - Using device: cuda
2025-11-03 21:18:32,564 - INFO - Loading data...
2025-11-03 21:18:32,691 - INFO - Visualizing first batch...
2025-11-03 21:18:33,555 - INFO - Saved raw dataset visualization to visualization.png
2025-11-03 21:18:33,555 - INFO - Initializing model...
2025-11-03 21:18:33,671 - INFO - Model architecture: Input(3072) -> Hidden[512, 256, 128] -> Output(10)
2025-11-03 21:18:33,671 - INFO - Total parameters: 1,740,682
2025-11-03 21:18:33,671 - INFO - Starting training...
2025-11-03 21:18:37,595 - INFO - Epoch 1/20: Train Loss: 1.8259, Val Loss: 1.5720, Val Acc: 44.69%
2025-11-03 21:18:41,209 - INFO - Epoch 2/20: Train Loss: 1.6040, Val Loss: 1.5372, Val Acc: 45.14%
2025-11-03 21:18:44,868 - INFO - Epoch 3/20: Train Loss: 1.5319, Val Loss: 1.4500, Val Acc: 48.29%
2025-11-03 21:18:48,604 - INFO - Epoch 4/20: Train Loss: 1.4870, Val Loss: 1.4374, Val Acc: 48.46%
