2025-11-12 16:22:49,686 - INFO - Logging initialized. Log file: runs/run_21/training.log
2025-11-12 16:22:58,864 - INFO - Random seeds set to 42 (deterministic=False)
2025-11-12 16:22:58,865 - INFO - Using device: cpu
2025-11-12 16:22:58,866 - INFO - Loading data...
2025-11-12 16:23:07,912 - INFO - Visualizing first batch...
2025-11-12 16:23:07,914 - INFO - Visualizing from DataLoader with 1303 batches
2025-11-12 16:23:08,390 - INFO - Loaded 16 images from dataloader
2025-11-12 16:23:11,472 - INFO - Saved enhanced dataset visualization to runs/run_21/visualization.png
2025-11-12 16:23:11,475 - INFO - Initializing model...
2025-11-12 16:23:11,856 - INFO - Created Swin-Tiny model for validation against pretrained weights.
2025-11-12 16:23:11,858 - INFO - Total parameters: 28,288,354
2025-11-12 16:23:11,862 - INFO - Saved configuration to runs/run_21/config.json
2025-11-12 16:23:11,862 - INFO - Starting model implementation validation...
2025-11-12 16:23:12,233 - INFO - Loading pretrained weights from Hugging Face hub (timm/swin_tiny_patch4_window7_224.ms_in1k)
2025-11-12 16:23:12,459 - INFO - HTTP Request: HEAD https://huggingface.co/timm/swin_tiny_patch4_window7_224.ms_in1k/resolve/main/model.safetensors "HTTP/1.1 302 Found"
2025-11-12 16:23:12,475 - INFO - [timm/swin_tiny_patch4_window7_224.ms_in1k] Safe alternative available for 'pytorch_model.bin' (as 'model.safetensors'). Loading weights using safetensors.
2025-11-12 16:23:12,626 - INFO - Loaded pretrained model: swin_tiny_patch4_window7_224 from timm.
2025-11-12 16:23:12,630 - INFO - Transferring weights from pretrained to custom model...
2025-11-12 16:23:12,641 - INFO - Weight transfer: 173 layers transferred.
2025-11-12 16:23:12,642 - INFO - Weight transfer completed: {'transferred': 173, 'missing': 0, 'size_mismatches': 0}
2025-11-12 16:23:12,643 - INFO - Using subset of 1000 samples for validation
