2025-11-19 20:39:21,966 - INFO - Logging initialized. Log file: runs/run_47/training.log
2025-11-19 20:39:22,159 - INFO - Random seeds set to 42 (deterministic=False)
2025-11-19 20:39:22,160 - INFO - Using device: cuda
2025-11-19 20:39:22,161 - INFO - Loading data...
2025-11-19 20:39:24,526 - INFO - Visualizing first batch...
2025-11-19 20:39:24,527 - INFO - Visualizing from DataLoader with 1303 batches
2025-11-19 20:39:25,275 - INFO - Loaded 16 images from dataloader
2025-11-19 20:39:28,066 - INFO - Saved enhanced dataset visualization to runs/run_47/visualization.png
2025-11-19 20:39:28,068 - INFO - Initializing model...
2025-11-19 20:39:28,470 - INFO - Created SwinTransformerModel for CIFAR-100 training.
2025-11-19 20:39:28,511 - INFO - Model moved to device: cuda
2025-11-19 20:39:28,513 - INFO - Patch embed proj device: cuda:0
2025-11-19 20:39:28,514 - INFO - Encoder first layer device: cuda:0
2025-11-19 20:39:28,516 - INFO - Head device: cuda:0
2025-11-19 20:39:28,517 - INFO - Transferring weights from pretrained to custom model...
2025-11-19 20:39:28,895 - INFO - Loading pretrained weights from Hugging Face hub (timm/swin_tiny_patch4_window7_224.ms_in1k)
2025-11-19 20:39:29,125 - INFO - HTTP Request: HEAD https://huggingface.co/timm/swin_tiny_patch4_window7_224.ms_in1k/resolve/main/model.safetensors "HTTP/1.1 302 Found"
2025-11-19 20:39:29,141 - INFO - [timm/swin_tiny_patch4_window7_224.ms_in1k] Safe alternative available for 'pytorch_model.bin' (as 'model.safetensors'). Loading weights using safetensors.
2025-11-19 20:39:29,304 - INFO - Loaded pretrained model: swin_tiny_patch4_window7_224 from timm.
2025-11-19 20:39:29,329 - INFO - Weight transfer: 169 layers transferred.
2025-11-19 20:39:29,332 - INFO - Weight transfer completed: {'transferred': 169, 'missing': 0, 'size_mismatches': 0}
2025-11-19 20:39:29,333 - INFO - After transfer - Patch embed proj device: cuda:0
2025-11-19 20:39:29,335 - INFO - After transfer - Encoder first layer device: cuda:0
2025-11-19 20:39:29,337 - INFO - Total parameters: 78,436
2025-11-19 20:39:29,342 - INFO - Saved configuration to runs/run_47/config.json
2025-11-19 20:39:29,344 - INFO - Starting training...
2025-11-19 20:41:46,602 - INFO - Epoch 1/50: Train Loss: 1.5417, Val Loss: 0.9531, Val Acc: 72.07%
2025-11-19 20:44:03,430 - INFO - Epoch 2/50: Train Loss: 0.8872, Val Loss: 0.8548, Val Acc: 74.76%
2025-11-19 20:46:20,244 - INFO - Epoch 3/50: Train Loss: 0.7777, Val Loss: 0.8224, Val Acc: 75.72%
2025-11-19 20:48:36,768 - INFO - Epoch 4/50: Train Loss: 0.7146, Val Loss: 0.8113, Val Acc: 76.08%
2025-11-19 20:51:38,797 - INFO - Epoch 5/50: Train Loss: 0.6756, Val Loss: 0.7987, Val Acc: 76.58%, Test Loss: 0.7973, Test Acc: 76.57%
2025-11-19 20:53:50,431 - INFO - Epoch 6/50: Train Loss: 0.6437, Val Loss: 0.8022, Val Acc: 76.36%
2025-11-19 20:56:07,073 - INFO - Epoch 7/50: Train Loss: 0.6133, Val Loss: 0.8059, Val Acc: 76.30%
2025-11-19 20:58:23,618 - INFO - Epoch 8/50: Train Loss: 0.5967, Val Loss: 0.7949, Val Acc: 76.50%
2025-11-19 21:00:40,172 - INFO - Epoch 9/50: Train Loss: 0.5771, Val Loss: 0.7971, Val Acc: 76.54%
2025-11-19 21:02:56,602 - INFO - Early stopping triggered at epoch 10.
2025-11-19 21:02:56,604 - INFO - Training completed!
2025-11-19 21:02:56,606 - INFO - Starting model implementation validation...
2025-11-19 21:02:57,006 - INFO - Loading pretrained weights from Hugging Face hub (timm/swin_tiny_patch4_window7_224.ms_in1k)
2025-11-19 21:02:57,149 - INFO - HTTP Request: HEAD https://huggingface.co/timm/swin_tiny_patch4_window7_224.ms_in1k/resolve/main/model.safetensors "HTTP/1.1 302 Found"
2025-11-19 21:02:57,164 - INFO - [timm/swin_tiny_patch4_window7_224.ms_in1k] Safe alternative available for 'pytorch_model.bin' (as 'model.safetensors'). Loading weights using safetensors.
2025-11-19 21:02:57,325 - INFO - Loaded pretrained model: swin_tiny_patch4_window7_224 from timm.
2025-11-19 21:02:57,345 - INFO - Replaced TIMM classification head: 768 -> 100 classes
2025-11-19 21:02:57,346 - INFO - Transferring encoder weights from pretrained to custom model...
2025-11-19 21:02:57,351 - INFO - Weight transfer: 169 layers transferred.
2025-11-19 21:02:57,354 - INFO - Weight transfer completed: {'transferred': 169, 'missing': 0, 'size_mismatches': 0}
2025-11-19 21:02:57,355 - INFO - Training TIMM model's linear head...
2025-11-19 21:02:57,356 - INFO - Training linear head for 10 epochs...
2025-11-19 21:02:57,358 - INFO - Training 76,900 parameters in linear head
