2025-12-02 20:49:23,368 - INFO - Logging initialized. Log file: runs/run_79/training.log
2025-12-02 20:49:23,381 - INFO - Experiment directory: runs/run_79
2025-12-02 20:49:23,382 - INFO - Setting random seeds for reproducibility (seed: 42)...
2025-12-02 20:49:23,528 - INFO - Random seeds set to 42 (deterministic=False)
2025-12-02 20:49:23,529 - INFO - Using device: cuda
2025-12-02 20:49:23,530 - INFO - Training configuration: epochs=1, warmup=0, lr=0.001
2025-12-02 20:49:23,530 - INFO - Loading dataset...
2025-12-02 20:49:27,448 - INFO - Dataset loaded: train=1303, val=261, test=313 batches
2025-12-02 20:49:29,205 - INFO - Training Swin-Tiny from scratch
2025-12-02 20:49:29,205 - INFO - Initializing model from scratch...
2025-12-02 20:49:29,206 - INFO - Model architecture: Swin-Tiny
2025-12-02 20:49:29,206 - INFO - Model config: embed_dim=96, depths=[2, 2, 6, 2], num_heads=[3, 6, 12, 24]
2025-12-02 20:49:29,690 - INFO - Model created with random initialization
2025-12-02 20:49:29,691 - INFO - Total parameters: 27,596,254
2025-12-02 20:49:29,691 - INFO - Trainable parameters: 27,596,254
2025-12-02 20:49:29,988 - INFO - Starting from-scratch training...
2025-12-02 20:49:29,989 - INFO - Optimizer: training all model parameters
2025-12-02 20:49:29,990 - INFO - Starting training...
2025-12-02 20:54:51,564 - INFO - Epoch 1/1: LR: 0.001100
2025-12-02 20:54:51,565 - INFO - Epoch 1/1: Train Loss: 4.0039, Val Loss: 3.5781, Val Acc: 14.39%
2025-12-02 20:54:51,565 - INFO - Training completed!
2025-12-02 20:54:51,567 - INFO - Training completed!
2025-12-02 20:54:51,567 - INFO - Generating training curves...
2025-12-02 20:54:52,804 - INFO - Too many classes (100) for per-class plotting, skipping
2025-12-02 20:54:52,805 - INFO - Training curves saved as separate images with base name 'runs/run_79/training_curves_from_scratch'
2025-12-02 20:54:52,805 - INFO - Generating confusion matrix on test set...
2025-12-02 20:55:48,817 - INFO - Performing final evaluation of from_scratch model on test set...
2025-12-02 20:56:32,924 - INFO - Final Test Results of from_scratch model: Loss: 3.6076, Accuracy: 14.27%
2025-12-02 20:56:32,925 - INFO - Generating LR schedule plot of from_scratch model...
2025-12-02 20:56:33,233 - INFO - LR schedule plot saved to 'runs/run_79/lr_schedule_from_scratch.png'
2025-12-02 20:56:33,233 - INFO - 
Final Test Results:
2025-12-02 20:56:33,234 - INFO - Loss: 3.6076
2025-12-02 20:56:33,235 - INFO - Accuracy: 14.27%
2025-12-02 20:56:33,235 - INFO - Precision: 17.53%
2025-12-02 20:56:33,236 - INFO - Recall: 14.27%
2025-12-02 20:56:33,236 - INFO - F1 Score: 11.68%
2025-12-02 20:56:33,250 - INFO - Experiment completed. Results saved to runs/run_79/results_from_scratch.json
2025-12-02 20:56:33,252 - INFO - Experiment completed. Metadata saved to runs/run_79/metadata_from_scratch.json
2025-12-02 20:56:33,475 - INFO - ✅ Model weights saved: runs/run_79/final_model_from_scratch_weights.pth
2025-12-02 20:56:33,478 - INFO - Final model saved: runs/run_79/final_model_from_scratch_weights.pth
2025-12-02 20:56:33,478 - INFO - Final model metadata saved: runs/run_79/final_model_from_scratch_metadata.json
2025-12-02 20:56:33,479 - INFO - === FROM-SCRATCH RESULTS (CIFAR100) ===
2025-12-02 20:56:33,479 - INFO - Final Accuracy: 14.27%
2025-12-02 20:56:33,479 - INFO - Final F1 Score: 11.68%
2025-12-02 20:56:33,481 - INFO - from_scratch experiment completed successfully!
