2025-11-21 23:12:06,023 - INFO - Logging initialized. Log file: runs/run_35/training.log
2025-11-21 23:12:06,023 - INFO - Experiment directory: runs/run_35
2025-11-21 23:12:06,232 - INFO - Setting random seeds for reproducibility (seed: 42)...
2025-11-21 23:12:06,252 - INFO - Random seeds set to 42 (deterministic=False)
2025-11-21 23:12:06,253 - INFO - Setting up device...
2025-11-21 23:12:06,253 - INFO - Using device: cuda
2025-11-21 23:12:06,254 - INFO - Using device: cuda
2025-11-21 23:12:06,254 - INFO - Training configuration: epochs=3, warmup=2, lr=0.001
2025-11-21 23:12:06,255 - INFO - Using pretrained model: swin_base_patch4_window7_224
2025-11-21 23:12:06,255 - INFO - Model architecture: Swin-Base
2025-11-21 23:12:06,256 - INFO - Model config: embed_dim=128, depths=[2, 2, 18, 2], num_heads=[4, 8, 16, 32]
2025-11-21 23:12:06,256 - INFO - Image size: 224x224, patch_size: 4x4
2025-11-21 23:12:06,257 - INFO - Loading dataset...
2025-11-21 23:12:09,765 - INFO - Dataset loaded: train=1303, val=261, test=313 batches
2025-11-21 23:12:09,765 - INFO - Initializing reference model...
2025-11-21 23:12:09,766 - INFO - Loading TIMM model: swin_base_patch4_window7_224 with pretrained weights
2025-11-21 23:12:13,149 - INFO - Loading pretrained weights from Hugging Face hub (timm/swin_base_patch4_window7_224.ms_in22k_ft_in1k)
2025-11-21 23:12:13,511 - INFO - HTTP Request: HEAD https://huggingface.co/timm/swin_base_patch4_window7_224.ms_in22k_ft_in1k/resolve/main/model.safetensors "HTTP/1.1 302 Found"
2025-11-21 23:12:13,574 - INFO - [timm/swin_base_patch4_window7_224.ms_in22k_ft_in1k] Safe alternative available for 'pytorch_model.bin' (as 'model.safetensors'). Loading weights using safetensors.
2025-11-21 23:12:14,294 - INFO - Successfully loaded swin_base_patch4_window7_224 from TIMM
2025-11-21 23:12:14,295 - INFO - Encoder loaded: 1024 output features
2025-11-21 23:12:14,297 - INFO - Created classification head: 1024 -> 100 classes
2025-11-21 23:12:14,305 - INFO - Reference model created. Trainable params (head only): 104,548
2025-11-21 23:12:14,610 - INFO - Detected Swin Transformer architecture
2025-11-21 23:12:14,611 - INFO - Extracting model size from TIMM model name...
2025-11-21 23:12:14,612 - INFO - Detected model size: base
2025-11-21 23:12:14,613 - INFO - Will create custom model with: {'embed_dim': 128, 'depths': [2, 2, 18, 2], 'num_heads': [4, 8, 16, 32]}
2025-11-21 23:12:14,614 - INFO - Initializing custom Swin model (size: base)...
2025-11-21 23:12:14,615 - INFO - Custom model will match architecture: embed_dim=128, depths=[2, 2, 18, 2], num_heads=[4, 8, 16, 32]
2025-11-21 23:12:17,551 - INFO - Transferring weights from reference to custom encoder...
2025-11-21 23:12:17,552 - INFO - Weight transfer: SwinTransformer -> SwinTransformerModel
2025-11-21 23:12:17,648 - INFO - Weight transfer: 325 layers transferred.
2025-11-21 23:12:17,779 - INFO - Weight transfer completed: {'transferred': 325, 'missing': 0, 'size_mismatches': 0}
2025-11-21 23:12:17,780 - INFO - ✓ All expected weights transferred successfully
2025-11-21 23:12:17,784 - INFO - Custom model created. Trainable params (head only): 104,548
2025-11-21 23:12:17,795 - INFO - Starting reference model training...
2025-11-21 23:12:17,797 - INFO - Starting training...
2025-11-21 23:15:27,005 - INFO - Epoch 1/3: LR: 0.000550
2025-11-21 23:15:27,006 - INFO - Epoch 1/3: Train Loss: 2.8799, Val Loss: 1.5045, Val Acc: 80.57%
2025-11-21 23:18:33,940 - INFO - Epoch 2/3: LR: 0.001000
2025-11-21 23:18:33,941 - INFO - Epoch 2/3: Train Loss: 0.7458, Val Loss: 0.5426, Val Acc: 84.17%
2025-11-21 23:21:40,780 - INFO - Epoch 3/3: LR: 0.000000
2025-11-21 23:21:40,782 - INFO - Epoch 3/3: Train Loss: 0.4973, Val Loss: 0.4933, Val Acc: 85.42%
2025-11-21 23:21:40,782 - INFO - Training completed!
2025-11-21 23:21:40,783 - INFO - Reference model training completed!
2025-11-21 23:21:40,784 - INFO - Generating training curves...
2025-11-21 23:21:45,026 - INFO - Training curves saved as separate images with base name 'runs/run_35/training_curves_reference'
2025-11-21 23:21:45,026 - INFO - Generating confusion matrix on test set...
2025-11-21 23:23:22,128 - INFO - Performing final evaluation of reference model on test set...
2025-11-21 23:24:25,733 - INFO - Final Test Results of reference model: Loss: 0.4795, Accuracy: 85.82%
2025-11-21 23:24:25,734 - INFO - Generating LR schedule plot of reference model...
2025-11-21 23:24:26,551 - INFO - LR schedule plot saved to 'runs/run_35/lr_schedule_reference.png'
2025-11-21 23:24:26,552 - INFO - 
Final Test Results:
2025-11-21 23:24:26,552 - INFO - Loss: 0.4795
2025-11-21 23:24:26,553 - INFO - Accuracy: 85.82%
2025-11-21 23:24:26,554 - INFO - Precision: 86.25%
2025-11-21 23:24:26,555 - INFO - Recall: 85.82%
2025-11-21 23:24:26,555 - INFO - F1 Score: 85.77%
2025-11-21 23:24:26,574 - INFO - Experiment completed. Results saved to runs/run_35/results_reference.json
2025-11-21 23:24:26,589 - INFO - Experiment completed. Metadata saved to runs/run_35/metadata_reference.json
2025-11-21 23:24:27,764 - INFO - ✅ Model weights saved: trained_models/CIFAR100_final_model_reference_weights.pth
2025-11-21 23:24:27,765 - INFO - Starting custom model training...
2025-11-21 23:24:27,767 - INFO - Starting training...
2025-11-21 23:27:36,967 - INFO - Epoch 1/3: LR: 0.000550
2025-11-21 23:27:36,968 - INFO - Epoch 1/3: Train Loss: 2.9112, Val Loss: 1.5104, Val Acc: 80.84%
2025-11-21 23:30:45,947 - INFO - Epoch 2/3: LR: 0.001000
2025-11-21 23:30:45,948 - INFO - Epoch 2/3: Train Loss: 0.7506, Val Loss: 0.5315, Val Acc: 84.96%
2025-11-21 23:33:54,866 - INFO - Epoch 3/3: LR: 0.000000
2025-11-21 23:33:54,867 - INFO - Epoch 3/3: Train Loss: 0.4915, Val Loss: 0.4779, Val Acc: 85.46%
2025-11-21 23:33:54,868 - INFO - Training completed!
2025-11-21 23:33:54,869 - INFO - Custom model training completed!
2025-11-21 23:33:54,869 - INFO - Generating training curves...
2025-11-21 23:33:59,014 - INFO - Training curves saved as separate images with base name 'runs/run_35/training_curves_custom'
2025-11-21 23:33:59,015 - INFO - Generating confusion matrix on test set...
2025-11-21 23:35:35,996 - INFO - Performing final evaluation of custom model on test set...
2025-11-21 23:36:39,779 - INFO - Final Test Results of custom model: Loss: 0.4786, Accuracy: 85.66%
2025-11-21 23:36:39,780 - INFO - Generating LR schedule plot of custom model...
2025-11-21 23:36:40,530 - INFO - LR schedule plot saved to 'runs/run_35/lr_schedule_custom.png'
2025-11-21 23:36:40,531 - INFO - 
Final Test Results:
2025-11-21 23:36:40,532 - INFO - Loss: 0.4786
2025-11-21 23:36:40,533 - INFO - Accuracy: 85.66%
2025-11-21 23:36:40,533 - INFO - Precision: 86.23%
2025-11-21 23:36:40,534 - INFO - Recall: 85.66%
2025-11-21 23:36:40,535 - INFO - F1 Score: 85.64%
2025-11-21 23:36:40,553 - INFO - Experiment completed. Results saved to runs/run_35/results_custom.json
2025-11-21 23:36:40,556 - INFO - Experiment completed. Metadata saved to runs/run_35/metadata_custom.json
2025-11-21 23:36:41,701 - INFO - ✅ Model weights saved: trained_models/CIFAR100_final_model_custom_weights.pth
2025-11-21 23:36:41,702 - INFO - === MODEL COMPARISON RESULTS (Linear Probing on CIFAR-100) ===
2025-11-21 23:36:41,703 - INFO - Reference (HF): 85.82%
2025-11-21 23:36:41,704 - INFO - Custom        : 85.66%
2025-11-21 23:36:41,705 - INFO - Difference    : 0.16% (custom - reference)
2025-11-21 23:36:41,706 - INFO - Linear probing experiment completed successfully!
