2025-11-22 11:07:15,837 - INFO - Logging initialized. Log file: runs/run_40/training.log
2025-11-22 11:07:15,846 - INFO - Experiment directory: runs/run_40
2025-11-22 11:07:16,047 - INFO - Setting random seeds for reproducibility (seed: 42)...
2025-11-22 11:07:16,085 - INFO - Random seeds set to 42 (deterministic=False)
2025-11-22 11:07:16,086 - INFO - Setting up device...
2025-11-22 11:07:16,087 - INFO - Using device: cuda
2025-11-22 11:07:16,088 - INFO - Using device: cuda
2025-11-22 11:07:16,090 - INFO - Training configuration: epochs=3, warmup=2, lr=0.001
2025-11-22 11:07:16,091 - INFO - Using pretrained model: swin_base_patch4_window7_224
2025-11-22 11:07:16,092 - INFO - Model architecture: Swin-Base
2025-11-22 11:07:16,093 - INFO - Model config: embed_dim=128, depths=[2, 2, 18, 2], num_heads=[4, 8, 16, 32]
2025-11-22 11:07:16,095 - INFO - Image size: 224x224, patch_size: 4x4
2025-11-22 11:07:16,096 - INFO - Loading dataset...
2025-11-22 11:07:18,526 - INFO - Dataset loaded: train=1303, val=261, test=313 batches
2025-11-22 11:07:18,528 - INFO - Initializing reference model...
2025-11-22 11:07:18,529 - INFO - Loading TIMM model: swin_base_patch4_window7_224 with pretrained weights
2025-11-22 11:07:19,800 - INFO - Loading pretrained weights from Hugging Face hub (timm/swin_base_patch4_window7_224.ms_in22k_ft_in1k)
2025-11-22 11:07:20,041 - INFO - HTTP Request: HEAD https://huggingface.co/timm/swin_base_patch4_window7_224.ms_in22k_ft_in1k/resolve/main/model.safetensors "HTTP/1.1 302 Found"
2025-11-22 11:07:20,097 - INFO - [timm/swin_base_patch4_window7_224.ms_in22k_ft_in1k] Safe alternative available for 'pytorch_model.bin' (as 'model.safetensors'). Loading weights using safetensors.
2025-11-22 11:07:20,573 - INFO - Successfully loaded swin_base_patch4_window7_224 from TIMM
2025-11-22 11:07:20,575 - INFO - Encoder loaded: 1024 output features
2025-11-22 11:07:20,577 - INFO - Created classification head: 1024 -> 100 classes
2025-11-22 11:07:20,580 - INFO - Reference model created. Trainable params (head only): 104,548
2025-11-22 11:07:20,801 - INFO - Detected Swin Transformer architecture
2025-11-22 11:07:20,803 - INFO - Extracting model size from TIMM model name...
2025-11-22 11:07:20,804 - INFO - Detected model size: base
2025-11-22 11:07:20,806 - INFO - Will create custom model with: {'embed_dim': 128, 'depths': [2, 2, 18, 2], 'num_heads': [4, 8, 16, 32]}
2025-11-22 11:07:20,807 - INFO - Initializing custom Swin model (size: base)...
2025-11-22 11:07:20,809 - INFO - Custom model will match architecture: embed_dim=128, depths=[2, 2, 18, 2], num_heads=[4, 8, 16, 32]
2025-11-22 11:07:21,868 - INFO - Transferring weights from reference to custom encoder...
2025-11-22 11:07:21,869 - INFO - Weight transfer: SwinTransformer -> SwinTransformerModel
2025-11-22 11:07:21,905 - INFO - Weight transfer: 325 layers transferred.
2025-11-22 11:07:21,967 - INFO - Weight transfer completed: {'transferred': 325, 'missing': 0, 'size_mismatches': 0}
2025-11-22 11:07:21,969 - INFO - ✓ All expected weights transferred successfully
2025-11-22 11:07:21,972 - INFO - Custom model created. Trainable params (head only): 104,548
2025-11-22 11:07:21,976 - INFO - Starting reference model training...
2025-11-22 11:07:21,978 - INFO - Starting training...
2025-11-22 11:13:28,459 - INFO - Epoch 1/3: LR: 0.000550
2025-11-22 11:13:28,461 - INFO - Epoch 1/3: Train Loss: 2.8799, Val Loss: 1.5045, Val Acc: 80.57%
2025-11-22 11:19:31,620 - INFO - Epoch 2/3: LR: 0.001000
2025-11-22 11:19:31,622 - INFO - Epoch 2/3: Train Loss: 0.7458, Val Loss: 0.5426, Val Acc: 84.17%
2025-11-22 11:25:34,832 - INFO - Epoch 3/3: LR: 0.000000
2025-11-22 11:25:34,834 - INFO - Epoch 3/3: Train Loss: 0.4973, Val Loss: 0.4933, Val Acc: 85.42%
2025-11-22 11:25:34,835 - INFO - Training completed!
2025-11-22 11:25:34,837 - INFO - Reference model training completed!
2025-11-22 11:25:34,838 - INFO - Generating training curves...
2025-11-22 11:25:36,728 - INFO - Training curves saved as separate images with base name 'runs/run_40/training_curves_reference'
2025-11-22 11:25:36,729 - INFO - Generating confusion matrix on test set...
2025-11-22 11:27:52,736 - INFO - Performing final evaluation of reference model on test set...
2025-11-22 11:29:57,191 - INFO - Final Test Results of reference model: Loss: 0.4795, Accuracy: 85.82%
2025-11-22 11:29:57,193 - INFO - Generating LR schedule plot of reference model...
2025-11-22 11:29:57,538 - INFO - LR schedule plot saved to 'runs/run_40/lr_schedule_reference.png'
2025-11-22 11:29:57,539 - INFO - 
Final Test Results:
2025-11-22 11:29:57,541 - INFO - Loss: 0.4795
2025-11-22 11:29:57,542 - INFO - Accuracy: 85.82%
2025-11-22 11:29:57,544 - INFO - Precision: 86.25%
2025-11-22 11:29:57,545 - INFO - Recall: 85.82%
2025-11-22 11:29:57,547 - INFO - F1 Score: 85.77%
2025-11-22 11:29:57,554 - INFO - Experiment completed. Results saved to runs/run_40/results_reference.json
2025-11-22 11:29:57,558 - INFO - Experiment completed. Metadata saved to runs/run_40/metadata_reference.json
2025-11-22 11:29:58,311 - INFO - ✅ Model weights saved: trained_models/CIFAR100_final_model_reference_weights.pth
2025-11-22 11:29:58,313 - INFO - Starting custom model training...
2025-11-22 11:29:58,314 - INFO - Starting training...
2025-11-22 11:36:04,173 - INFO - Epoch 1/3: LR: 0.000550
2025-11-22 11:36:04,175 - INFO - Epoch 1/3: Train Loss: 2.9112, Val Loss: 1.5104, Val Acc: 80.84%
2025-11-22 11:42:09,464 - INFO - Epoch 2/3: LR: 0.001000
2025-11-22 11:42:09,465 - INFO - Epoch 2/3: Train Loss: 0.7506, Val Loss: 0.5315, Val Acc: 84.96%
2025-11-22 11:48:14,543 - INFO - Epoch 3/3: LR: 0.000000
2025-11-22 11:48:14,544 - INFO - Epoch 3/3: Train Loss: 0.4915, Val Loss: 0.4779, Val Acc: 85.46%
2025-11-22 11:48:14,545 - INFO - Training completed!
2025-11-22 11:48:14,547 - INFO - Custom model training completed!
2025-11-22 11:48:14,548 - INFO - Generating training curves...
2025-11-22 11:48:16,364 - INFO - Training curves saved as separate images with base name 'runs/run_40/training_curves_custom'
2025-11-22 11:48:16,365 - INFO - Generating confusion matrix on test set...
2025-11-22 11:50:32,744 - INFO - Performing final evaluation of custom model on test set...
2025-11-22 11:52:37,764 - INFO - Final Test Results of custom model: Loss: 0.4786, Accuracy: 85.66%
2025-11-22 11:52:37,766 - INFO - Generating LR schedule plot of custom model...
2025-11-22 11:52:38,108 - INFO - LR schedule plot saved to 'runs/run_40/lr_schedule_custom.png'
2025-11-22 11:52:38,110 - INFO - 
Final Test Results:
2025-11-22 11:52:38,111 - INFO - Loss: 0.4786
2025-11-22 11:52:38,112 - INFO - Accuracy: 85.66%
2025-11-22 11:52:38,113 - INFO - Precision: 86.23%
2025-11-22 11:52:38,115 - INFO - Recall: 85.66%
2025-11-22 11:52:38,115 - INFO - F1 Score: 85.64%
2025-11-22 11:52:38,122 - INFO - Experiment completed. Results saved to runs/run_40/results_custom.json
2025-11-22 11:52:38,125 - INFO - Experiment completed. Metadata saved to runs/run_40/metadata_custom.json
2025-11-22 11:52:38,797 - INFO - ✅ Model weights saved: trained_models/CIFAR100_final_model_custom_weights.pth
2025-11-22 11:52:38,798 - INFO - === MODEL COMPARISON RESULTS (Linear Probing on CIFAR-100) ===
2025-11-22 11:52:38,799 - INFO - Reference (HF): 85.82%
2025-11-22 11:52:38,800 - INFO - Custom        : 85.66%
2025-11-22 11:52:38,801 - INFO - Difference    : 0.16% (custom - reference)
2025-11-22 11:52:38,802 - INFO - Linear probing experiment completed successfully!
