2025-11-19 20:58:49,071 - INFO - Logging initialized. Log file: runs/run_50/training.log
2025-11-19 20:58:49,247 - INFO - Random seeds set to 42 (deterministic=False)
2025-11-19 20:58:49,248 - INFO - Using device: cuda
2025-11-19 20:58:49,248 - INFO - Loading data...
2025-11-19 20:58:51,880 - INFO - Visualizing first batch...
2025-11-19 20:58:51,881 - INFO - Visualizing from DataLoader with 1303 batches
2025-11-19 20:58:52,586 - INFO - Loaded 16 images from dataloader
2025-11-19 20:58:55,931 - INFO - Saved enhanced dataset visualization to runs/run_50/visualization.png
2025-11-19 20:58:55,932 - INFO - Initializing model...
2025-11-19 20:58:56,420 - INFO - Created SwinTransformerModel for CIFAR-100 training.
2025-11-19 20:58:56,447 - INFO - Model moved to device: cuda
2025-11-19 20:58:56,448 - INFO - Patch embed proj device: cuda:0
2025-11-19 20:58:56,449 - INFO - Encoder first layer device: cuda:0
2025-11-19 20:58:56,449 - INFO - Head device: cuda:0
2025-11-19 20:58:56,450 - INFO - Transferring weights from pretrained to custom model...
2025-11-19 20:58:56,881 - INFO - Loading pretrained weights from Hugging Face hub (timm/swin_tiny_patch4_window7_224.ms_in1k)
2025-11-19 20:58:57,125 - INFO - HTTP Request: HEAD https://huggingface.co/timm/swin_tiny_patch4_window7_224.ms_in1k/resolve/main/model.safetensors "HTTP/1.1 302 Found"
2025-11-19 20:58:57,155 - INFO - [timm/swin_tiny_patch4_window7_224.ms_in1k] Safe alternative available for 'pytorch_model.bin' (as 'model.safetensors'). Loading weights using safetensors.
2025-11-19 20:58:57,301 - INFO - Loaded pretrained model: swin_tiny_patch4_window7_224 from timm.
2025-11-19 20:58:57,327 - INFO - Weight transfer: 169 layers transferred.
2025-11-19 20:58:57,330 - INFO - Weight transfer completed: {'transferred': 169, 'missing': 0, 'size_mismatches': 0}
2025-11-19 20:58:57,331 - INFO - After transfer - Patch embed proj device: cuda:0
2025-11-19 20:58:57,331 - INFO - After transfer - Encoder first layer device: cuda:0
2025-11-19 20:58:57,332 - INFO - Total parameters: 78,436
2025-11-19 20:58:57,374 - INFO - Saved configuration to runs/run_50/config.json
2025-11-19 20:58:57,376 - INFO - Starting training...
2025-11-19 21:00:25,574 - INFO - Epoch 1/50: Train Loss: 1.5417, Val Loss: 0.9531, Val Acc: 72.07%
2025-11-19 21:01:50,949 - INFO - Epoch 2/50: Train Loss: 0.8872, Val Loss: 0.8548, Val Acc: 74.76%
2025-11-19 21:03:16,283 - INFO - Epoch 3/50: Train Loss: 0.7777, Val Loss: 0.8224, Val Acc: 75.72%
