2025-11-22 13:16:30,219 - INFO - Logging initialized. Log file: runs/run_43/training.log
2025-11-22 13:16:30,252 - INFO - Experiment directory: runs/run_43
2025-11-22 13:16:30,410 - INFO - Setting random seeds for reproducibility (seed: 42)...
2025-11-22 13:16:30,423 - INFO - Random seeds set to 42 (deterministic=False)
2025-11-22 13:16:30,424 - INFO - Setting up device...
2025-11-22 13:16:30,425 - INFO - Using device: cuda
2025-11-22 13:16:30,425 - INFO - Using device: cuda
2025-11-22 13:16:30,426 - INFO - Training configuration: epochs=3, warmup=2, lr=0.001
2025-11-22 13:16:30,426 - INFO - Using pretrained model: swin_tiny_patch4_window7_224
2025-11-22 13:16:30,427 - INFO - Model architecture: Swin-Tiny
2025-11-22 13:16:30,427 - INFO - Model config: embed_dim=96, depths=[2, 2, 6, 2], num_heads=[3, 6, 12, 24]
2025-11-22 13:16:30,428 - INFO - Image size: 224x224, patch_size: 4x4
2025-11-22 13:16:30,428 - INFO - Loading dataset...
2025-11-22 13:16:32,879 - INFO - Dataset loaded: train=1303, val=261, test=313 batches
2025-11-22 13:16:32,880 - INFO - Initializing reference model...
2025-11-22 13:16:32,881 - INFO - Loading TIMM model: swin_tiny_patch4_window7_224 with pretrained weights
2025-11-22 13:16:33,389 - INFO - Loading pretrained weights from Hugging Face hub (timm/swin_tiny_patch4_window7_224.ms_in1k)
2025-11-22 13:16:33,635 - INFO - HTTP Request: HEAD https://huggingface.co/timm/swin_tiny_patch4_window7_224.ms_in1k/resolve/main/model.safetensors "HTTP/1.1 302 Found"
2025-11-22 13:16:33,652 - INFO - [timm/swin_tiny_patch4_window7_224.ms_in1k] Safe alternative available for 'pytorch_model.bin' (as 'model.safetensors'). Loading weights using safetensors.
2025-11-22 13:16:33,829 - INFO - Successfully loaded swin_tiny_patch4_window7_224 from TIMM
2025-11-22 13:16:33,830 - INFO - Encoder loaded: 768 output features
2025-11-22 13:16:33,832 - INFO - Created classification head: 768 -> 100 classes
2025-11-22 13:16:33,833 - INFO - Reference model created. Trainable params (head only): 78,436
2025-11-22 13:16:34,058 - INFO - Detected Swin Transformer architecture
2025-11-22 13:16:34,059 - INFO - Extracting model size from TIMM model name...
2025-11-22 13:16:34,060 - INFO - Detected model size: tiny
2025-11-22 13:16:34,061 - INFO - Will create custom model with: {'embed_dim': 96, 'depths': [2, 2, 6, 2], 'num_heads': [3, 6, 12, 24]}
2025-11-22 13:16:34,062 - INFO - Initializing custom Swin model (size: tiny)...
2025-11-22 13:16:34,063 - INFO - Custom model will match architecture: embed_dim=96, depths=[2, 2, 6, 2], num_heads=[3, 6, 12, 24]
2025-11-22 13:16:34,402 - INFO - Transferring weights from reference to custom encoder...
2025-11-22 13:16:34,402 - INFO - Weight transfer: SwinTransformer -> SwinTransformerModel
2025-11-22 13:16:34,418 - INFO - Weight transfer: 169 layers transferred.
2025-11-22 13:16:34,438 - INFO - Weight transfer completed: {'transferred': 169, 'missing': 0, 'size_mismatches': 0}
2025-11-22 13:16:34,439 - INFO - ✓ All expected weights transferred successfully
2025-11-22 13:16:34,440 - INFO - Custom model created. Trainable params (head only): 78,436
2025-11-22 13:16:34,442 - INFO - Starting reference model training...
2025-11-22 13:16:34,444 - INFO - Starting training...
2025-11-22 13:18:44,802 - INFO - Epoch 1/3: LR: 0.000550
2025-11-22 13:18:44,803 - INFO - Epoch 1/3: Train Loss: 3.5903, Val Loss: 2.5830, Val Acc: 60.75%
2025-11-22 13:20:53,799 - INFO - Epoch 2/3: LR: 0.001000
2025-11-22 13:20:53,800 - INFO - Epoch 2/3: Train Loss: 1.4175, Val Loss: 1.0003, Val Acc: 71.50%
2025-11-22 13:23:02,475 - INFO - Epoch 3/3: LR: 0.000000
2025-11-22 13:23:02,476 - INFO - Epoch 3/3: Train Loss: 0.9360, Val Loss: 0.8710, Val Acc: 74.08%
2025-11-22 13:23:02,477 - INFO - Training completed!
2025-11-22 13:23:02,478 - INFO - Reference model training completed!
2025-11-22 13:23:02,478 - INFO - Generating training curves...
2025-11-22 13:23:04,589 - INFO - Training curves saved as separate images with base name 'runs/run_43/training_curves_reference'
2025-11-22 13:23:04,590 - INFO - Generating confusion matrix on test set...
2025-11-22 13:23:56,330 - WARNING - Experiment interrupted by user
