2025-11-27 22:50:55,036 - INFO - Logging initialized. Log file: runs/run_72/training.log
2025-11-27 22:50:55,037 - INFO - Experiment directory: runs/run_72
2025-11-27 22:50:55,038 - INFO - Setting random seeds for reproducibility (seed: 42)...
2025-11-27 22:50:55,164 - INFO - Random seeds set to 42 (deterministic=False)
2025-11-27 22:50:55,164 - INFO - Using device: cuda
2025-11-27 22:50:55,165 - INFO - Training configuration: epochs=2, warmup=1, lr=0.0001
2025-11-27 22:50:55,165 - INFO - Loading dataset...
2025-11-27 22:50:55,166 - INFO - Starting ImageNet data loading from root: /home/space/datasets/imagenet/2012
2025-11-27 22:50:55,167 - INFO - Resolved root path: /home/space/datasets/imagenet/2012
2025-11-27 22:50:55,168 - INFO - Root path exists: False
2025-11-27 22:50:55,169 - INFO - Root path is dir: False
2025-11-27 22:50:55,170 - ERROR - Root path /home/space/datasets/imagenet/2012 does not exist. Checking parent directories...
2025-11-27 22:50:55,170 - INFO - Parent /home/space/datasets/imagenet does not exist
2025-11-27 22:50:55,171 - INFO - Parent /home/space/datasets does not exist
2025-11-27 22:50:55,172 - INFO - Parent /home/space does not exist
2025-11-27 22:50:55,173 - INFO - Closest existing parent: /home
2025-11-27 22:50:55,173 - INFO - Contents of /home: [PosixPath('/home/pml04')]
2025-11-27 22:50:55,174 - ERROR - Experiment failed with error: Root path /home/space/datasets/imagenet/2012 does not exist.
2025-11-27 22:50:55,174 - ERROR - Full traceback:
Traceback (most recent call last):
  File "/home/pml04/swin_transformer/Machine-Learning-Project/main.py", line 154, in main
    train_generator, val_generator, test_generator = load_data(
                                                     ^^^^^^^^^^
  File "/home/pml04/swin_transformer/Machine-Learning-Project/src/data/dataloader.py", line 332, in load_data
    train_dataset, val_dataset, test_dataset = _load_imagenet_data(
                                               ^^^^^^^^^^^^^^^^^^^^
  File "/home/pml04/swin_transformer/Machine-Learning-Project/src/data/dataloader.py", line 175, in _load_imagenet_data
    raise FileNotFoundError(f"Root path {root} does not exist.")
FileNotFoundError: Root path /home/space/datasets/imagenet/2012 does not exist.
