2025-12-02 21:25:42,457 - INFO - Logging initialized. Log file: runs/run_83/training.log
2025-12-02 21:25:42,457 - INFO - Experiment directory: runs/run_83
2025-12-02 21:25:42,458 - INFO - Setting random seeds for reproducibility (seed: 42)...
2025-12-02 21:25:42,570 - INFO - Random seeds set to 42 (deterministic=False)
2025-12-02 21:25:42,571 - INFO - Using device: cuda
2025-12-02 21:25:42,571 - INFO - Training configuration: epochs=2, warmup=1, lr=0.0001
2025-12-02 21:25:42,572 - INFO - Loading dataset...
2025-12-02 21:25:42,573 - INFO - Starting ImageNet data loading from root: /imagenet/2012
2025-12-02 21:25:42,573 - INFO - Resolved root path: /imagenet/2012
2025-12-02 21:25:42,574 - INFO - Root path exists: False
2025-12-02 21:25:42,574 - INFO - Root path is dir: False
2025-12-02 21:25:42,574 - ERROR - Root path /imagenet/2012 does not exist. Checking parent directories...
2025-12-02 21:25:42,575 - INFO - Parent /imagenet does not exist
2025-12-02 21:25:42,575 - INFO - Closest existing parent: /
2025-12-02 21:25:42,692 - INFO - Contents of /: [PosixPath('/.exec'), PosixPath('/.run'), PosixPath('/.shell'), PosixPath('/.singularity.d'), PosixPath('/.test'), PosixPath('/bin'), PosixPath('/boot'), PosixPath('/dev'), PosixPath('/environment'), PosixPath('/etc'), PosixPath('/home'), PosixPath('/lib'), PosixPath('/lib64'), PosixPath('/media'), PosixPath('/mnt'), PosixPath('/opt'), PosixPath('/proc'), PosixPath('/requirements.txt'), PosixPath('/root'), PosixPath('/run'), PosixPath('/sbin'), PosixPath('/singularity'), PosixPath('/srv'), PosixPath('/sys'), PosixPath('/tmp'), PosixPath('/usr'), PosixPath('/var'), PosixPath('/meta'), PosixPath('/train_set'), PosixPath('/train_set_small'), PosixPath('/val_set'), PosixPath('/val_set_unlabeled')]
2025-12-02 21:25:42,693 - ERROR - Experiment failed with error: Root path /imagenet/2012 does not exist.
2025-12-02 21:25:42,693 - ERROR - Full traceback:
Traceback (most recent call last):
  File "/home/pml04/swin_transformer/Machine-Learning-Project/main.py", line 166, in main
    train_generator, val_generator, test_generator = load_data(
                                                     ^^^^^^^^^^
  File "/home/pml04/swin_transformer/Machine-Learning-Project/src/data/dataloader.py", line 360, in load_data
    train_dataset, val_dataset, test_dataset = _load_imagenet_data(
                                               ^^^^^^^^^^^^^^^^^^^^
  File "/home/pml04/swin_transformer/Machine-Learning-Project/src/data/dataloader.py", line 183, in _load_imagenet_data
    raise FileNotFoundError(f"Root path {root} does not exist.")
FileNotFoundError: Root path /imagenet/2012 does not exist.
