2025-11-12 19:47:41,397 - INFO - Logging initialized. Log file: runs/run_25/training.log
2025-11-12 19:47:48,030 - INFO - Random seeds set to 42 (deterministic=False)
2025-11-12 19:47:48,031 - INFO - Using device: cpu
2025-11-12 19:47:48,032 - INFO - Loading data...
2025-11-12 19:47:48,537 - INFO - Visualizing first batch...
2025-11-12 19:47:48,538 - INFO - Visualizing from DataLoader with 1250 batches
2025-11-12 19:47:48,988 - INFO - Loaded 16 images from dataloader
2025-11-12 19:47:51,969 - INFO - Saved enhanced dataset visualization to runs/run_25/visualization.png
2025-11-12 19:47:51,973 - INFO - Initializing model...
2025-11-12 19:47:52,413 - INFO - Created Swin-Tiny model for validation against pretrained weights.
2025-11-12 19:47:52,415 - INFO - Total parameters: 28,288,354
2025-11-12 19:47:52,450 - INFO - Saved configuration to runs/run_25/config.json
2025-11-12 19:47:52,450 - INFO - Starting model implementation validation...
2025-11-12 19:47:52,848 - INFO - Loading pretrained weights from Hugging Face hub (timm/swin_tiny_patch4_window7_224.ms_in1k)
2025-11-12 19:47:53,084 - INFO - HTTP Request: HEAD https://huggingface.co/timm/swin_tiny_patch4_window7_224.ms_in1k/resolve/main/model.safetensors "HTTP/1.1 302 Found"
2025-11-12 19:47:53,128 - INFO - [timm/swin_tiny_patch4_window7_224.ms_in1k] Safe alternative available for 'pytorch_model.bin' (as 'model.safetensors'). Loading weights using safetensors.
2025-11-12 19:47:53,267 - INFO - Loaded pretrained model: swin_tiny_patch4_window7_224 from timm.
2025-11-12 19:47:53,271 - INFO - Transferring weights from pretrained to custom model...
2025-11-12 19:47:53,286 - INFO - Weight transfer: 173 layers transferred.
2025-11-12 19:47:53,287 - INFO - Weight transfer completed: {'transferred': 173, 'missing': 0, 'size_mismatches': 0}
2025-11-12 19:47:53,288 - INFO - Using subset of 1000 samples for validation
