2025-11-19 18:46:46,773 - INFO - Logging initialized. Log file: runs/run_30/training.log
2025-11-19 18:46:47,027 - INFO - Random seeds set to 42 (deterministic=False)
2025-11-19 18:46:47,028 - INFO - Using device: cuda
2025-11-19 18:46:47,028 - INFO - Loading data...
2025-11-19 18:46:50,532 - INFO - Visualizing first batch...
2025-11-19 18:46:50,532 - INFO - Visualizing from DataLoader with 1303 batches
2025-11-19 18:46:51,600 - INFO - Loaded 16 images from dataloader
2025-11-19 18:46:56,663 - INFO - Saved enhanced dataset visualization to runs/run_30/visualization.png
2025-11-19 18:46:56,664 - INFO - Initializing model...
2025-11-19 18:46:59,925 - INFO - Created SwinTransformerModel training.
2025-11-19 18:46:59,926 - INFO - Transferring weights from pretrained to custom model...
2025-11-19 18:47:03,171 - INFO - Loading pretrained weights from Hugging Face hub (timm/swin_base_patch4_window7_224.ms_in22k_ft_in1k)
2025-11-19 18:47:03,560 - INFO - HTTP Request: HEAD https://huggingface.co/timm/swin_base_patch4_window7_224.ms_in22k_ft_in1k/resolve/main/model.safetensors "HTTP/1.1 302 Found"
2025-11-19 18:47:03,618 - INFO - [timm/swin_base_patch4_window7_224.ms_in22k_ft_in1k] Safe alternative available for 'pytorch_model.bin' (as 'model.safetensors'). Loading weights using safetensors.
2025-11-19 18:47:04,281 - INFO - Loaded pretrained model: swin_base_patch4_window7_224 from timm.
2025-11-19 18:47:04,506 - INFO - Weight transfer: 325 layers transferred.
2025-11-19 18:47:04,623 - INFO - Weight transfer completed: {'transferred': 325, 'missing': 0, 'size_mismatches': 0}
2025-11-19 18:47:04,627 - INFO - Total parameters: 104,548
2025-11-19 18:47:04,631 - INFO - Saved configuration to runs/run_30/config.json
2025-11-19 18:47:04,633 - INFO - Starting training...
