2025-12-04 13:18:22,858 - INFO - Logging initialized. Log file: runs/run_101/training.log
2025-12-04 13:18:22,860 - INFO - Experiment directory: runs/run_101
2025-12-04 13:18:22,862 - INFO - Setting random seeds for reproducibility (seed: 42)...
2025-12-04 13:18:22,986 - INFO - Random seeds set to 42 (deterministic=False)
2025-12-04 13:18:22,988 - INFO - Using device: cuda
2025-12-04 13:18:22,990 - INFO - Training configuration: epochs=10, warmup=3, lr=0.0005
2025-12-04 13:18:22,992 - INFO - SWIN configuration: variant=tiny, use_shifted_window=False
2025-12-04 13:18:22,993 - INFO - SWIN details: embed_dim=96, depths=[2, 2, 6, 2], num_heads=[3, 6, 12, 24], window_size=7
2025-12-04 13:18:22,994 - INFO - Loading dataset...
2025-12-04 13:18:23,000 - INFO - Starting ImageNet data loading from root: /
2025-12-04 13:18:23,002 - INFO - Resolved root path: /
2025-12-04 13:18:23,003 - INFO - Root path exists: True
2025-12-04 13:18:23,005 - INFO - Root path is dir: True
2025-12-04 13:18:23,014 - INFO - Contents of /: ['/.exec', '/.run', '/.shell', '/.singularity.d', '/.test', '/bin', '/boot', '/dev', '/environment', '/etc', '/home', '/lib', '/lib64', '/media', '/mnt', '/opt', '/proc', '/requirements.txt', '/root', '/run', '/sbin', '/singularity', '/srv', '/sys', '/tmp', '/usr', '/var', '/meta', '/train_set', '/train_set_small', '/val_set', '/val_set_unlabeled']
2025-12-04 13:18:23,016 - INFO - Expected train_dir: /train_set, exists: True
2025-12-04 13:18:23,018 - INFO - Expected val_dir: /val_set, exists: True
2025-12-04 13:18:40,572 - INFO - Loaded ImageNet data from /: train=1281167, val=50000
2025-12-04 13:18:40,957 - INFO - Dataset loaded: train=50000 samples (391 batches), val=5000 samples (40 batches), test=5000 samples (40 batches)
2025-12-04 13:18:46,413 - INFO - Training Swin-Tiny from scratch
2025-12-04 13:18:46,415 - INFO - Initializing model from scratch...
2025-12-04 13:18:46,417 - INFO - Model architecture: Swin-Tiny
2025-12-04 13:18:46,418 - INFO - Model config: embed_dim=96, depths=[2, 2, 6, 2], num_heads=[3, 6, 12, 24], window_size=7, use_shifted_window=False
2025-12-04 13:18:47,864 - INFO - Model created with random initialization
2025-12-04 13:18:47,866 - INFO - Total parameters: 28,288,354
2025-12-04 13:18:47,867 - INFO - Trainable parameters: 28,288,354
2025-12-04 13:18:48,141 - INFO - Starting from-scratch training...
2025-12-04 13:18:48,143 - INFO - Optimizer: training all model parameters
2025-12-04 13:18:48,148 - INFO - Starting training...
2025-12-04 13:18:55,462 - ERROR - Experiment failed with error: CUDA out of memory. Tried to allocate 38.00 MiB. GPU 0 has a total capacity of 11.60 GiB of which 36.31 MiB is free. Including non-PyTorch memory, this process has 11.55 GiB memory in use. Of the allocated memory 11.20 GiB is allocated by PyTorch, and 169.02 MiB is reserved by PyTorch but unallocated. If reserved but unallocated memory is large try setting PYTORCH_CUDA_ALLOC_CONF=expandable_segments:True to avoid fragmentation.  See documentation for Memory Management  (https://pytorch.org/docs/stable/notes/cuda.html#environment-variables)
2025-12-04 13:18:55,464 - ERROR - Full traceback:
Traceback (most recent call last):
  File "/home/pml04/swin_transformer/Machine-Learning-Project/main.py", line 212, in main
    run_from_scratch(
  File "/home/pml04/swin_transformer/Machine-Learning-Project/src/pipelines/from_scratch.py", line 232, in run_from_scratch
    criterion, lr_history, metrics_history = _train_single_model(
                                             ^^^^^^^^^^^^^^^^^^^^
  File "/home/pml04/swin_transformer/Machine-Learning-Project/src/pipelines/from_scratch.py", line 132, in _train_single_model
    run_training_loop(
  File "/home/pml04/swin_transformer/Machine-Learning-Project/src/training/trainer.py", line 165, in run_training_loop
    train_loss = train_one_epoch(
                 ^^^^^^^^^^^^^^^^
  File "/home/pml04/swin_transformer/Machine-Learning-Project/src/training/trainer.py", line 64, in train_one_epoch
    outputs = model(inputs)
              ^^^^^^^^^^^^^
  File "/usr/local/lib/python3.12/site-packages/torch/nn/modules/module.py", line 1775, in _wrapped_call_impl
    return self._call_impl(*args, **kwargs)
           ^^^^^^^^^^^^^^^^^^^^^^^^^^^^^^^^
  File "/usr/local/lib/python3.12/site-packages/torch/nn/modules/module.py", line 1786, in _call_impl
    return forward_call(*args, **kwargs)
           ^^^^^^^^^^^^^^^^^^^^^^^^^^^^^
  File "/home/pml04/swin_transformer/Machine-Learning-Project/src/models/model_wrapper.py", line 35, in forward
    features = self.encoder(x)
               ^^^^^^^^^^^^^^^
  File "/usr/local/lib/python3.12/site-packages/torch/nn/modules/module.py", line 1775, in _wrapped_call_impl
    return self._call_impl(*args, **kwargs)
           ^^^^^^^^^^^^^^^^^^^^^^^^^^^^^^^^
  File "/usr/local/lib/python3.12/site-packages/torch/nn/modules/module.py", line 1786, in _call_impl
    return forward_call(*args, **kwargs)
           ^^^^^^^^^^^^^^^^^^^^^^^^^^^^^
  File "/home/pml04/swin_transformer/Machine-Learning-Project/src/models/swin/swin_transformer_model.py", line 147, in forward
    x = self.forward_features(x)
        ^^^^^^^^^^^^^^^^^^^^^^^^
  File "/home/pml04/swin_transformer/Machine-Learning-Project/src/models/swin/swin_transformer_model.py", line 141, in forward_features
    x = layer(x)
        ^^^^^^^^
  File "/usr/local/lib/python3.12/site-packages/torch/nn/modules/module.py", line 1775, in _wrapped_call_impl
    return self._call_impl(*args, **kwargs)
           ^^^^^^^^^^^^^^^^^^^^^^^^^^^^^^^^
  File "/usr/local/lib/python3.12/site-packages/torch/nn/modules/module.py", line 1786, in _call_impl
    return forward_call(*args, **kwargs)
           ^^^^^^^^^^^^^^^^^^^^^^^^^^^^^
  File "/home/pml04/swin_transformer/Machine-Learning-Project/src/models/swin/basic_layer.py", line 191, in forward
    x = block(x)
        ^^^^^^^^
  File "/usr/local/lib/python3.12/site-packages/torch/nn/modules/module.py", line 1775, in _wrapped_call_impl
    return self._call_impl(*args, **kwargs)
           ^^^^^^^^^^^^^^^^^^^^^^^^^^^^^^^^
  File "/usr/local/lib/python3.12/site-packages/torch/nn/modules/module.py", line 1786, in _call_impl
    return forward_call(*args, **kwargs)
           ^^^^^^^^^^^^^^^^^^^^^^^^^^^^^
  File "/home/pml04/swin_transformer/Machine-Learning-Project/src/models/swin/swin_transformer_block.py", line 219, in forward
    attn_windows = self.attn(x_windows, attn_mask)
                   ^^^^^^^^^^^^^^^^^^^^^^^^^^^^^^^
  File "/usr/local/lib/python3.12/site-packages/torch/nn/modules/module.py", line 1775, in _wrapped_call_impl
    return self._call_impl(*args, **kwargs)
           ^^^^^^^^^^^^^^^^^^^^^^^^^^^^^^^^
  File "/usr/local/lib/python3.12/site-packages/torch/nn/modules/module.py", line 1786, in _call_impl
    return forward_call(*args, **kwargs)
           ^^^^^^^^^^^^^^^^^^^^^^^^^^^^^
  File "/home/pml04/swin_transformer/Machine-Learning-Project/src/models/swin/window_attention.py", line 128, in forward
    scores = torch.matmul(q, k.transpose(-2, -1)) * (self.head_dim**-0.5)
             ^^^^^^^^^^^^^^^^^^^^^^^^^^^^^^^^^^^^
torch.OutOfMemoryError: CUDA out of memory. Tried to allocate 38.00 MiB. GPU 0 has a total capacity of 11.60 GiB of which 36.31 MiB is free. Including non-PyTorch memory, this process has 11.55 GiB memory in use. Of the allocated memory 11.20 GiB is allocated by PyTorch, and 169.02 MiB is reserved by PyTorch but unallocated. If reserved but unallocated memory is large try setting PYTORCH_CUDA_ALLOC_CONF=expandable_segments:True to avoid fragmentation.  See documentation for Memory Management  (https://pytorch.org/docs/stable/notes/cuda.html#environment-variables)
