2025-11-19 19:42:16,584 - INFO - Logging initialized. Log file: runs/run_26/training.log
2025-11-19 19:42:16,789 - INFO - Random seeds set to 42 (deterministic=False)
2025-11-19 19:42:16,789 - INFO - Using device: cuda
2025-11-19 19:42:16,790 - INFO - Loading data...
2025-11-19 19:42:30,076 - INFO - Visualizing first batch...
2025-11-19 19:42:30,076 - INFO - Visualizing from DataLoader with 1303 batches
2025-11-19 19:42:30,812 - INFO - Loaded 16 images from dataloader
2025-11-19 19:42:33,608 - INFO - Saved enhanced dataset visualization to runs/run_26/visualization.png
2025-11-19 19:42:33,608 - INFO - Initializing model...
2025-11-19 19:42:34,009 - INFO - Created Swin-Tiny model for validation with 100 classes.
2025-11-19 19:42:34,010 - INFO - Total parameters: 28,288,354
2025-11-19 19:42:34,027 - INFO - Saved configuration to runs/run_26/config.json
2025-11-19 19:42:34,027 - INFO - Starting model implementation validation...
2025-11-19 19:42:34,434 - INFO - Loading pretrained weights from Hugging Face hub (timm/swin_tiny_patch4_window7_224.ms_in1k)
2025-11-19 19:42:34,632 - INFO - HTTP Request: HEAD https://huggingface.co/timm/swin_tiny_patch4_window7_224.ms_in1k/resolve/main/model.safetensors "HTTP/1.1 302 Found"
2025-11-19 19:42:34,872 - INFO - HTTP Request: GET https://huggingface.co/api/models/timm/swin_tiny_patch4_window7_224.ms_in1k/xet-read-token/4cc3a7275b50b53a7bec45f32c236ebe64227cff "HTTP/1.1 200 OK"
2025-11-19 19:42:36,282 - INFO - [timm/swin_tiny_patch4_window7_224.ms_in1k] Safe alternative available for 'pytorch_model.bin' (as 'model.safetensors'). Loading weights using safetensors.
2025-11-19 19:42:36,454 - INFO - Loaded pretrained model: swin_tiny_patch4_window7_224 from timm.
2025-11-19 19:42:36,480 - INFO - Transferring weights from pretrained to custom model...
2025-11-19 19:42:36,509 - INFO - Weight transfer: 173 layers transferred.
2025-11-19 19:42:36,529 - INFO - Weight transfer completed: {'transferred': 173, 'missing': 0, 'size_mismatches': 0}
2025-11-19 19:42:36,530 - INFO - Using subset of 1000 samples for validation
2025-11-19 19:42:42,944 - INFO - === MODEL COMPARISON RESULTS ===
2025-11-19 19:42:42,944 - INFO - Pretrained Model  - Top-1: 0.80%, Top-5: 1.20%
2025-11-19 19:42:42,945 - INFO - Custom Model      - Top-1: 0.80%, Top-5: 1.20%
2025-11-19 19:42:42,946 - INFO - Differences       - Top-1: 0.00%, Top-5: 0.00%
2025-11-19 19:42:42,949 - INFO - Validation results saved to runs/run_26/model_validation_results.json
2025-11-19 19:42:42,951 - INFO - Starting training...
