2025-11-21 23:37:40,169 - INFO - Logging initialized. Log file: runs/run_37/training.log
2025-11-21 23:37:40,170 - INFO - Experiment directory: runs/run_37
2025-11-21 23:37:40,391 - INFO - Setting random seeds for reproducibility (seed: 42)...
2025-11-21 23:37:40,415 - INFO - Random seeds set to 42 (deterministic=False)
2025-11-21 23:37:40,416 - INFO - Setting up device...
2025-11-21 23:37:40,416 - INFO - Using device: cuda
2025-11-21 23:37:40,417 - INFO - Using device: cuda
2025-11-21 23:37:40,418 - INFO - Training configuration: epochs=3, warmup=2, lr=0.001
2025-11-21 23:37:40,419 - INFO - Using pretrained model: swin_large_patch4_window7_224
2025-11-21 23:37:40,419 - INFO - Model architecture: Swin-Large
2025-11-21 23:37:40,420 - INFO - Model config: embed_dim=192, depths=[2, 2, 18, 2], num_heads=[6, 12, 24, 48]
2025-11-21 23:37:40,420 - INFO - Image size: 224x224, patch_size: 4x4
2025-11-21 23:37:40,421 - INFO - Loading dataset...
2025-11-21 23:37:43,937 - INFO - Dataset loaded: train=1303, val=261, test=313 batches
2025-11-21 23:37:43,938 - INFO - Initializing reference model...
2025-11-21 23:37:43,939 - INFO - Loading TIMM model: swin_large_patch4_window7_224 with pretrained weights
2025-11-21 23:37:52,227 - INFO - Loading pretrained weights from Hugging Face hub (timm/swin_large_patch4_window7_224.ms_in22k_ft_in1k)
2025-11-21 23:37:52,599 - INFO - HTTP Request: HEAD https://huggingface.co/timm/swin_large_patch4_window7_224.ms_in22k_ft_in1k/resolve/main/model.safetensors "HTTP/1.1 302 Found"
2025-11-21 23:37:52,613 - INFO - [timm/swin_large_patch4_window7_224.ms_in22k_ft_in1k] Safe alternative available for 'pytorch_model.bin' (as 'model.safetensors'). Loading weights using safetensors.
2025-11-21 23:37:54,232 - INFO - Successfully loaded swin_large_patch4_window7_224 from TIMM
2025-11-21 23:37:54,233 - INFO - Encoder loaded: 1536 output features
2025-11-21 23:37:54,238 - INFO - Created classification head: 1536 -> 100 classes
2025-11-21 23:37:54,246 - INFO - Reference model created. Trainable params (head only): 156,772
2025-11-21 23:37:54,731 - INFO - Detected Swin Transformer architecture
2025-11-21 23:37:54,732 - INFO - Extracting model size from TIMM model name...
2025-11-21 23:37:54,733 - INFO - Detected model size: large
2025-11-21 23:37:54,734 - INFO - Will create custom model with: {'embed_dim': 192, 'depths': [2, 2, 18, 2], 'num_heads': [6, 12, 24, 48]}
2025-11-21 23:37:54,735 - INFO - Initializing custom Swin model (size: large)...
2025-11-21 23:37:54,735 - INFO - Custom model will match architecture: embed_dim=192, depths=[2, 2, 18, 2], num_heads=[6, 12, 24, 48]
2025-11-21 23:38:02,066 - INFO - Transferring weights from reference to custom encoder...
2025-11-21 23:38:02,067 - INFO - Weight transfer: SwinTransformer -> SwinTransformerModel
2025-11-21 23:38:02,328 - INFO - Weight transfer: 325 layers transferred.
2025-11-21 23:38:02,583 - INFO - Weight transfer completed: {'transferred': 325, 'missing': 0, 'size_mismatches': 0}
2025-11-21 23:38:02,584 - INFO - ✓ All expected weights transferred successfully
2025-11-21 23:38:02,588 - INFO - Custom model created. Trainable params (head only): 156,772
2025-11-21 23:38:02,599 - INFO - Starting reference model training...
2025-11-21 23:38:02,601 - INFO - Starting training...
2025-11-21 23:43:44,781 - INFO - Epoch 1/3: LR: 0.000550
2025-11-21 23:43:44,782 - INFO - Epoch 1/3: Train Loss: 2.3537, Val Loss: 0.9997, Val Acc: 84.26%
2025-11-21 23:49:24,991 - INFO - Epoch 2/3: LR: 0.001000
2025-11-21 23:49:24,992 - INFO - Epoch 2/3: Train Loss: 0.5551, Val Loss: 0.4424, Val Acc: 87.40%
2025-11-21 23:55:05,509 - INFO - Epoch 3/3: LR: 0.000000
2025-11-21 23:55:05,511 - INFO - Epoch 3/3: Train Loss: 0.3868, Val Loss: 0.4392, Val Acc: 87.35%
2025-11-21 23:55:05,511 - INFO - Training completed!
2025-11-21 23:55:05,512 - INFO - Reference model training completed!
2025-11-21 23:55:05,513 - INFO - Generating training curves...
2025-11-21 23:55:09,822 - INFO - Training curves saved as separate images with base name 'runs/run_37/training_curves_reference'
2025-11-21 23:55:09,823 - INFO - Generating confusion matrix on test set...
2025-11-21 23:57:38,996 - INFO - Performing final evaluation of reference model on test set...
2025-11-21 23:59:34,441 - INFO - Final Test Results of reference model: Loss: 0.4138, Accuracy: 87.71%
2025-11-21 23:59:34,442 - INFO - Generating LR schedule plot of reference model...
2025-11-21 23:59:35,275 - INFO - LR schedule plot saved to 'runs/run_37/lr_schedule_reference.png'
2025-11-21 23:59:35,277 - INFO - 
Final Test Results:
2025-11-21 23:59:35,278 - INFO - Loss: 0.4138
2025-11-21 23:59:35,278 - INFO - Accuracy: 87.71%
2025-11-21 23:59:35,279 - INFO - Precision: 88.15%
2025-11-21 23:59:35,280 - INFO - Recall: 87.71%
2025-11-21 23:59:35,281 - INFO - F1 Score: 87.64%
2025-11-21 23:59:35,298 - INFO - Experiment completed. Results saved to runs/run_37/results_reference.json
2025-11-21 23:59:35,302 - INFO - Experiment completed. Metadata saved to runs/run_37/metadata_reference.json
2025-11-21 23:59:37,679 - INFO - ✅ Model weights saved: trained_models/CIFAR100_final_model_reference_weights.pth
2025-11-21 23:59:37,680 - INFO - Starting custom model training...
2025-11-21 23:59:37,683 - INFO - Starting training...
2025-11-22 00:05:20,615 - INFO - Epoch 1/3: LR: 0.000550
2025-11-22 00:05:20,616 - INFO - Epoch 1/3: Train Loss: 2.3679, Val Loss: 0.9977, Val Acc: 84.28%
2025-11-22 00:11:03,481 - INFO - Epoch 2/3: LR: 0.001000
2025-11-22 00:11:03,482 - INFO - Epoch 2/3: Train Loss: 0.5597, Val Loss: 0.4450, Val Acc: 87.32%
2025-11-22 00:16:46,359 - INFO - Epoch 3/3: LR: 0.000000
2025-11-22 00:16:46,360 - INFO - Epoch 3/3: Train Loss: 0.3854, Val Loss: 0.4251, Val Acc: 87.57%
2025-11-22 00:16:46,361 - INFO - Training completed!
2025-11-22 00:16:46,362 - INFO - Custom model training completed!
2025-11-22 00:16:46,363 - INFO - Generating training curves...
2025-11-22 00:16:50,628 - INFO - Training curves saved as separate images with base name 'runs/run_37/training_curves_custom'
2025-11-22 00:16:50,629 - INFO - Generating confusion matrix on test set...
2025-11-22 00:19:18,978 - INFO - Performing final evaluation of custom model on test set...
2025-11-22 00:21:13,933 - INFO - Final Test Results of custom model: Loss: 0.4096, Accuracy: 87.80%
2025-11-22 00:21:13,935 - INFO - Generating LR schedule plot of custom model...
2025-11-22 00:21:14,732 - INFO - LR schedule plot saved to 'runs/run_37/lr_schedule_custom.png'
2025-11-22 00:21:14,733 - INFO - 
Final Test Results:
2025-11-22 00:21:14,734 - INFO - Loss: 0.4096
2025-11-22 00:21:14,735 - INFO - Accuracy: 87.80%
2025-11-22 00:21:14,735 - INFO - Precision: 88.62%
2025-11-22 00:21:14,736 - INFO - Recall: 87.80%
2025-11-22 00:21:14,737 - INFO - F1 Score: 87.82%
2025-11-22 00:21:14,757 - INFO - Experiment completed. Results saved to runs/run_37/results_custom.json
2025-11-22 00:21:14,761 - INFO - Experiment completed. Metadata saved to runs/run_37/metadata_custom.json
2025-11-22 00:21:17,257 - INFO - ✅ Model weights saved: trained_models/CIFAR100_final_model_custom_weights.pth
2025-11-22 00:21:17,258 - INFO - === MODEL COMPARISON RESULTS (Linear Probing on CIFAR-100) ===
2025-11-22 00:21:17,259 - INFO - Reference (HF): 87.71%
2025-11-22 00:21:17,260 - INFO - Custom        : 87.80%
2025-11-22 00:21:17,261 - INFO - Difference    : 0.09% (custom - reference)
2025-11-22 00:21:17,262 - INFO - Linear probing experiment completed successfully!
