2025-11-19 20:52:14,508 - INFO - Logging initialized. Log file: runs/run_48/training.log
2025-11-19 20:52:14,677 - INFO - Random seeds set to 42 (deterministic=False)
2025-11-19 20:52:14,677 - INFO - Using device: cuda
2025-11-19 20:52:14,678 - INFO - Loading data...
2025-11-19 20:52:17,303 - INFO - Visualizing first batch...
2025-11-19 20:52:17,304 - INFO - Visualizing from DataLoader with 1303 batches
2025-11-19 20:52:18,005 - INFO - Loaded 16 images from dataloader
2025-11-19 20:52:21,274 - INFO - Saved enhanced dataset visualization to runs/run_48/visualization.png
2025-11-19 20:52:21,275 - INFO - Initializing model...
2025-11-19 20:52:21,749 - INFO - Created SwinTransformerModel for CIFAR-100 training.
2025-11-19 20:52:21,776 - INFO - Model moved to device: cuda
2025-11-19 20:52:21,777 - INFO - Patch embed proj device: cuda:0
2025-11-19 20:52:21,777 - INFO - Encoder first layer device: cuda:0
2025-11-19 20:52:21,778 - INFO - Head device: cuda:0
2025-11-19 20:52:21,778 - INFO - Transferring weights from pretrained to custom model...
2025-11-19 20:52:22,219 - INFO - Loading pretrained weights from Hugging Face hub (timm/swin_tiny_patch4_window7_224.ms_in1k)
2025-11-19 20:52:22,454 - INFO - HTTP Request: HEAD https://huggingface.co/timm/swin_tiny_patch4_window7_224.ms_in1k/resolve/main/model.safetensors "HTTP/1.1 302 Found"
2025-11-19 20:52:22,482 - INFO - [timm/swin_tiny_patch4_window7_224.ms_in1k] Safe alternative available for 'pytorch_model.bin' (as 'model.safetensors'). Loading weights using safetensors.
2025-11-19 20:52:22,643 - INFO - Loaded pretrained model: swin_tiny_patch4_window7_224 from timm.
2025-11-19 20:52:22,670 - INFO - Weight transfer: 169 layers transferred.
2025-11-19 20:52:22,672 - INFO - Weight transfer completed: {'transferred': 169, 'missing': 0, 'size_mismatches': 0}
2025-11-19 20:52:22,673 - INFO - After transfer - Patch embed proj device: cuda:0
2025-11-19 20:52:22,674 - INFO - After transfer - Encoder first layer device: cuda:0
2025-11-19 20:52:22,674 - INFO - Total parameters: 78,436
2025-11-19 20:52:22,678 - INFO - Saved configuration to runs/run_48/config.json
2025-11-19 20:52:22,679 - INFO - Starting training...
2025-11-19 20:53:50,659 - INFO - Epoch 1/50: Train Loss: 1.5417, Val Loss: 0.9531, Val Acc: 72.07%
2025-11-19 20:55:15,812 - INFO - Epoch 2/50: Train Loss: 0.8872, Val Loss: 0.8548, Val Acc: 74.76%
2025-11-19 20:56:40,704 - INFO - Epoch 3/50: Train Loss: 0.7777, Val Loss: 0.8224, Val Acc: 75.72%
2025-11-19 20:58:06,210 - INFO - Epoch 4/50: Train Loss: 0.7146, Val Loss: 0.8113, Val Acc: 76.08%
