2025-12-14 14:50:27,886 - INFO - Logging initialized. Log file: runs/run_206/training.log
2025-12-14 14:50:27,983 - INFO - Experiment directory: runs/run_206
2025-12-14 14:50:27,985 - INFO - Setting random seeds for reproducibility (seed: 42)...
2025-12-14 14:50:28,006 - INFO - ✅ All seeds set to 42 (deterministic=False)
2025-12-14 14:50:28,331 - INFO - GPU memory cleared at startup. Available: 11.6GB
2025-12-14 14:50:28,333 - INFO - Using device: cuda
2025-12-14 14:50:28,335 - INFO - Training configuration: epochs=15, warmup=1, lr=0.0015
2025-12-14 14:50:28,337 - INFO - VIT configuration: {'type': 'vit', 'img_size': 224, 'patch_size': 16, 'embed_dim': 448, 'depth': 12, 'num_heads': 7, 'mlp_ratio': 4.0, 'num_classes': 1000}
2025-12-14 14:50:28,338 - INFO - Loading dataset...
2025-12-14 14:50:28,342 - INFO - Starting ImageNet data loading from root: /
2025-12-14 14:50:28,344 - INFO - Resolved root path: /
2025-12-14 14:50:28,345 - INFO - Root path exists: True
2025-12-14 14:50:28,347 - INFO - Root path is dir: True
2025-12-14 14:50:28,357 - INFO - Contents of /: ['/.exec', '/.run', '/.shell', '/.singularity.d', '/.test', '/bin', '/boot', '/dev', '/environment', '/etc', '/home', '/lib', '/lib64', '/media', '/mnt', '/opt', '/proc', '/requirements.txt', '/root', '/run', '/sbin', '/singularity', '/srv', '/sys', '/tmp', '/usr', '/var', '/meta', '/train_set', '/train_set_small', '/val_set', '/val_set_unlabeled']
2025-12-14 14:50:28,359 - INFO - Expected train_dir: /train_set, exists: True
2025-12-14 14:50:28,361 - INFO - Expected val_dir: /val_set, exists: True
2025-12-14 14:50:42,530 - INFO - Loaded ImageNet data from /: train=1281167, val=50000
2025-12-14 14:50:42,881 - INFO - Dataset loaded: train=100000 samples (447 batches), val=50000 samples (224 batches), test=50000 samples (224 batches)
2025-12-14 14:50:47,225 - INFO - Training VIT from scratch
2025-12-14 14:50:47,370 - INFO - Initializing VIT model from scratch...
2025-12-14 14:50:47,372 - INFO - Model architecture: VIT
2025-12-14 14:50:47,374 - INFO - Model config: {'type': 'vit', 'img_size': 224, 'patch_size': 16, 'embed_dim': 448, 'depth': 12, 'num_heads': 7, 'mlp_ratio': 4.0, 'num_classes': 1000}
2025-12-14 14:50:48,607 - INFO - Model created with random initialization
2025-12-14 14:50:48,609 - INFO - Total parameters: 29,854,376
2025-12-14 14:50:48,610 - INFO - Trainable parameters: 29,854,376
2025-12-14 14:50:48,688 - INFO - Starting from-scratch training...
2025-12-14 14:50:48,690 - INFO - Optimizer: training all model parameters
2025-12-14 14:50:48,694 - INFO - LR Scheduler: cosine with 1 warmup epochs
2025-12-14 14:50:48,696 - INFO - Starting training...
2025-12-14 14:50:54,867 - ERROR - Experiment failed with error: CUDA out of memory. Tried to allocate 76.00 MiB. GPU 0 has a total capacity of 11.60 GiB of which 78.31 MiB is free. Including non-PyTorch memory, this process has 11.51 GiB memory in use. Of the allocated memory 11.31 GiB is allocated by PyTorch, and 14.43 MiB is reserved by PyTorch but unallocated. If reserved but unallocated memory is large try setting PYTORCH_CUDA_ALLOC_CONF=expandable_segments:True to avoid fragmentation.  See documentation for Memory Management  (https://pytorch.org/docs/stable/notes/cuda.html#environment-variables)
2025-12-14 14:50:54,869 - ERROR - Full traceback:
Traceback (most recent call last):
  File "/home/pml04/swin_transformer/Machine-Learning-Project/main.py", line 230, in main
    run_from_scratch(
  File "/home/pml04/swin_transformer/Machine-Learning-Project/src/pipelines/from_scratch.py", line 210, in run_from_scratch
    criterion, lr_history, metrics_history = _train_single_model(
                                             ^^^^^^^^^^^^^^^^^^^^
  File "/home/pml04/swin_transformer/Machine-Learning-Project/src/pipelines/from_scratch.py", line 110, in _train_single_model
    run_training_loop(
  File "/home/pml04/swin_transformer/Machine-Learning-Project/src/training/trainer.py", line 165, in run_training_loop
    train_loss = train_one_epoch(
                 ^^^^^^^^^^^^^^^^
  File "/home/pml04/swin_transformer/Machine-Learning-Project/src/training/trainer.py", line 64, in train_one_epoch
    outputs = model(inputs)
              ^^^^^^^^^^^^^
  File "/usr/local/lib/python3.12/site-packages/torch/nn/modules/module.py", line 1775, in _wrapped_call_impl
    return self._call_impl(*args, **kwargs)
           ^^^^^^^^^^^^^^^^^^^^^^^^^^^^^^^^
  File "/usr/local/lib/python3.12/site-packages/torch/nn/modules/module.py", line 1786, in _call_impl
    return forward_call(*args, **kwargs)
           ^^^^^^^^^^^^^^^^^^^^^^^^^^^^^
  File "/usr/local/lib/python3.12/site-packages/timm/models/vision_transformer.py", line 992, in forward
    x = self.forward_features(x, attn_mask=attn_mask)
        ^^^^^^^^^^^^^^^^^^^^^^^^^^^^^^^^^^^^^^^^^^^^^
  File "/usr/local/lib/python3.12/site-packages/timm/models/vision_transformer.py", line 947, in forward_features
    x = self.blocks(x)
        ^^^^^^^^^^^^^^
  File "/usr/local/lib/python3.12/site-packages/torch/nn/modules/module.py", line 1775, in _wrapped_call_impl
    return self._call_impl(*args, **kwargs)
           ^^^^^^^^^^^^^^^^^^^^^^^^^^^^^^^^
  File "/usr/local/lib/python3.12/site-packages/torch/nn/modules/module.py", line 1786, in _call_impl
    return forward_call(*args, **kwargs)
           ^^^^^^^^^^^^^^^^^^^^^^^^^^^^^
  File "/usr/local/lib/python3.12/site-packages/torch/nn/modules/container.py", line 250, in forward
    input = module(input)
            ^^^^^^^^^^^^^
  File "/usr/local/lib/python3.12/site-packages/torch/nn/modules/module.py", line 1775, in _wrapped_call_impl
    return self._call_impl(*args, **kwargs)
           ^^^^^^^^^^^^^^^^^^^^^^^^^^^^^^^^
  File "/usr/local/lib/python3.12/site-packages/torch/nn/modules/module.py", line 1786, in _call_impl
    return forward_call(*args, **kwargs)
           ^^^^^^^^^^^^^^^^^^^^^^^^^^^^^
  File "/usr/local/lib/python3.12/site-packages/timm/models/vision_transformer.py", line 155, in forward
    x = x + self.drop_path1(self.ls1(self.attn(self.norm1(x), attn_mask=attn_mask)))
                                     ^^^^^^^^^^^^^^^^^^^^^^^^^^^^^^^^^^^^^^^^^^^^^
  File "/usr/local/lib/python3.12/site-packages/torch/nn/modules/module.py", line 1775, in _wrapped_call_impl
    return self._call_impl(*args, **kwargs)
           ^^^^^^^^^^^^^^^^^^^^^^^^^^^^^^^^
  File "/usr/local/lib/python3.12/site-packages/torch/nn/modules/module.py", line 1786, in _call_impl
    return forward_call(*args, **kwargs)
           ^^^^^^^^^^^^^^^^^^^^^^^^^^^^^
  File "/usr/local/lib/python3.12/site-packages/timm/layers/attention.py", line 98, in forward
    x = self.proj(x)
        ^^^^^^^^^^^^
  File "/usr/local/lib/python3.12/site-packages/torch/nn/modules/module.py", line 1775, in _wrapped_call_impl
    return self._call_impl(*args, **kwargs)
           ^^^^^^^^^^^^^^^^^^^^^^^^^^^^^^^^
  File "/usr/local/lib/python3.12/site-packages/torch/nn/modules/module.py", line 1786, in _call_impl
    return forward_call(*args, **kwargs)
           ^^^^^^^^^^^^^^^^^^^^^^^^^^^^^
  File "/usr/local/lib/python3.12/site-packages/torch/nn/modules/linear.py", line 134, in forward
    return F.linear(input, self.weight, self.bias)
           ^^^^^^^^^^^^^^^^^^^^^^^^^^^^^^^^^^^^^^^
torch.OutOfMemoryError: CUDA out of memory. Tried to allocate 76.00 MiB. GPU 0 has a total capacity of 11.60 GiB of which 78.31 MiB is free. Including non-PyTorch memory, this process has 11.51 GiB memory in use. Of the allocated memory 11.31 GiB is allocated by PyTorch, and 14.43 MiB is reserved by PyTorch but unallocated. If reserved but unallocated memory is large try setting PYTORCH_CUDA_ALLOC_CONF=expandable_segments:True to avoid fragmentation.  See documentation for Memory Management  (https://pytorch.org/docs/stable/notes/cuda.html#environment-variables)
