2025-11-21 23:11:53,962 - INFO - Logging initialized. Log file: runs/run_34/training.log
2025-11-21 23:11:53,979 - INFO - Experiment directory: runs/run_34
2025-11-21 23:11:54,169 - INFO - Setting random seeds for reproducibility (seed: 42)...
2025-11-21 23:11:54,183 - INFO - Random seeds set to 42 (deterministic=False)
2025-11-21 23:11:54,184 - INFO - Setting up device...
2025-11-21 23:11:54,186 - INFO - Using device: cuda
2025-11-21 23:11:54,187 - INFO - Using device: cuda
2025-11-21 23:11:54,188 - INFO - Training configuration: epochs=3, warmup=2, lr=0.001
2025-11-21 23:11:54,190 - INFO - Using pretrained model: swin_base_patch4_window7_224
2025-11-21 23:11:54,191 - INFO - Model architecture: Swin-Base
2025-11-21 23:11:54,192 - INFO - Model config: embed_dim=128, depths=[2, 2, 18, 2], num_heads=[4, 8, 16, 32]
2025-11-21 23:11:54,194 - INFO - Image size: 224x224, patch_size: 4x4
2025-11-21 23:11:54,195 - INFO - Loading dataset...
2025-11-21 23:11:56,611 - INFO - Dataset loaded: train=1303, val=261, test=313 batches
2025-11-21 23:11:56,612 - INFO - Initializing reference model...
2025-11-21 23:11:56,614 - INFO - Loading TIMM model: swin_base_patch4_window7_224 with pretrained weights
2025-11-21 23:11:57,864 - INFO - Loading pretrained weights from Hugging Face hub (timm/swin_base_patch4_window7_224.ms_in22k_ft_in1k)
2025-11-21 23:11:58,105 - INFO - HTTP Request: HEAD https://huggingface.co/timm/swin_base_patch4_window7_224.ms_in22k_ft_in1k/resolve/main/model.safetensors "HTTP/1.1 302 Found"
2025-11-21 23:11:58,185 - INFO - [timm/swin_base_patch4_window7_224.ms_in22k_ft_in1k] Safe alternative available for 'pytorch_model.bin' (as 'model.safetensors'). Loading weights using safetensors.
2025-11-21 23:12:01,746 - INFO - Successfully loaded swin_base_patch4_window7_224 from TIMM
2025-11-21 23:12:01,748 - INFO - Encoder loaded: 1024 output features
2025-11-21 23:12:01,750 - INFO - Created classification head: 1024 -> 100 classes
2025-11-21 23:12:01,753 - INFO - Reference model created. Trainable params (head only): 104,548
2025-11-21 23:12:02,034 - INFO - Detected Swin Transformer architecture
2025-11-21 23:12:02,036 - INFO - Extracting model size from TIMM model name...
2025-11-21 23:12:02,037 - INFO - Detected model size: base
2025-11-21 23:12:02,039 - INFO - Will create custom model with: {'embed_dim': 128, 'depths': [2, 2, 18, 2], 'num_heads': [4, 8, 16, 32]}
2025-11-21 23:12:02,040 - INFO - Initializing custom Swin model (size: base)...
2025-11-21 23:12:02,042 - INFO - Custom model will match architecture: embed_dim=128, depths=[2, 2, 18, 2], num_heads=[4, 8, 16, 32]
2025-11-21 23:12:03,120 - INFO - Transferring weights from reference to custom encoder...
2025-11-21 23:12:03,122 - INFO - Weight transfer: SwinTransformer -> SwinTransformerModel
2025-11-21 23:12:03,153 - INFO - Weight transfer: 325 layers transferred.
2025-11-21 23:12:03,210 - INFO - Weight transfer completed: {'transferred': 325, 'missing': 0, 'size_mismatches': 0}
2025-11-21 23:12:03,211 - INFO - ✓ All expected weights transferred successfully
2025-11-21 23:12:03,213 - INFO - Custom model created. Trainable params (head only): 104,548
2025-11-21 23:12:03,217 - INFO - Starting reference model training...
2025-11-21 23:12:03,219 - INFO - Starting training...
2025-11-21 23:18:08,411 - INFO - Epoch 1/3: LR: 0.000550
2025-11-21 23:18:08,424 - INFO - Epoch 1/3: Train Loss: 2.8799, Val Loss: 1.5045, Val Acc: 80.57%
2025-11-21 23:24:11,582 - INFO - Epoch 2/3: LR: 0.001000
2025-11-21 23:24:11,689 - INFO - Epoch 2/3: Train Loss: 0.7458, Val Loss: 0.5426, Val Acc: 84.17%
2025-11-21 23:30:15,178 - INFO - Epoch 3/3: LR: 0.000000
2025-11-21 23:30:15,180 - INFO - Epoch 3/3: Train Loss: 0.4973, Val Loss: 0.4933, Val Acc: 85.42%
2025-11-21 23:30:15,181 - INFO - Training completed!
2025-11-21 23:30:15,183 - INFO - Reference model training completed!
2025-11-21 23:30:15,185 - INFO - Generating training curves...
2025-11-21 23:30:17,160 - INFO - Training curves saved as separate images with base name 'runs/run_34/training_curves_reference'
2025-11-21 23:30:17,162 - INFO - Generating confusion matrix on test set...
2025-11-21 23:32:33,596 - INFO - Performing final evaluation of reference model on test set...
2025-11-21 23:34:37,956 - INFO - Final Test Results of reference model: Loss: 0.4795, Accuracy: 85.82%
2025-11-21 23:34:37,958 - INFO - Generating LR schedule plot of reference model...
2025-11-21 23:34:38,312 - INFO - LR schedule plot saved to 'runs/run_34/lr_schedule_reference.png'
2025-11-21 23:34:38,314 - INFO - 
Final Test Results:
2025-11-21 23:34:38,316 - INFO - Loss: 0.4795
2025-11-21 23:34:38,317 - INFO - Accuracy: 85.82%
2025-11-21 23:34:38,319 - INFO - Precision: 86.25%
2025-11-21 23:34:38,321 - INFO - Recall: 85.82%
2025-11-21 23:34:38,322 - INFO - F1 Score: 85.77%
2025-11-21 23:34:38,330 - INFO - Experiment completed. Results saved to runs/run_34/results_reference.json
2025-11-21 23:34:38,334 - INFO - Experiment completed. Metadata saved to runs/run_34/metadata_reference.json
2025-11-21 23:34:39,055 - INFO - ✅ Model weights saved: trained_models/CIFAR100_final_model_reference_weights.pth
2025-11-21 23:34:39,057 - INFO - Starting custom model training...
2025-11-21 23:34:39,059 - INFO - Starting training...
2025-11-21 23:40:44,427 - INFO - Epoch 1/3: LR: 0.000550
2025-11-21 23:40:44,428 - INFO - Epoch 1/3: Train Loss: 2.9112, Val Loss: 1.5104, Val Acc: 80.84%
2025-11-21 23:46:49,656 - INFO - Epoch 2/3: LR: 0.001000
2025-11-21 23:46:49,658 - INFO - Epoch 2/3: Train Loss: 0.7506, Val Loss: 0.5315, Val Acc: 84.96%
2025-11-21 23:52:54,975 - INFO - Epoch 3/3: LR: 0.000000
2025-11-21 23:52:54,977 - INFO - Epoch 3/3: Train Loss: 0.4915, Val Loss: 0.4779, Val Acc: 85.46%
2025-11-21 23:52:54,979 - INFO - Training completed!
2025-11-21 23:52:54,980 - INFO - Custom model training completed!
2025-11-21 23:52:54,981 - INFO - Generating training curves...
2025-11-21 23:52:56,861 - INFO - Training curves saved as separate images with base name 'runs/run_34/training_curves_custom'
2025-11-21 23:52:56,862 - INFO - Generating confusion matrix on test set...
2025-11-21 23:55:13,517 - INFO - Performing final evaluation of custom model on test set...
2025-11-21 23:57:18,320 - INFO - Final Test Results of custom model: Loss: 0.4786, Accuracy: 85.66%
2025-11-21 23:57:18,322 - INFO - Generating LR schedule plot of custom model...
2025-11-21 23:57:18,675 - INFO - LR schedule plot saved to 'runs/run_34/lr_schedule_custom.png'
2025-11-21 23:57:18,676 - INFO - 
Final Test Results:
2025-11-21 23:57:18,677 - INFO - Loss: 0.4786
2025-11-21 23:57:18,678 - INFO - Accuracy: 85.66%
2025-11-21 23:57:18,679 - INFO - Precision: 86.23%
2025-11-21 23:57:18,681 - INFO - Recall: 85.66%
2025-11-21 23:57:18,683 - INFO - F1 Score: 85.64%
2025-11-21 23:57:18,690 - INFO - Experiment completed. Results saved to runs/run_34/results_custom.json
2025-11-21 23:57:18,693 - INFO - Experiment completed. Metadata saved to runs/run_34/metadata_custom.json
2025-11-21 23:57:19,407 - INFO - ✅ Model weights saved: trained_models/CIFAR100_final_model_custom_weights.pth
2025-11-21 23:57:19,408 - INFO - === MODEL COMPARISON RESULTS (Linear Probing on CIFAR-100) ===
2025-11-21 23:57:19,409 - INFO - Reference (HF): 85.82%
2025-11-21 23:57:19,410 - INFO - Custom        : 85.66%
2025-11-21 23:57:19,411 - INFO - Difference    : 0.16% (custom - reference)
2025-11-21 23:57:19,412 - INFO - Linear probing experiment completed successfully!
