2025-11-27 22:41:08,246 - INFO - Logging initialized. Log file: runs/run_69/training.log
2025-11-27 22:41:08,247 - INFO - Experiment directory: runs/run_69
2025-11-27 22:41:08,248 - INFO - Setting random seeds for reproducibility (seed: 42)...
2025-11-27 22:41:08,372 - INFO - Random seeds set to 42 (deterministic=False)
2025-11-27 22:41:08,373 - INFO - Using device: cuda
2025-11-27 22:41:08,374 - INFO - Training configuration: epochs=2, warmup=1, lr=0.0001
2025-11-27 22:41:08,374 - INFO - Loading dataset...
2025-11-27 22:41:08,375 - ERROR - Root path /home/space/datasets/imagenet/2012/ does not exist.
2025-11-27 22:41:08,376 - ERROR - Experiment failed with error: Root path /home/space/datasets/imagenet/2012/ does not exist.
2025-11-27 22:41:08,376 - ERROR - Full traceback:
Traceback (most recent call last):
  File "/home/pml04/swin_transformer/Machine-Learning-Project/main.py", line 154, in main
    train_generator, val_generator, test_generator = load_data(
                                                     ^^^^^^^^^^
  File "/home/pml04/swin_transformer/Machine-Learning-Project/src/data/dataloader.py", line 307, in load_data
    train_dataset, val_dataset, test_dataset = _load_imagenet_data(
                                               ^^^^^^^^^^^^^^^^^^^^
  File "/home/pml04/swin_transformer/Machine-Learning-Project/src/data/dataloader.py", line 158, in _load_imagenet_data
    raise FileNotFoundError(f"Root path {root} does not exist.")
FileNotFoundError: Root path /home/space/datasets/imagenet/2012/ does not exist.
