2025-12-14 13:34:37,153 - INFO - Logging initialized. Log file: runs/run_205/training.log
2025-12-14 13:34:37,156 - INFO - Experiment directory: runs/run_205
2025-12-14 13:34:37,158 - INFO - Setting random seeds for reproducibility (seed: 42)...
2025-12-14 13:34:37,180 - INFO - ✅ All seeds set to 42 (deterministic=False)
2025-12-14 13:34:37,635 - INFO - GPU memory cleared at startup. Available: 23.6GB
2025-12-14 13:34:37,637 - INFO - Using device: cuda
2025-12-14 13:34:37,639 - INFO - Training configuration: epochs=50, warmup=4, lr=0.0005
2025-12-14 13:34:37,641 - INFO - SWIN configuration: variant=tiny, use_shifted_window=True, use_relative_bias=True, use_absolute_pos_embed=False, use_hierarchical_merge=False, use_gradient_checkpointing=True
2025-12-14 13:34:37,642 - INFO - SWIN details: embed_dim=96, depths=[2, 2, 6, 2], num_heads=[3, 6, 12, 24], window_size=7
2025-12-14 13:34:37,644 - INFO - Loading dataset...
2025-12-14 13:34:37,649 - INFO - Starting ImageNet data loading from root: /
2025-12-14 13:34:37,651 - INFO - Resolved root path: /
2025-12-14 13:34:37,653 - INFO - Root path exists: True
2025-12-14 13:34:37,655 - INFO - Root path is dir: True
2025-12-14 13:34:37,666 - INFO - Contents of /: ['/.exec', '/.run', '/.shell', '/.singularity.d', '/.test', '/bin', '/boot', '/dev', '/environment', '/etc', '/home', '/lib', '/lib64', '/media', '/mnt', '/opt', '/proc', '/requirements.txt', '/root', '/run', '/sbin', '/singularity', '/srv', '/sys', '/tmp', '/usr', '/var', '/meta', '/train_set', '/train_set_small', '/val_set', '/val_set_unlabeled']
2025-12-14 13:34:37,668 - INFO - Expected train_dir: /train_set, exists: True
2025-12-14 13:34:37,669 - INFO - Expected val_dir: /val_set, exists: True
2025-12-14 13:34:51,965 - INFO - Loaded ImageNet data from /: train=1281167, val=50000
2025-12-14 13:34:52,310 - INFO - Dataset loaded: train=100000 samples (447 batches), val=50000 samples (224 batches), test=50000 samples (224 batches)
2025-12-14 13:34:56,575 - INFO - Training Swin-Tiny from scratch
2025-12-14 13:34:56,577 - INFO - Initializing model from scratch...
2025-12-14 13:34:56,578 - INFO - Model architecture: Swin-Tiny
2025-12-14 13:34:56,580 - INFO - Model config: embed_dim=96, depths=[2, 2, 6, 2], num_heads=[3, 6, 12, 24], window_size=7, use_shifted_window=True, use_relative_bias=True, use_absolute_pos_embed=False, use_hierarchical_merge=False, use_gradient_checkpointing=True
2025-12-14 13:34:57,575 - INFO - Model created with random initialization
2025-12-14 13:34:57,577 - INFO - Total parameters: 28,288,354
2025-12-14 13:34:57,579 - INFO - Trainable parameters: 28,288,354
2025-12-14 13:34:57,689 - INFO - Starting from-scratch training...
2025-12-14 13:34:57,691 - INFO - Optimizer: training all model parameters
2025-12-14 13:34:57,695 - INFO - LR Scheduler: cosine with 4 warmup epochs
2025-12-14 13:34:57,697 - INFO - Starting training...
2025-12-14 14:47:59,080 - INFO - Epoch 1/50: LR: 0.000129
2025-12-14 14:47:59,121 - INFO - Epoch 1/50: Train Loss: 6.8981, Val Loss: 6.7921, Val Acc: 0.46%
2025-12-14 15:35:52,950 - INFO - Epoch 2/50: LR: 0.000253
2025-12-14 15:35:53,004 - INFO - Epoch 2/50: Train Loss: 6.7482, Val Loss: 6.5237, Val Acc: 0.97%
