2025-11-27 12:52:23,061 - INFO - Logging initialized. Log file: runs/run_53/training.log
2025-11-27 12:52:23,103 - INFO - Experiment directory: runs/run_53
2025-11-27 12:52:23,105 - INFO - Setting random seeds for reproducibility (seed: 42)...
2025-11-27 12:52:23,314 - INFO - Random seeds set to 42 (deterministic=False)
2025-11-27 12:52:23,315 - INFO - Using device: cuda
2025-11-27 12:52:23,317 - INFO - Training configuration: epochs=1, warmup=0, lr=0.001
2025-11-27 12:52:23,318 - INFO - Loading dataset...
2025-11-27 12:52:26,916 - INFO - Dataset loaded: train=1303, val=261, test=313 batches
2025-11-27 12:52:30,153 - INFO - Using pretrained model: swin_large_patch4_window7_224
2025-11-27 12:52:30,154 - INFO - Model architecture: Swin-Large
2025-11-27 12:52:30,156 - INFO - Initializing reference model...
2025-11-27 12:52:30,157 - INFO - Loading TIMM model: swin_large_patch4_window7_224 with pretrained weights
2025-11-27 12:52:32,593 - INFO - Loading pretrained weights from Hugging Face hub (timm/swin_large_patch4_window7_224.ms_in22k_ft_in1k)
2025-11-27 12:52:32,860 - INFO - HTTP Request: HEAD https://huggingface.co/timm/swin_large_patch4_window7_224.ms_in22k_ft_in1k/resolve/main/model.safetensors "HTTP/1.1 302 Found"
2025-11-27 12:52:32,868 - INFO - [timm/swin_large_patch4_window7_224.ms_in22k_ft_in1k] Safe alternative available for 'pytorch_model.bin' (as 'model.safetensors'). Loading weights using safetensors.
2025-11-27 12:52:35,052 - INFO - Successfully loaded swin_large_patch4_window7_224 from TIMM
2025-11-27 12:52:35,054 - INFO - Encoder loaded: 1536 output features
2025-11-27 12:52:35,056 - INFO - Created classification head: 1536 -> 100 classes
2025-11-27 12:52:35,059 - INFO - Reference model created. Trainable params (head only): 156,772
2025-11-27 12:52:35,584 - INFO - Detected Swin Transformer architecture
2025-11-27 12:52:35,586 - INFO - Detected model size: large
2025-11-27 12:52:35,587 - INFO - Initializing custom Swin model (size: large)...
2025-11-27 12:52:35,589 - INFO - Custom model will match architecture: embed_dim=192, depths=[2, 2, 18, 2], num_heads=[6, 12, 24, 48]
2025-11-27 12:52:37,827 - INFO - Transferring weights from reference to custom encoder...
2025-11-27 12:52:37,829 - INFO - Weight transfer: SwinTransformer -> SwinTransformerModel
2025-11-27 12:52:37,892 - INFO - Weight transfer: 325 layers transferred.
2025-11-27 12:52:38,013 - INFO - Weight transfer completed: {'transferred': 325, 'missing': 0, 'size_mismatches': 0}
2025-11-27 12:52:38,015 - INFO - ✓ All expected weights transferred successfully
2025-11-27 12:52:38,018 - INFO - Custom model created. Trainable params (head only): 156,772
2025-11-27 12:52:38,022 - INFO - Starting reference model training...
2025-11-27 12:52:38,023 - INFO - Optimizer: training head parameters only (encoder frozen)
2025-11-27 12:52:38,024 - INFO - Starting training...
2025-11-27 13:04:18,512 - INFO - Epoch 1/1: LR: 0.001100
2025-11-27 13:04:18,544 - INFO - Epoch 1/1: Train Loss: 2.3537, Val Loss: 0.9997, Val Acc: 84.26%
2025-11-27 13:04:18,546 - INFO - Training completed!
2025-11-27 13:04:18,547 - INFO - Reference model training completed!
2025-11-27 13:04:18,549 - INFO - Generating training curves...
2025-11-27 13:04:20,287 - INFO - Training curves saved as separate images with base name 'runs/run_53/training_curves_reference'
2025-11-27 13:04:20,289 - INFO - Generating confusion matrix on test set...
2025-11-27 13:08:30,335 - INFO - Performing final evaluation of reference model on test set...
2025-11-27 13:12:28,330 - INFO - Final Test Results of reference model: Loss: 0.9889, Accuracy: 84.06%
2025-11-27 13:12:28,353 - INFO - Generating LR schedule plot of reference model...
2025-11-27 13:12:28,664 - INFO - LR schedule plot saved to 'runs/run_53/lr_schedule_reference.png'
2025-11-27 13:12:28,665 - INFO - 
Final Test Results:
2025-11-27 13:12:28,666 - INFO - Loss: 0.9889
2025-11-27 13:12:28,668 - INFO - Accuracy: 84.06%
2025-11-27 13:12:28,669 - INFO - Precision: 84.45%
2025-11-27 13:12:28,670 - INFO - Recall: 84.06%
2025-11-27 13:12:28,671 - INFO - F1 Score: 83.87%
2025-11-27 13:12:28,678 - INFO - Experiment completed. Results saved to runs/run_53/results_reference.json
2025-11-27 13:12:28,682 - INFO - Experiment completed. Metadata saved to runs/run_53/metadata_reference.json
2025-11-27 13:12:30,693 - INFO - ✅ Model weights saved: trained_models/CIFAR100_final_model_reference_weights.pth
2025-11-27 13:12:30,694 - INFO - Starting custom model training...
2025-11-27 13:12:30,695 - INFO - Optimizer: training head parameters only (encoder frozen)
2025-11-27 13:12:30,696 - INFO - Starting training...
2025-11-27 13:24:12,729 - INFO - Epoch 1/1: LR: 0.001100
2025-11-27 13:24:12,746 - INFO - Epoch 1/1: Train Loss: 2.3660, Val Loss: 1.0002, Val Acc: 84.14%
2025-11-27 13:24:12,748 - INFO - Training completed!
2025-11-27 13:24:12,749 - INFO - Custom model training completed!
2025-11-27 13:24:12,751 - INFO - Generating training curves...
2025-11-27 13:24:14,410 - INFO - Training curves saved as separate images with base name 'runs/run_53/training_curves_custom'
2025-11-27 13:24:14,412 - INFO - Generating confusion matrix on test set...
2025-11-27 13:28:24,763 - INFO - Performing final evaluation of custom model on test set...
2025-11-27 13:32:22,894 - INFO - Final Test Results of custom model: Loss: 0.9896, Accuracy: 84.67%
2025-11-27 13:32:22,905 - INFO - Generating LR schedule plot of custom model...
2025-11-27 13:32:23,217 - INFO - LR schedule plot saved to 'runs/run_53/lr_schedule_custom.png'
2025-11-27 13:32:23,219 - INFO - 
Final Test Results:
2025-11-27 13:32:23,221 - INFO - Loss: 0.9896
2025-11-27 13:32:23,224 - INFO - Accuracy: 84.67%
2025-11-27 13:32:23,227 - INFO - Precision: 84.96%
2025-11-27 13:32:23,229 - INFO - Recall: 84.67%
2025-11-27 13:32:23,231 - INFO - F1 Score: 84.58%
2025-11-27 13:32:23,239 - INFO - Experiment completed. Results saved to runs/run_53/results_custom.json
2025-11-27 13:32:23,246 - INFO - Experiment completed. Metadata saved to runs/run_53/metadata_custom.json
2025-11-27 13:32:25,416 - INFO - ✅ Model weights saved: trained_models/CIFAR100_final_model_custom_weights.pth
2025-11-27 13:32:25,417 - INFO - === MODEL COMPARISON RESULTS (linear_probe on CIFAR100) ===
2025-11-27 13:32:25,419 - INFO - Reference (TIMM): 84.06%
2025-11-27 13:32:25,420 - INFO - Custom          : 84.67%
2025-11-27 13:32:25,421 - INFO - Difference      : 0.61%
2025-11-27 13:32:25,425 - INFO - linear_probe experiment completed successfully!
