2025-12-02 21:14:07,162 - INFO - Logging initialized. Log file: runs/run_81/training.log
2025-12-02 21:14:07,163 - INFO - Experiment directory: runs/run_81
2025-12-02 21:14:07,164 - INFO - Setting random seeds for reproducibility (seed: 42)...
2025-12-02 21:14:07,298 - INFO - Random seeds set to 42 (deterministic=False)
2025-12-02 21:14:07,299 - INFO - Using device: cuda
2025-12-02 21:14:07,299 - INFO - Training configuration: epochs=2, warmup=1, lr=0.0001
2025-12-02 21:14:07,300 - INFO - Loading dataset...
2025-12-02 21:14:07,301 - INFO - Starting ImageNet data loading from root: /mnt/datasets/imagenet/2012
2025-12-02 21:14:07,302 - INFO - Resolved root path: /mnt/datasets/imagenet/2012
2025-12-02 21:14:07,303 - INFO - Root path exists: True
2025-12-02 21:14:07,304 - INFO - Root path is dir: True
2025-12-02 21:14:07,304 - INFO - Contents of /mnt/datasets/imagenet/2012: ['/mnt/datasets/imagenet/2012/train_set_small', '/mnt/datasets/imagenet/2012/train_set', '/mnt/datasets/imagenet/2012/val_set_unlabeled', '/mnt/datasets/imagenet/2012/val_set', '/mnt/datasets/imagenet/2012/meta']
2025-12-02 21:14:07,305 - INFO - Loading ImageNet datasets using torchvision.ImageNet...
2025-12-02 21:14:07,467 - ERROR - Failed to load ImageNet with torchvision.ImageNet: The archive ILSVRC2012_devkit_t12.tar.gz is not present in the root directory or is corrupted. You need to download it externally and place it in /mnt/datasets/imagenet/2012.
2025-12-02 21:14:07,468 - INFO - Fallback: Expected train_dir: /mnt/datasets/imagenet/2012/train_set, exists: True
2025-12-02 21:14:07,469 - INFO - Fallback: Expected val_dir: /mnt/datasets/imagenet/2012/val_set, exists: True
2025-12-02 21:14:24,812 - INFO - Loaded ImageNet data (fallback) from /mnt/datasets/imagenet/2012: train=1281167, val=50000
2025-12-02 21:14:24,813 - INFO - Dataset loaded: train=5000 samples (40 batches), val=500 samples (4 batches), test=500 samples (4 batches)
2025-12-02 21:14:26,448 - INFO - Training Swin-Tiny from scratch
2025-12-02 21:14:26,449 - INFO - Initializing model from scratch...
2025-12-02 21:14:26,450 - INFO - Model architecture: Swin-Tiny
2025-12-02 21:14:26,451 - INFO - Model config: embed_dim=96, depths=[2, 2, 6, 2], num_heads=[3, 6, 12, 24]
2025-12-02 21:14:26,975 - INFO - Model created with random initialization
2025-12-02 21:14:26,975 - INFO - Total parameters: 28,288,354
2025-12-02 21:14:26,976 - INFO - Trainable parameters: 28,288,354
2025-12-02 21:14:27,262 - INFO - Starting from-scratch training...
2025-12-02 21:14:27,262 - INFO - Optimizer: training all model parameters
2025-12-02 21:14:27,264 - INFO - Starting training...
2025-12-02 21:14:43,305 - WARNING - Experiment interrupted by user
