2025-11-27 22:29:52,340 - INFO - Logging initialized. Log file: runs/run_63/training.log
2025-11-27 22:29:52,398 - INFO - Experiment directory: runs/run_63
2025-11-27 22:29:52,400 - INFO - Setting random seeds for reproducibility (seed: 42)...
2025-11-27 22:29:52,525 - INFO - Random seeds set to 42 (deterministic=False)
2025-11-27 22:29:52,527 - INFO - Using device: cuda
2025-11-27 22:29:52,528 - INFO - Training configuration: epochs=2, warmup=1, lr=0.0001
2025-11-27 22:29:52,530 - INFO - Loading dataset...
2025-11-27 22:29:52,531 - ERROR - ImageNet data not found in /home/space/datasets/imagenet/2012/. Expected 'train_set' and 'val_set' subfolders. Please ensure ImageNet is manually downloaded and extracted to the correct location. Automatic download is not supported for ImageNet.
2025-11-27 22:29:52,533 - ERROR - Experiment failed with error: ImageNet data not found in /home/space/datasets/imagenet/2012/. Expected 'train_set' and 'val_set' subfolders.
2025-11-27 22:29:52,534 - ERROR - Full traceback:
Traceback (most recent call last):
  File "/home/pml04/swin_transformer/Machine-Learning-Project/main.py", line 154, in main
    train_generator, val_generator, test_generator = load_data(
                                                     ^^^^^^^^^^
  File "/home/pml04/swin_transformer/Machine-Learning-Project/src/data/dataloader.py", line 297, in load_data
    train_dataset, val_dataset, test_dataset = _load_imagenet_data(
                                               ^^^^^^^^^^^^^^^^^^^^
  File "/home/pml04/swin_transformer/Machine-Learning-Project/src/data/dataloader.py", line 162, in _load_imagenet_data
    raise FileNotFoundError(
FileNotFoundError: ImageNet data not found in /home/space/datasets/imagenet/2012/. Expected 'train_set' and 'val_set' subfolders.
