2025-12-15 01:52:56,622 - INFO - Logging initialized. Log file: runs/run_211/training.log
2025-12-15 01:52:56,640 - INFO - Experiment directory: runs/run_211
2025-12-15 01:52:56,642 - INFO - Setting random seeds for reproducibility (seed: 42)...
2025-12-15 01:52:56,664 - INFO - ✅ All seeds set to 42 (deterministic=False)
2025-12-15 01:52:57,149 - INFO - GPU memory cleared at startup. Available: 23.6GB
2025-12-15 01:52:57,151 - INFO - Using device: cuda
2025-12-15 01:52:57,153 - INFO - Training configuration: epochs=15, warmup=1, lr=0.0015
2025-12-15 01:52:57,154 - INFO - SWIN configuration: variant=tiny, use_shifted_window=True, use_relative_bias=True, use_absolute_pos_embed=False, use_hierarchical_merge=False, use_gradient_checkpointing=True
2025-12-15 01:52:57,156 - INFO - SWIN details: embed_dim=96, depths=[2, 2, 6, 2], num_heads=[3, 6, 12, 24], window_size=7
2025-12-15 01:52:57,157 - INFO - Loading dataset...
2025-12-15 01:52:57,161 - INFO - Starting ImageNet data loading from root: /
2025-12-15 01:52:57,163 - INFO - Resolved root path: /
2025-12-15 01:52:57,164 - INFO - Root path exists: True
2025-12-15 01:52:57,166 - INFO - Root path is dir: True
2025-12-15 01:52:57,177 - INFO - Contents of /: ['/.exec', '/.run', '/.shell', '/.singularity.d', '/.test', '/bin', '/boot', '/dev', '/environment', '/etc', '/home', '/lib', '/lib64', '/media', '/mnt', '/opt', '/proc', '/requirements.txt', '/root', '/run', '/sbin', '/singularity', '/srv', '/sys', '/tmp', '/usr', '/var', '/meta', '/train_set', '/train_set_small', '/val_set', '/val_set_unlabeled']
2025-12-15 01:52:57,179 - INFO - Expected train_dir: /train_set, exists: True
2025-12-15 01:52:57,181 - INFO - Expected val_dir: /val_set, exists: True
2025-12-15 01:53:11,376 - INFO - Loaded ImageNet data from /: train=1281167, val=50000
2025-12-15 01:53:11,717 - INFO - Dataset loaded: train=100000 samples (447 batches), val=50000 samples (224 batches), test=50000 samples (224 batches)
2025-12-15 01:53:15,952 - INFO - Training SWIN from scratch
2025-12-15 01:53:15,958 - INFO - Initializing SWIN model from scratch...
2025-12-15 01:53:15,959 - INFO - Model architecture: SWIN
2025-12-15 01:53:15,961 - INFO - Model config: {'type': 'swin', 'variant': 'tiny', 'patch_size': 4, 'embed_dim': 96, 'depths': [2, 2, 6, 2], 'num_heads': [3, 6, 12, 24], 'window_size': 7, 'mlp_ratio': 4.0, 'dropout': 0.0, 'attention_dropout': 0.0, 'projection_dropout': 0.0, 'drop_path_rate': 0.08, 'use_shifted_window': True, 'use_relative_bias': True, 'use_absolute_pos_embed': False, 'use_hierarchical_merge': False, 'use_gradient_checkpointing': True}
2025-12-15 01:53:16,987 - INFO - Model created with random initialization
2025-12-15 01:53:16,989 - INFO - Total parameters: 28,288,354
2025-12-15 01:53:16,990 - INFO - Trainable parameters: 28,288,354
2025-12-15 01:53:17,067 - INFO - Starting from-scratch training...
2025-12-15 01:53:17,069 - INFO - Optimizer: training all model parameters
2025-12-15 01:53:17,073 - INFO - LR Scheduler: cosine with 1 warmup epochs
2025-12-15 01:53:17,074 - INFO - Starting training...
2025-12-15 02:47:47,635 - INFO - Epoch 1/15: LR: 0.001500
2025-12-15 02:47:47,651 - INFO - Epoch 1/15: Train Loss: 6.8515, Val Loss: 6.7133, Val Acc: 0.51%
2025-12-15 03:36:27,307 - INFO - Epoch 2/15: LR: 0.001482
2025-12-15 03:36:27,317 - INFO - Epoch 2/15: Train Loss: 6.9426, Val Loss: 6.9012, Val Acc: 0.13%
2025-12-15 04:25:23,084 - INFO - Epoch 3/15: LR: 0.001431
2025-12-15 04:25:23,168 - INFO - Epoch 3/15: Train Loss: 6.8912, Val Loss: 6.8691, Val Acc: 0.24%
2025-12-15 05:10:26,620 - INFO - Epoch 4/15: LR: 0.001347
2025-12-15 05:10:26,660 - INFO - Epoch 4/15: Train Loss: 6.8600, Val Loss: 6.8321, Val Acc: 0.27%
2025-12-15 05:57:41,480 - INFO - Epoch 5/15: LR: 0.001236
2025-12-15 06:11:52,956 - INFO - Epoch 5/15: Train Loss: 6.8362, Val Loss: 6.7896, Val Acc: 0.38%, Test Loss: 6.7896, Test Acc: 0.38%
