2025-11-15 10:36:56,502 - INFO - Logging initialized. Log file: runs/run_28/training.log
2025-11-15 10:36:56,647 - INFO - Random seeds set to 42 (deterministic=False)
2025-11-15 10:36:56,713 - INFO - Using device: cpu
2025-11-15 10:36:56,714 - INFO - Loading data...
2025-11-15 10:36:59,039 - INFO - Visualizing first batch...
2025-11-15 10:36:59,040 - INFO - Visualizing from DataLoader with 1303 batches
2025-11-15 10:36:59,462 - INFO - Loaded 16 images from dataloader
2025-11-15 10:37:02,669 - INFO - Saved enhanced dataset visualization to runs/run_28/visualization.png
2025-11-15 10:37:02,673 - INFO - Generating CIFAR-100 class distribution plot...
2025-11-15 10:37:02,674 - INFO - Downloading CIFAR-100 dataset to ./datasets
2025-11-15 10:37:04,731 - INFO - Saved CIFAR-100 distribution plot to runs/run_28/cifar100_class_distribution.pdf
2025-11-15 10:37:04,734 - INFO - Generating upsampling comparison plot...
2025-11-15 10:37:06,375 - INFO - Saved upsampling comparison plot to runs/run_28/upsampling_comparison.pdf
2025-11-15 10:37:06,377 - INFO - Initializing model...
2025-11-15 10:37:06,812 - INFO - Created Swin-Tiny model for validation against pretrained weights.
2025-11-15 10:37:06,814 - INFO - Total parameters: 28,288,354
2025-11-15 10:37:06,819 - INFO - Saved configuration to runs/run_28/config.json
2025-11-15 10:37:06,820 - INFO - Starting model implementation validation...
2025-11-15 10:37:07,567 - INFO - Loading pretrained weights from Hugging Face hub (timm/swin_tiny_patch4_window7_224.ms_in1k)
2025-11-15 10:37:07,791 - INFO - HTTP Request: HEAD https://huggingface.co/timm/swin_tiny_patch4_window7_224.ms_in1k/resolve/main/model.safetensors "HTTP/1.1 302 Found"
2025-11-15 10:37:07,821 - INFO - [timm/swin_tiny_patch4_window7_224.ms_in1k] Safe alternative available for 'pytorch_model.bin' (as 'model.safetensors'). Loading weights using safetensors.
2025-11-15 10:37:07,972 - INFO - Loaded pretrained model: swin_tiny_patch4_window7_224 from timm.
2025-11-15 10:37:07,977 - INFO - Transferring weights from pretrained to custom model...
2025-11-15 10:37:08,002 - INFO - Weight transfer: 173 layers transferred.
2025-11-15 10:37:08,003 - INFO - Weight transfer completed: {'transferred': 173, 'missing': 0, 'size_mismatches': 0}
2025-11-15 10:37:08,004 - INFO - Using subset of 1000 samples for validation
