2025-11-21 22:49:44,481 - INFO - Logging initialized. Log file: runs/run_33/training.log
2025-11-21 22:49:44,490 - INFO - Experiment directory: runs/run_33
2025-11-21 22:49:44,668 - INFO - Setting random seeds for reproducibility (seed: 42)...
2025-11-21 22:49:44,681 - INFO - Random seeds set to 42 (deterministic=False)
2025-11-21 22:49:44,683 - INFO - Setting up device...
2025-11-21 22:49:44,684 - INFO - Using device: cuda
2025-11-21 22:49:44,685 - INFO - Using device: cuda
2025-11-21 22:49:44,687 - INFO - Training configuration: epochs=3, warmup=2, lr=0.001
2025-11-21 22:49:44,688 - INFO - Using pretrained model: swin_small_patch4_window7_224
2025-11-21 22:49:44,689 - INFO - Model architecture: Swin-Small
2025-11-21 22:49:44,691 - INFO - Model config: embed_dim=96, depths=[2, 2, 18, 2], num_heads=[3, 6, 12, 24]
2025-11-21 22:49:44,692 - INFO - Image size: 224x224, patch_size: 4x4
2025-11-21 22:49:44,693 - INFO - Loading dataset...
2025-11-21 22:49:47,201 - INFO - Dataset loaded: train=1303, val=261, test=313 batches
2025-11-21 22:49:47,202 - INFO - Initializing reference model...
2025-11-21 22:49:47,204 - INFO - Loading TIMM model: swin_small_patch4_window7_224 with pretrained weights
2025-11-21 22:49:47,996 - INFO - Loading pretrained weights from Hugging Face hub (timm/swin_small_patch4_window7_224.ms_in22k_ft_in1k)
2025-11-21 22:49:48,222 - INFO - HTTP Request: HEAD https://huggingface.co/timm/swin_small_patch4_window7_224.ms_in22k_ft_in1k/resolve/main/model.safetensors "HTTP/1.1 302 Found"
2025-11-21 22:49:48,407 - INFO - HTTP Request: GET https://huggingface.co/api/models/timm/swin_small_patch4_window7_224.ms_in22k_ft_in1k/xet-read-token/221ee757828e4772df860bd42ef476de78dd5fc6 "HTTP/1.1 200 OK"
2025-11-21 22:49:50,595 - INFO - [timm/swin_small_patch4_window7_224.ms_in22k_ft_in1k] Safe alternative available for 'pytorch_model.bin' (as 'model.safetensors'). Loading weights using safetensors.
2025-11-21 22:49:50,989 - INFO - Successfully loaded swin_small_patch4_window7_224 from TIMM
2025-11-21 22:49:50,991 - INFO - Encoder loaded: 768 output features
2025-11-21 22:49:50,993 - INFO - Created classification head: 768 -> 100 classes
2025-11-21 22:49:50,996 - INFO - Reference model created. Trainable params (head only): 78,436
2025-11-21 22:49:51,217 - INFO - Detected Swin Transformer architecture
2025-11-21 22:49:51,219 - INFO - Extracting model size from TIMM model name...
2025-11-21 22:49:51,221 - INFO - Detected model size: small
2025-11-21 22:49:51,222 - INFO - Will create custom model with: {'embed_dim': 96, 'depths': [2, 2, 18, 2], 'num_heads': [3, 6, 12, 24]}
2025-11-21 22:49:51,224 - INFO - Initializing custom Swin model (size: small)...
2025-11-21 22:49:51,225 - INFO - Custom model will match architecture: embed_dim=96, depths=[2, 2, 18, 2], num_heads=[3, 6, 12, 24]
2025-11-21 22:49:51,840 - INFO - Transferring weights from reference to custom encoder...
2025-11-21 22:49:51,841 - INFO - Weight transfer: SwinTransformer -> SwinTransformerModel
2025-11-21 22:49:51,866 - INFO - Weight transfer: 325 layers transferred.
2025-11-21 22:49:51,909 - INFO - Weight transfer completed: {'transferred': 325, 'missing': 0, 'size_mismatches': 0}
2025-11-21 22:49:51,910 - INFO - ✓ All expected weights transferred successfully
2025-11-21 22:49:51,913 - INFO - Custom model created. Trainable params (head only): 78,436
2025-11-21 22:49:51,917 - INFO - Starting reference model training...
2025-11-21 22:49:51,919 - INFO - Starting training...
2025-11-21 22:53:41,375 - INFO - Epoch 1/3: LR: 0.000550
2025-11-21 22:53:41,377 - INFO - Epoch 1/3: Train Loss: 3.1751, Val Loss: 1.8980, Val Acc: 75.99%
2025-11-21 22:57:29,088 - INFO - Epoch 2/3: LR: 0.001000
2025-11-21 22:57:29,090 - INFO - Epoch 2/3: Train Loss: 0.8874, Val Loss: 0.6343, Val Acc: 81.58%
2025-11-21 23:01:17,165 - INFO - Epoch 3/3: LR: 0.000000
2025-11-21 23:01:17,166 - INFO - Epoch 3/3: Train Loss: 0.5734, Val Loss: 0.5634, Val Acc: 83.33%
2025-11-21 23:01:17,168 - INFO - Training completed!
2025-11-21 23:01:17,169 - INFO - Reference model training completed!
2025-11-21 23:01:17,171 - INFO - Generating training curves...
2025-11-21 23:01:19,139 - INFO - Training curves saved as separate images with base name 'runs/run_33/training_curves_reference'
2025-11-21 23:01:19,141 - INFO - Generating confusion matrix on test set...
2025-11-21 23:02:49,744 - INFO - Performing final evaluation of reference model on test set...
2025-11-21 23:04:08,098 - INFO - Final Test Results of reference model: Loss: 0.5572, Accuracy: 83.66%
2025-11-21 23:04:08,100 - INFO - Generating LR schedule plot of reference model...
2025-11-21 23:04:08,453 - INFO - LR schedule plot saved to 'runs/run_33/lr_schedule_reference.png'
2025-11-21 23:04:08,455 - INFO - 
Final Test Results:
2025-11-21 23:04:08,456 - INFO - Loss: 0.5572
2025-11-21 23:04:08,457 - INFO - Accuracy: 83.66%
2025-11-21 23:04:08,458 - INFO - Precision: 84.39%
2025-11-21 23:04:08,460 - INFO - Recall: 83.66%
2025-11-21 23:04:08,461 - INFO - F1 Score: 83.64%
2025-11-21 23:04:08,468 - INFO - Experiment completed. Results saved to runs/run_33/results_reference.json
2025-11-21 23:04:08,471 - INFO - Experiment completed. Metadata saved to runs/run_33/metadata_reference.json
2025-11-21 23:04:08,952 - INFO - ✅ Model weights saved: trained_models/CIFAR100_final_model_reference_weights.pth
2025-11-21 23:04:08,954 - INFO - Starting custom model training...
2025-11-21 23:04:08,955 - INFO - Starting training...
2025-11-21 23:07:58,267 - INFO - Epoch 1/3: LR: 0.000550
2025-11-21 23:07:58,268 - INFO - Epoch 1/3: Train Loss: 3.1577, Val Loss: 1.8634, Val Acc: 76.22%
2025-11-21 23:11:47,945 - INFO - Epoch 2/3: LR: 0.001000
2025-11-21 23:11:47,972 - INFO - Epoch 2/3: Train Loss: 0.8846, Val Loss: 0.6176, Val Acc: 81.99%
2025-11-21 23:15:38,191 - INFO - Epoch 3/3: LR: 0.000000
2025-11-21 23:15:38,272 - INFO - Epoch 3/3: Train Loss: 0.5702, Val Loss: 0.5515, Val Acc: 83.46%
2025-11-21 23:15:38,274 - INFO - Training completed!
2025-11-21 23:15:38,275 - INFO - Custom model training completed!
2025-11-21 23:15:38,277 - INFO - Generating training curves...
2025-11-21 23:15:40,246 - INFO - Training curves saved as separate images with base name 'runs/run_33/training_curves_custom'
2025-11-21 23:15:40,248 - INFO - Generating confusion matrix on test set...
2025-11-21 23:17:11,432 - INFO - Performing final evaluation of custom model on test set...
2025-11-21 23:18:30,823 - INFO - Final Test Results of custom model: Loss: 0.5517, Accuracy: 83.31%
2025-11-21 23:18:30,825 - INFO - Generating LR schedule plot of custom model...
2025-11-21 23:18:31,242 - INFO - LR schedule plot saved to 'runs/run_33/lr_schedule_custom.png'
2025-11-21 23:18:31,244 - INFO - 
Final Test Results:
2025-11-21 23:18:31,245 - INFO - Loss: 0.5517
2025-11-21 23:18:31,246 - INFO - Accuracy: 83.31%
2025-11-21 23:18:31,247 - INFO - Precision: 84.04%
2025-11-21 23:18:31,248 - INFO - Recall: 83.31%
2025-11-21 23:18:31,250 - INFO - F1 Score: 83.19%
2025-11-21 23:18:31,256 - INFO - Experiment completed. Results saved to runs/run_33/results_custom.json
2025-11-21 23:18:31,266 - INFO - Experiment completed. Metadata saved to runs/run_33/metadata_custom.json
2025-11-21 23:18:31,776 - INFO - ✅ Model weights saved: trained_models/CIFAR100_final_model_custom_weights.pth
2025-11-21 23:18:31,777 - INFO - === MODEL COMPARISON RESULTS (Linear Probing on CIFAR-100) ===
2025-11-21 23:18:31,778 - INFO - Reference (HF): 83.66%
2025-11-21 23:18:31,779 - INFO - Custom        : 83.31%
2025-11-21 23:18:31,780 - INFO - Difference    : 0.35% (custom - reference)
2025-11-21 23:18:31,781 - INFO - Linear probing experiment completed successfully!
