2025-12-14 13:19:58,964 - INFO - Logging initialized. Log file: runs/run_204/training.log
2025-12-14 13:19:58,966 - INFO - Experiment directory: runs/run_204
2025-12-14 13:19:58,968 - INFO - Setting random seeds for reproducibility (seed: 42)...
2025-12-14 13:19:58,990 - INFO - ✅ All seeds set to 42 (deterministic=False)
2025-12-14 13:19:59,329 - INFO - GPU memory cleared at startup. Available: 11.6GB
2025-12-14 13:19:59,331 - INFO - Using device: cuda
2025-12-14 13:19:59,332 - INFO - Training configuration: epochs=50, warmup=4, lr=0.0005
2025-12-14 13:19:59,334 - INFO - SWIN configuration: variant=tiny, use_shifted_window=True, use_relative_bias=True, use_absolute_pos_embed=False, use_hierarchical_merge=False, use_gradient_checkpointing=True
2025-12-14 13:19:59,335 - INFO - SWIN details: embed_dim=96, depths=[2, 2, 6, 2], num_heads=[3, 6, 12, 24], window_size=7
2025-12-14 13:19:59,337 - INFO - Loading dataset...
2025-12-14 13:19:59,341 - INFO - Starting ImageNet data loading from root: /
2025-12-14 13:19:59,343 - INFO - Resolved root path: /
2025-12-14 13:19:59,345 - INFO - Root path exists: True
2025-12-14 13:19:59,346 - INFO - Root path is dir: True
2025-12-14 13:19:59,356 - INFO - Contents of /: ['/.exec', '/.run', '/.shell', '/.singularity.d', '/.test', '/bin', '/boot', '/dev', '/environment', '/etc', '/home', '/lib', '/lib64', '/media', '/mnt', '/opt', '/proc', '/requirements.txt', '/root', '/run', '/sbin', '/singularity', '/srv', '/sys', '/tmp', '/usr', '/var', '/meta', '/train_set', '/train_set_small', '/val_set', '/val_set_unlabeled']
2025-12-14 13:19:59,358 - INFO - Expected train_dir: /train_set, exists: True
2025-12-14 13:19:59,360 - INFO - Expected val_dir: /val_set, exists: True
2025-12-14 13:20:13,684 - INFO - Loaded ImageNet data from /: train=1281167, val=50000
2025-12-14 13:20:14,023 - INFO - Dataset loaded: train=100000 samples (447 batches), val=50000 samples (224 batches), test=50000 samples (224 batches)
2025-12-14 13:20:18,111 - INFO - Training Swin-Tiny from scratch
2025-12-14 13:20:18,113 - INFO - Initializing model from scratch...
2025-12-14 13:20:18,115 - INFO - Model architecture: Swin-Tiny
2025-12-14 13:20:18,116 - INFO - Model config: embed_dim=96, depths=[2, 2, 6, 2], num_heads=[3, 6, 12, 24], window_size=7, use_shifted_window=True, use_relative_bias=True, use_absolute_pos_embed=False, use_hierarchical_merge=False, use_gradient_checkpointing=True
2025-12-14 13:20:19,056 - INFO - Model created with random initialization
2025-12-14 13:20:19,057 - INFO - Total parameters: 28,288,354
2025-12-14 13:20:19,059 - INFO - Trainable parameters: 28,288,354
2025-12-14 13:20:19,129 - INFO - Starting from-scratch training...
2025-12-14 13:20:19,131 - INFO - Optimizer: training all model parameters
2025-12-14 13:20:19,135 - INFO - LR Scheduler: cosine with 4 warmup epochs
2025-12-14 13:20:19,137 - INFO - Starting training...
2025-12-14 14:49:42,965 - INFO - Epoch 1/50: LR: 0.000129
2025-12-14 14:49:42,985 - INFO - Epoch 1/50: Train Loss: 6.8981, Val Loss: 6.7921, Val Acc: 0.46%
2025-12-14 14:50:01,504 - ERROR - Experiment failed with error: CUDA out of memory. Tried to allocate 1.01 GiB. GPU 0 has a total capacity of 11.60 GiB of which 1.00 GiB is free. Including non-PyTorch memory, this process has 10.59 GiB memory in use. Of the allocated memory 10.15 GiB is allocated by PyTorch, and 242.73 MiB is reserved by PyTorch but unallocated. If reserved but unallocated memory is large try setting PYTORCH_CUDA_ALLOC_CONF=expandable_segments:True to avoid fragmentation.  See documentation for Memory Management  (https://pytorch.org/docs/stable/notes/cuda.html#environment-variables)
2025-12-14 14:50:01,507 - ERROR - Full traceback:
Traceback (most recent call last):
  File "/home/pml04/swin_transformer/Machine-Learning-Project/main.py", line 221, in main
    total_epochs,
  File "/home/pml04/swin_transformer/Machine-Learning-Project/src/pipelines/from_scratch.py", line 238, in run_from_scratch
    dataset = DATA_CONFIG.get("dataset", "dataset")
                                             ^^^^^^
  File "/home/pml04/swin_transformer/Machine-Learning-Project/src/pipelines/from_scratch.py", line 138, in _train_single_model
    metrics_history,
  File "/home/pml04/swin_transformer/Machine-Learning-Project/src/training/trainer.py", line 165, in run_training_loop
    train_loss = train_one_epoch(
                 ^^^^^^^^^^^^^^^^
  File "/home/pml04/swin_transformer/Machine-Learning-Project/src/training/trainer.py", line 73, in train_one_epoch
    loss.backward()
  File "/usr/local/lib/python3.12/site-packages/torch/_tensor.py", line 625, in backward
    torch.autograd.backward(
  File "/usr/local/lib/python3.12/site-packages/torch/autograd/__init__.py", line 354, in backward
    _engine_run_backward(
  File "/usr/local/lib/python3.12/site-packages/torch/autograd/graph.py", line 841, in _engine_run_backward
    return Variable._execution_engine.run_backward(  # Calls into the C++ engine to run the backward pass
           ^^^^^^^^^^^^^^^^^^^^^^^^^^^^^^^^^^^^^^^^^^^^^^^^^^^^^^^^^^^^^^^^^^^^^^^^^^^^^^^^^^^^^^^^^^^^^^
torch.OutOfMemoryError: CUDA out of memory. Tried to allocate 1.01 GiB. GPU 0 has a total capacity of 11.60 GiB of which 1.00 GiB is free. Including non-PyTorch memory, this process has 10.59 GiB memory in use. Of the allocated memory 10.15 GiB is allocated by PyTorch, and 242.73 MiB is reserved by PyTorch but unallocated. If reserved but unallocated memory is large try setting PYTORCH_CUDA_ALLOC_CONF=expandable_segments:True to avoid fragmentation.  See documentation for Memory Management  (https://pytorch.org/docs/stable/notes/cuda.html#environment-variables)
