2025-11-27 22:52:47,275 - INFO - Logging initialized. Log file: runs/run_73/training.log
2025-11-27 22:52:47,322 - INFO - Experiment directory: runs/run_73
2025-11-27 22:52:47,323 - INFO - Setting random seeds for reproducibility (seed: 42)...
2025-11-27 22:52:47,457 - INFO - Random seeds set to 42 (deterministic=False)
2025-11-27 22:52:47,458 - INFO - Using device: cuda
2025-11-27 22:52:47,459 - INFO - Training configuration: epochs=2, warmup=1, lr=0.0001
2025-11-27 22:52:47,459 - INFO - Loading dataset...
2025-11-27 22:52:47,460 - INFO - Starting ImageNet data loading from root: /mnt/datasets/imagenet/2012
2025-11-27 22:52:47,460 - INFO - Resolved root path: /mnt/datasets/imagenet/2012
2025-11-27 22:52:47,461 - INFO - Root path exists: False
2025-11-27 22:52:47,462 - INFO - Root path is dir: False
2025-11-27 22:52:47,462 - ERROR - Root path /mnt/datasets/imagenet/2012 does not exist. Checking parent directories...
2025-11-27 22:52:47,464 - INFO - Parent /mnt/datasets/imagenet does not exist
2025-11-27 22:52:47,464 - INFO - Parent /mnt/datasets does not exist
2025-11-27 22:52:47,465 - INFO - Closest existing parent: /mnt
2025-11-27 22:52:47,465 - INFO - Contents of /mnt: []
2025-11-27 22:52:47,466 - ERROR - Experiment failed with error: Root path /mnt/datasets/imagenet/2012 does not exist.
2025-11-27 22:52:47,466 - ERROR - Full traceback:
Traceback (most recent call last):
  File "/home/pml04/swin_transformer/Machine-Learning-Project/main.py", line 154, in main
    train_generator, val_generator, test_generator = load_data(
                                                     ^^^^^^^^^^
  File "/home/pml04/swin_transformer/Machine-Learning-Project/src/data/dataloader.py", line 332, in load_data
    train_dataset, val_dataset, test_dataset = _load_imagenet_data(
                                               ^^^^^^^^^^^^^^^^^^^^
  File "/home/pml04/swin_transformer/Machine-Learning-Project/src/data/dataloader.py", line 175, in _load_imagenet_data
    raise FileNotFoundError(f"Root path {root} does not exist.")
FileNotFoundError: Root path /mnt/datasets/imagenet/2012 does not exist.
