2025-12-04 15:47:41,327 - INFO - Logging initialized. Log file: runs/run_107/training.log
2025-12-04 15:47:41,343 - INFO - Experiment directory: runs/run_107
2025-12-04 15:47:41,346 - INFO - Setting random seeds for reproducibility (seed: 42)...
2025-12-04 15:47:41,525 - INFO - Random seeds set to 42 (deterministic=False)
2025-12-04 15:47:41,526 - INFO - Using device: cuda
2025-12-04 15:47:41,527 - INFO - Training configuration: epochs=20, warmup=3, lr=0.0005
2025-12-04 15:47:41,528 - INFO - SWIN configuration: variant=tiny, use_shifted_window=True
2025-12-04 15:47:41,529 - INFO - SWIN details: embed_dim=96, depths=[2, 2, 6, 2], num_heads=[3, 6, 12, 24], window_size=7
2025-12-04 15:47:41,530 - INFO - Loading dataset...
2025-12-04 15:47:41,533 - INFO - Starting ImageNet data loading from root: /
2025-12-04 15:47:41,534 - INFO - Resolved root path: /
2025-12-04 15:47:41,535 - INFO - Root path exists: True
2025-12-04 15:47:41,536 - INFO - Root path is dir: True
2025-12-04 15:47:41,541 - INFO - Contents of /: ['/.exec', '/.run', '/.shell', '/.singularity.d', '/.test', '/bin', '/boot', '/dev', '/environment', '/etc', '/home', '/lib', '/lib64', '/media', '/mnt', '/opt', '/proc', '/requirements.txt', '/root', '/run', '/sbin', '/singularity', '/srv', '/sys', '/tmp', '/usr', '/var', '/meta', '/train_set', '/train_set_small', '/val_set', '/val_set_unlabeled']
2025-12-04 15:47:41,542 - INFO - Expected train_dir: /train_set, exists: True
2025-12-04 15:47:41,544 - INFO - Expected val_dir: /val_set, exists: True
2025-12-04 15:47:58,406 - INFO - Loaded ImageNet data from /: train=1281167, val=50000
2025-12-04 15:47:58,605 - INFO - Dataset loaded: train=50000 samples (782 batches), val=5000 samples (79 batches), test=5000 samples (79 batches)
2025-12-04 15:48:01,949 - INFO - Training Swin-Tiny from scratch
2025-12-04 15:48:01,950 - INFO - Initializing model from scratch...
2025-12-04 15:48:01,951 - INFO - Model architecture: Swin-Tiny
2025-12-04 15:48:01,953 - INFO - Model config: embed_dim=96, depths=[2, 2, 6, 2], num_heads=[3, 6, 12, 24], window_size=7, use_shifted_window=True
2025-12-04 15:48:02,682 - INFO - Model created with random initialization
2025-12-04 15:48:02,684 - INFO - Total parameters: 28,288,354
2025-12-04 15:48:02,686 - INFO - Trainable parameters: 28,288,354
2025-12-04 15:48:02,980 - INFO - Starting from-scratch training...
2025-12-04 15:48:02,982 - INFO - Optimizer: training all model parameters
2025-12-04 15:48:02,984 - INFO - Starting training...
2025-12-04 16:05:33,617 - INFO - Epoch 1/20: LR: 0.000170
2025-12-04 16:05:33,618 - INFO - Epoch 1/20: Train Loss: 6.8974, Val Loss: 6.8133, Val Acc: 0.40%
2025-12-04 16:16:24,328 - INFO - Epoch 2/20: LR: 0.000335
2025-12-04 16:16:24,509 - INFO - Epoch 2/20: Train Loss: 6.8261, Val Loss: 6.7186, Val Acc: 0.36%
2025-12-04 16:27:24,951 - INFO - Epoch 3/20: LR: 0.000500
2025-12-04 16:27:24,977 - INFO - Epoch 3/20: Train Loss: 6.7892, Val Loss: 6.7152, Val Acc: 0.34%
2025-12-04 16:38:12,475 - INFO - Epoch 4/20: LR: 0.000496
2025-12-04 16:38:12,505 - INFO - Epoch 4/20: Train Loss: 6.8719, Val Loss: 6.8274, Val Acc: 0.16%
2025-12-04 16:48:52,704 - INFO - Epoch 5/20: LR: 0.000483
2025-12-04 16:50:01,542 - INFO - Epoch 5/20: Train Loss: 6.8563, Val Loss: 6.8721, Val Acc: 0.18%, Test Loss: 6.8721, Test Acc: 0.18%
2025-12-04 17:00:43,430 - INFO - Epoch 6/20: LR: 0.000463
2025-12-04 17:00:43,431 - INFO - Epoch 6/20: Train Loss: 6.9159, Val Loss: 6.8841, Val Acc: 0.18%
2025-12-04 17:11:24,442 - INFO - Epoch 7/20: LR: 0.000435
2025-12-04 17:11:24,452 - INFO - Epoch 7/20: Train Loss: 6.8746, Val Loss: 6.8636, Val Acc: 0.28%
2025-12-04 17:22:05,024 - INFO - Epoch 8/20: LR: 0.000401
2025-12-04 17:22:05,025 - INFO - Epoch 8/20: Train Loss: 6.8762, Val Loss: 6.8603, Val Acc: 0.16%
2025-12-04 17:32:41,996 - INFO - Epoch 9/20: LR: 0.000362
2025-12-04 17:32:41,997 - INFO - Epoch 9/20: Train Loss: 6.8656, Val Loss: 6.8846, Val Acc: 0.16%
2025-12-04 17:43:25,789 - INFO - Epoch 10/20: LR: 0.000319
2025-12-04 17:44:34,386 - INFO - Epoch 10/20: Train Loss: 6.8559, Val Loss: 6.8368, Val Acc: 0.28%, Test Loss: 6.8368, Test Acc: 0.28%
2025-12-04 17:44:34,388 - INFO - Saving checkpoint for epoch 10...
2025-12-04 17:44:35,609 - INFO - ✅ Checkpoint saved: runs/run_107/checkpoint_epoch_10.pth
2025-12-04 17:55:12,965 - INFO - Epoch 11/20: LR: 0.000274
2025-12-04 17:55:12,996 - INFO - Epoch 11/20: Train Loss: 6.8519, Val Loss: 6.8370, Val Acc: 0.30%
2025-12-04 18:05:50,221 - INFO - Epoch 12/20: LR: 0.000227
2025-12-04 18:05:50,233 - INFO - Epoch 12/20: Train Loss: 6.8404, Val Loss: 6.8270, Val Acc: 0.30%
2025-12-04 18:16:26,187 - INFO - Epoch 13/20: LR: 0.000182
2025-12-04 18:16:26,201 - INFO - Epoch 13/20: Train Loss: 6.8288, Val Loss: 6.8452, Val Acc: 0.26%
2025-12-04 18:27:03,002 - INFO - Epoch 14/20: LR: 0.000139
2025-12-04 18:27:03,011 - INFO - Epoch 14/20: Train Loss: 6.8224, Val Loss: 6.7879, Val Acc: 0.34%
2025-12-04 18:37:42,870 - INFO - Epoch 15/20: LR: 0.000100
2025-12-04 18:38:52,051 - INFO - Epoch 15/20: Train Loss: 6.7993, Val Loss: 6.7824, Val Acc: 0.40%, Test Loss: 6.7824, Test Acc: 0.40%
2025-12-04 18:49:29,047 - INFO - Epoch 16/20: LR: 0.000066
2025-12-04 18:49:29,061 - INFO - Epoch 16/20: Train Loss: 6.7864, Val Loss: 6.7714, Val Acc: 0.36%
2025-12-04 19:00:04,143 - INFO - Epoch 17/20: LR: 0.000038
2025-12-04 19:00:04,154 - INFO - Epoch 17/20: Train Loss: 6.7773, Val Loss: 6.7576, Val Acc: 0.34%
2025-12-04 19:10:40,947 - INFO - Epoch 18/20: LR: 0.000018
2025-12-04 19:10:40,948 - INFO - Epoch 18/20: Train Loss: 6.7631, Val Loss: 6.7516, Val Acc: 0.32%
2025-12-04 19:21:13,660 - INFO - Epoch 19/20: LR: 0.000005
2025-12-04 19:21:13,671 - INFO - Epoch 19/20: Train Loss: 6.7572, Val Loss: 6.7502, Val Acc: 0.30%
2025-12-04 19:31:49,450 - INFO - Epoch 20/20: LR: 0.000001
2025-12-04 19:32:58,353 - INFO - Epoch 20/20: Train Loss: 6.7529, Val Loss: 6.7507, Val Acc: 0.28%, Test Loss: 6.7507, Test Acc: 0.28%
2025-12-04 19:32:58,354 - INFO - Saving checkpoint for epoch 20...
2025-12-04 19:32:59,392 - INFO - ✅ Checkpoint saved: runs/run_107/checkpoint_epoch_20.pth
2025-12-04 19:32:59,395 - INFO - Training completed!
2025-12-04 19:32:59,403 - INFO - Training completed!
2025-12-04 19:32:59,404 - INFO - Generating training curves...
2025-12-04 19:33:02,446 - WARNING - Inhomogeneous shapes in per-class F1 data: [(997,), (997,), (996,), (998,), (997,), (996,), (996,), (996,), (996,), (996,), (996,), (996,), (996,), (997,), (997,), (997,), (997,), (997,), (997,), (997,)]. Skipping per-class plotting.
2025-12-04 19:33:02,447 - INFO - Training curves saved as separate images with base name 'runs/run_107/training_curves_from_scratch'
2025-12-04 19:33:02,449 - INFO - Generating confusion matrix on test set...
