2025-11-22 16:44:01,149 - INFO - Logging initialized. Log file: runs/run_50/training.log
2025-11-22 16:44:02,482 - INFO - Random seeds set to 42 (deterministic=False)
2025-11-22 16:44:02,483 - INFO - Using device: cuda
2025-11-22 16:44:04,861 - INFO - Initializing reference model...
2025-11-22 16:44:05,366 - INFO - Loading pretrained weights from Hugging Face hub (timm/swin_tiny_patch4_window7_224.ms_in1k)
2025-11-22 16:44:05,591 - INFO - [timm/swin_tiny_patch4_window7_224.ms_in1k] Safe alternative available for 'pytorch_model.bin' (as 'model.safetensors'). Loading weights using safetensors.
2025-11-22 16:44:05,799 - INFO - Reference model created. Frozen params (encoder only): 27,517,818
2025-11-22 16:44:05,801 - INFO - Trainable params (head only): 78,436
2025-11-22 16:44:06,039 - INFO - Initializing custom Swin model...
2025-11-22 16:44:06,378 - INFO - Transferring weights from reference to custom encoder...
2025-11-22 16:44:06,393 - INFO - Weight transfer: 169 layers transferred.
2025-11-22 16:44:06,414 - INFO - Weight transfer completed: {'transferred': 169, 'missing': 0, 'size_mismatches': 0}
2025-11-22 16:44:06,416 - INFO - Custom model created. Frozen params (encoder only): 27,517,818
2025-11-22 16:44:06,418 - INFO - Trainable params (head only): 78,436
2025-11-22 16:44:06,632 - INFO - ✅ Checkpoint loaded: trained_models/CIFAR100_swin_final_model_custom_weights_es.pth)
2025-11-22 16:44:08,554 - INFO - Saved image to 'images/correct_label39_39.pdf'
2025-11-22 16:44:08,762 - INFO - Saved image to 'images/correct_label11_11.pdf'
2025-11-22 16:44:09,125 - INFO - Saved image to 'images/correct_label9_9.pdf'
2025-11-22 16:44:09,597 - INFO - Saved image to 'images/incorrect_label11_35.pdf'
2025-11-22 16:44:09,736 - INFO - Saved image to 'images/incorrect_pred27_55.pdf'
2025-11-22 16:44:10,256 - INFO - Saved image to 'images/correct_label9_9.pdf'
2025-11-22 16:44:10,561 - INFO - Saved image to 'images/incorrect_label11_98.pdf'
2025-11-22 16:44:10,685 - INFO - Saved image to 'images/correct_label74_74.pdf'
2025-11-22 16:44:10,863 - INFO - Saved image to 'images/correct_label11_11.pdf'
2025-11-22 16:44:11,019 - INFO - Saved image to 'images/correct_label39_39.pdf'
2025-11-22 16:44:11,424 - INFO - Saved image to 'images/correct_label9_9.pdf'
2025-11-22 16:44:11,619 - INFO - Saved image to 'images/correct_label39_39.pdf'
2025-11-22 16:44:11,939 - INFO - Saved image to 'images/correct_label68_68.pdf'
2025-11-22 16:44:12,296 - INFO - Saved image to 'images/incorrect_pred76_39.pdf'
2025-11-22 16:44:12,566 - INFO - Saved image to 'images/incorrect_label11_35.pdf'
2025-11-22 16:44:12,714 - INFO - Saved image to 'images/correct_label39_39.pdf'
2025-11-22 16:44:12,849 - INFO - Saved image to 'images/correct_label68_68.pdf'
2025-11-22 16:44:13,046 - INFO - Saved image to 'images/correct_label55_55.pdf'
2025-11-22 16:44:13,671 - INFO - Saved image to 'images/incorrect_pred38_55.pdf'
2025-11-22 16:44:13,806 - INFO - Saved image to 'images/incorrect_label11_35.pdf'
2025-11-22 16:44:14,434 - INFO - Saved image to 'images/correct_label9_9.pdf'
2025-11-22 16:44:14,544 - INFO - Saved image to 'images/correct_label68_68.pdf'
2025-11-22 16:44:14,757 - INFO - Saved image to 'images/incorrect_label68_37.pdf'
2025-11-22 16:44:14,936 - INFO - Saved image to 'images/incorrect_label11_35.pdf'
2025-11-22 16:44:15,063 - INFO - Saved image to 'images/correct_label39_39.pdf'
2025-11-22 16:44:15,346 - INFO - Saved image to 'images/correct_label11_11.pdf'
2025-11-22 16:44:15,606 - INFO - Saved image to 'images/incorrect_label74_80.pdf'
2025-11-22 16:44:15,831 - INFO - Saved image to 'images/incorrect_pred72_55.pdf'
2025-11-22 16:44:16,071 - INFO - Saved image to 'images/incorrect_label55_4.pdf'
2025-11-22 16:44:16,201 - INFO - Saved image to 'images/correct_label68_68.pdf'
2025-11-22 16:44:16,542 - INFO - Saved image to 'images/incorrect_label55_29.pdf'
2025-11-22 16:44:16,778 - INFO - Saved image to 'images/correct_label9_9.pdf'
2025-11-22 16:44:17,156 - INFO - Saved image to 'images/correct_label74_74.pdf'
2025-11-22 16:44:17,376 - INFO - Saved image to 'images/correct_label74_74.pdf'
2025-11-22 16:44:17,560 - INFO - Saved image to 'images/incorrect_label11_35.pdf'
2025-11-22 16:44:17,726 - INFO - Saved image to 'images/correct_label68_68.pdf'
2025-11-22 16:44:17,829 - INFO - Saved image to 'images/correct_label11_11.pdf'
2025-11-22 16:44:18,554 - INFO - Saved image to 'images/correct_label68_68.pdf'
2025-11-22 16:44:18,685 - INFO - Saved image to 'images/incorrect_label9_76.pdf'
2025-11-22 16:44:18,935 - INFO - Saved image to 'images/incorrect_pred44_74.pdf'
2025-11-22 16:44:22,638 - INFO - Saved image to 'images/correct_label9_9.pdf'
2025-11-22 16:44:22,787 - INFO - Saved image to 'images/correct_label39_39.pdf'
2025-11-22 16:44:22,934 - INFO - Saved image to 'images/incorrect_pred72_55.pdf'
2025-11-22 16:44:23,146 - INFO - Saved image to 'images/incorrect_pred20_9.pdf'
2025-11-22 16:44:23,325 - INFO - Saved image to 'images/correct_label39_39.pdf'
2025-11-22 16:44:23,677 - INFO - Saved image to 'images/incorrect_pred12_39.pdf'
2025-11-22 16:44:24,155 - INFO - Saved image to 'images/incorrect_label74_88.pdf'
2025-11-22 16:44:24,265 - INFO - Saved image to 'images/correct_label68_68.pdf'
2025-11-22 16:44:24,514 - INFO - Saved image to 'images/incorrect_pred14_74.pdf'
2025-11-22 16:44:24,632 - INFO - Saved image to 'images/correct_label74_74.pdf'
2025-11-22 16:44:25,134 - INFO - Saved image to 'images/incorrect_label68_13.pdf'
2025-11-22 16:44:25,577 - INFO - Saved image to 'images/incorrect_label55_27.pdf'
2025-11-22 16:44:25,755 - INFO - Saved image to 'images/correct_label39_39.pdf'
2025-11-22 16:44:26,070 - INFO - Saved image to 'images/correct_label55_55.pdf'
2025-11-22 16:44:26,493 - INFO - Saved image to 'images/incorrect_label74_4.pdf'
2025-11-22 16:44:26,703 - INFO - Saved image to 'images/correct_label11_11.pdf'
2025-11-22 16:44:26,898 - INFO - Saved image to 'images/correct_label39_39.pdf'
2025-11-22 16:44:27,175 - INFO - Saved image to 'images/correct_label55_55.pdf'
2025-11-22 16:44:27,434 - INFO - Saved image to 'images/correct_label9_9.pdf'
2025-11-22 16:44:27,580 - INFO - Saved image to 'images/correct_label68_68.pdf'
2025-11-22 16:44:28,028 - INFO - Saved image to 'images/correct_label55_55.pdf'
2025-11-22 16:44:28,144 - INFO - Saved image to 'images/incorrect_pred15_55.pdf'
2025-11-22 16:44:28,366 - INFO - Saved image to 'images/correct_label39_39.pdf'
2025-11-22 16:44:30,259 - INFO - Saved image to 'images/correct_label9_9.pdf'
2025-11-22 16:44:30,385 - INFO - Saved image to 'images/correct_label68_68.pdf'
2025-11-22 16:44:30,736 - INFO - Saved image to 'images/incorrect_label68_71.pdf'
2025-11-22 16:44:30,976 - INFO - Saved image to 'images/correct_label55_55.pdf'
2025-11-22 16:44:31,112 - INFO - Saved image to 'images/correct_label74_74.pdf'
2025-11-22 16:44:31,293 - INFO - Saved image to 'images/incorrect_pred40_55.pdf'
2025-11-22 16:44:36,201 - INFO - Saved image to 'images/correct_label9_9.pdf'
2025-11-22 16:44:36,363 - INFO - Saved image to 'images/incorrect_pred65_74.pdf'
2025-11-22 16:44:36,601 - INFO - Saved image to 'images/incorrect_pred2_11.pdf'
2025-11-22 16:44:36,773 - INFO - Saved image to 'images/correct_label9_9.pdf'
2025-11-22 16:44:37,127 - INFO - Saved image to 'images/correct_label55_55.pdf'
2025-11-22 16:44:37,314 - INFO - Saved image to 'images/correct_label9_9.pdf'
2025-11-22 16:44:37,450 - INFO - Saved image to 'images/incorrect_pred2_11.pdf'
2025-11-22 16:44:37,619 - INFO - Saved image to 'images/correct_label39_39.pdf'
2025-11-22 16:44:37,953 - INFO - Saved image to 'images/incorrect_pred72_55.pdf'
2025-11-22 16:44:38,100 - INFO - Saved image to 'images/correct_label55_55.pdf'
2025-11-22 16:44:38,613 - INFO - Saved image to 'images/incorrect_pred81_68.pdf'
2025-11-22 16:44:38,734 - INFO - Saved image to 'images/incorrect_pred72_55.pdf'
2025-11-22 16:44:39,033 - INFO - Saved image to 'images/incorrect_label55_40.pdf'
2025-11-22 16:44:39,305 - INFO - Saved image to 'images/correct_label9_9.pdf'
2025-11-22 16:44:39,463 - INFO - Saved image to 'images/correct_label9_9.pdf'
2025-11-22 16:44:39,795 - INFO - Saved image to 'images/incorrect_pred93_55.pdf'
2025-11-22 16:44:40,173 - INFO - Saved image to 'images/incorrect_label11_83.pdf'
2025-11-22 16:44:40,486 - INFO - Saved image to 'images/correct_label55_55.pdf'
2025-11-22 16:44:41,042 - INFO - Saved image to 'images/incorrect_label11_98.pdf'
2025-11-22 16:44:41,179 - INFO - Saved image to 'images/incorrect_pred38_55.pdf'
2025-11-22 16:44:41,544 - INFO - Saved image to 'images/correct_label39_39.pdf'
2025-11-22 16:44:41,783 - INFO - Saved image to 'images/correct_label68_68.pdf'
2025-11-22 16:44:42,008 - INFO - Saved image to 'images/incorrect_pred35_11.pdf'
2025-11-22 16:44:42,307 - INFO - Saved image to 'images/correct_label68_68.pdf'
2025-11-22 16:44:42,557 - INFO - Saved image to 'images/correct_label9_9.pdf'
2025-11-22 16:44:43,061 - INFO - Saved image to 'images/correct_label68_68.pdf'
2025-11-22 16:44:43,510 - INFO - Saved image to 'images/incorrect_pred12_68.pdf'
2025-11-22 16:44:43,695 - INFO - Saved image to 'images/correct_label68_68.pdf'
2025-11-22 16:44:43,907 - INFO - Saved image to 'images/incorrect_label11_16.pdf'
2025-11-22 16:44:44,249 - INFO - Saved image to 'images/correct_label68_68.pdf'
2025-11-22 16:44:45,378 - INFO - Saved image to 'images/correct_label9_9.pdf'
2025-11-22 16:44:45,818 - INFO - Saved image to 'images/correct_label9_9.pdf'
2025-11-22 16:44:46,151 - INFO - Saved image to 'images/correct_label11_11.pdf'
2025-11-22 16:44:46,306 - INFO - Saved image to 'images/incorrect_label55_72.pdf'
2025-11-22 16:44:46,550 - INFO - Saved image to 'images/incorrect_pred2_11.pdf'
2025-11-22 16:44:46,688 - INFO - Saved image to 'images/incorrect_label55_72.pdf'
2025-11-22 16:44:47,367 - INFO - Saved image to 'images/correct_label9_9.pdf'
2025-11-22 16:44:47,542 - INFO - Saved image to 'images/correct_label39_39.pdf'
2025-11-22 16:44:47,837 - INFO - Saved image to 'images/correct_label9_9.pdf'
2025-11-22 16:44:48,002 - INFO - Saved image to 'images/correct_label55_55.pdf'
2025-11-22 16:44:48,108 - INFO - Saved image to 'images/incorrect_label11_46.pdf'
2025-11-22 16:44:48,297 - INFO - Saved image to 'images/correct_label55_55.pdf'
2025-11-22 16:44:48,505 - INFO - Saved image to 'images/incorrect_label11_2.pdf'
2025-11-22 16:44:48,650 - INFO - Saved image to 'images/correct_label39_39.pdf'
2025-11-22 16:44:48,839 - INFO - Saved image to 'images/correct_label74_74.pdf'
2025-11-22 16:44:48,992 - INFO - Saved image to 'images/correct_label11_11.pdf'
2025-11-22 16:44:49,264 - INFO - Saved image to 'images/correct_label9_9.pdf'
2025-11-22 16:44:49,742 - INFO - Saved image to 'images/correct_label39_39.pdf'
2025-11-22 16:44:49,922 - INFO - Saved image to 'images/incorrect_label74_80.pdf'
2025-11-22 16:44:50,035 - INFO - Saved image to 'images/correct_label68_68.pdf'
2025-11-22 16:44:50,237 - INFO - Saved image to 'images/correct_label55_55.pdf'
2025-11-22 16:44:50,592 - INFO - Saved image to 'images/incorrect_label39_5.pdf'
2025-11-22 16:44:50,869 - INFO - Saved image to 'images/correct_label68_68.pdf'
2025-11-22 16:44:51,664 - INFO - Saved image to 'images/incorrect_pred95_55.pdf'
2025-11-22 16:44:52,078 - INFO - Saved image to 'images/incorrect_label11_98.pdf'
2025-11-22 16:44:52,554 - INFO - Saved image to 'images/correct_label55_55.pdf'
2025-11-22 16:44:55,383 - INFO - Saved image to 'images/incorrect_label11_2.pdf'
2025-11-22 16:44:55,481 - INFO - Saved image to 'images/incorrect_label55_93.pdf'
2025-11-22 16:44:55,579 - INFO - Saved image to 'images/correct_label68_68.pdf'
2025-11-22 16:44:56,184 - INFO - Saved image to 'images/incorrect_pred51_74.pdf'
2025-11-22 16:44:56,609 - INFO - Saved image to 'images/incorrect_label11_2.pdf'
2025-11-22 16:44:56,786 - INFO - Saved image to 'images/incorrect_pred64_74.pdf'
2025-11-22 16:44:57,278 - INFO - Saved image to 'images/correct_label68_68.pdf'
2025-11-22 16:44:57,524 - INFO - Saved image to 'images/correct_label55_55.pdf'
2025-11-22 16:44:57,667 - INFO - Saved image to 'images/correct_label9_9.pdf'
2025-11-22 16:44:58,230 - INFO - Saved image to 'images/incorrect_label74_75.pdf'
2025-11-22 16:44:58,443 - INFO - Saved image to 'images/correct_label9_9.pdf'
2025-11-22 16:44:58,557 - INFO - Saved image to 'images/incorrect_pred4_55.pdf'
2025-11-22 16:44:58,869 - INFO - Saved image to 'images/correct_label55_55.pdf'
2025-11-22 16:44:59,032 - INFO - Saved image to 'images/correct_label39_39.pdf'
2025-11-22 16:44:59,680 - INFO - Saved image to 'images/correct_label9_9.pdf'
2025-11-22 16:44:59,884 - INFO - Saved image to 'images/incorrect_pred35_11.pdf'
2025-11-22 16:44:59,984 - INFO - Saved image to 'images/correct_label39_39.pdf'
2025-11-22 16:45:00,223 - INFO - Saved image to 'images/correct_label39_39.pdf'
2025-11-22 16:45:00,475 - INFO - Saved image to 'images/incorrect_label39_23.pdf'
2025-11-22 16:45:00,597 - INFO - Saved image to 'images/correct_label39_39.pdf'
2025-11-22 16:45:01,265 - INFO - Saved image to 'images/incorrect_label74_80.pdf'
2025-11-22 16:45:01,448 - INFO - Saved image to 'images/incorrect_label11_35.pdf'
2025-11-22 16:45:01,886 - INFO - Saved image to 'images/correct_label68_68.pdf'
2025-11-22 16:45:02,030 - INFO - Saved image to 'images/incorrect_pred66_55.pdf'
2025-11-22 16:45:03,232 - INFO - Saved image to 'images/incorrect_label11_2.pdf'
2025-11-22 16:45:03,438 - INFO - Saved image to 'images/incorrect_label39_86.pdf'
2025-11-22 16:45:03,572 - INFO - Saved image to 'images/incorrect_label74_63.pdf'
2025-11-22 16:45:03,988 - INFO - Saved image to 'images/incorrect_label74_44.pdf'
2025-11-22 16:45:04,294 - INFO - Saved image to 'images/correct_label68_68.pdf'
2025-11-22 16:45:04,615 - INFO - Saved image to 'images/correct_label68_68.pdf'
2025-11-22 16:45:05,066 - INFO - Saved image to 'images/incorrect_pred4_74.pdf'
2025-11-22 16:45:05,304 - INFO - Saved image to 'images/correct_label55_55.pdf'
2025-11-22 16:45:05,541 - INFO - Saved image to 'images/correct_label68_68.pdf'
2025-11-22 16:45:06,007 - INFO - Saved image to 'images/correct_label68_68.pdf'
2025-11-22 16:45:06,176 - INFO - Saved image to 'images/correct_label11_11.pdf'
2025-11-22 16:45:06,366 - INFO - Saved image to 'images/correct_label9_9.pdf'
2025-11-22 16:45:06,791 - INFO - Saved image to 'images/incorrect_pred65_55.pdf'
2025-11-22 16:45:06,963 - INFO - Saved image to 'images/incorrect_pred50_74.pdf'
2025-11-22 16:45:07,397 - INFO - Saved image to 'images/incorrect_pred51_74.pdf'
2025-11-22 16:45:07,865 - INFO - Saved image to 'images/correct_label55_55.pdf'
2025-11-22 16:45:08,030 - INFO - Saved image to 'images/correct_label11_11.pdf'
2025-11-22 16:45:11,162 - INFO - Saved image to 'images/correct_label9_9.pdf'
2025-11-22 16:45:11,496 - INFO - Saved image to 'images/correct_label11_11.pdf'
2025-11-22 16:45:11,599 - INFO - Saved image to 'images/correct_label11_11.pdf'
2025-11-22 16:45:11,840 - INFO - Saved image to 'images/incorrect_label55_4.pdf'
2025-11-22 16:45:12,082 - INFO - Saved image to 'images/incorrect_label55_4.pdf'
2025-11-22 16:45:12,297 - INFO - Saved image to 'images/incorrect_pred80_55.pdf'
2025-11-22 16:45:12,423 - INFO - Saved image to 'images/correct_label68_68.pdf'
2025-11-22 16:45:12,612 - INFO - Saved image to 'images/correct_label74_74.pdf'
2025-11-22 16:45:12,787 - INFO - Saved image to 'images/correct_label9_9.pdf'
2025-11-22 16:45:12,912 - INFO - Saved image to 'images/correct_label74_74.pdf'
2025-11-22 16:45:13,399 - INFO - Saved image to 'images/incorrect_label9_16.pdf'
2025-11-22 16:45:13,621 - INFO - Saved image to 'images/correct_label39_39.pdf'
2025-11-22 16:45:13,986 - INFO - Saved image to 'images/correct_label68_68.pdf'
2025-11-22 16:45:14,282 - INFO - Saved image to 'images/incorrect_label11_2.pdf'
2025-11-22 16:45:14,444 - INFO - Saved image to 'images/incorrect_label55_65.pdf'
2025-11-22 16:45:14,662 - INFO - Saved image to 'images/correct_label39_39.pdf'
2025-11-22 16:45:14,872 - INFO - Saved image to 'images/incorrect_label11_46.pdf'
2025-11-22 16:45:15,052 - INFO - Saved image to 'images/correct_label74_74.pdf'
2025-11-22 16:45:15,203 - INFO - Saved image to 'images/correct_label39_39.pdf'
2025-11-22 16:45:15,392 - INFO - Saved image to 'images/incorrect_label55_4.pdf'
2025-11-22 16:45:15,635 - INFO - Saved image to 'images/incorrect_label55_72.pdf'
2025-11-22 16:45:16,155 - INFO - Saved image to 'images/incorrect_pred2_11.pdf'
2025-11-22 16:45:16,300 - INFO - Saved image to 'images/incorrect_label11_35.pdf'
2025-11-22 16:45:16,510 - INFO - Saved image to 'images/correct_label39_39.pdf'
2025-11-22 16:45:16,815 - INFO - Saved image to 'images/correct_label68_68.pdf'
2025-11-22 16:45:17,006 - INFO - Saved image to 'images/incorrect_label74_3.pdf'
2025-11-22 16:45:17,327 - INFO - Saved image to 'images/correct_label11_11.pdf'
2025-11-22 16:45:17,572 - INFO - Saved image to 'images/correct_label68_68.pdf'
2025-11-22 16:45:17,755 - INFO - Saved image to 'images/incorrect_pred2_11.pdf'
2025-11-22 16:45:17,937 - INFO - Saved image to 'images/correct_label68_68.pdf'
2025-11-22 16:45:18,121 - INFO - Saved image to 'images/correct_label9_9.pdf'
2025-11-22 16:45:18,418 - INFO - Saved image to 'images/correct_label74_74.pdf'
2025-11-22 16:45:18,797 - INFO - Saved image to 'images/correct_label11_11.pdf'
2025-11-22 16:45:18,964 - INFO - Saved image to 'images/correct_label68_68.pdf'
2025-11-22 16:45:19,086 - INFO - Saved image to 'images/correct_label11_11.pdf'
2025-11-22 16:45:19,232 - INFO - Saved image to 'images/incorrect_pred50_74.pdf'
2025-11-22 16:45:19,367 - INFO - Saved image to 'images/incorrect_pred27_55.pdf'
2025-11-22 16:45:19,477 - INFO - Saved image to 'images/correct_label68_68.pdf'
2025-11-22 16:45:19,603 - INFO - Saved image to 'images/correct_label68_68.pdf'
2025-11-22 16:45:19,771 - INFO - Saved image to 'images/correct_label11_11.pdf'
2025-11-22 16:45:19,888 - INFO - Saved image to 'images/incorrect_pred4_74.pdf'
2025-11-22 16:45:20,214 - INFO - Saved image to 'images/correct_label11_11.pdf'
2025-11-22 16:45:20,616 - INFO - Saved image to 'images/incorrect_label11_35.pdf'
2025-11-22 16:45:20,877 - INFO - Saved image to 'images/correct_label9_9.pdf'
2025-11-22 16:45:21,011 - INFO - Saved image to 'images/incorrect_label74_64.pdf'
2025-11-22 16:45:21,375 - INFO - Saved image to 'images/correct_label9_9.pdf'
2025-11-22 16:45:21,486 - INFO - Saved image to 'images/correct_label68_68.pdf'
2025-11-22 16:45:21,672 - INFO - Saved image to 'images/incorrect_pred73_74.pdf'
2025-11-22 16:45:21,847 - INFO - Saved image to 'images/incorrect_pred77_74.pdf'
2025-11-22 16:45:21,969 - INFO - Saved image to 'images/correct_label9_9.pdf'
2025-11-22 16:45:22,271 - INFO - Saved image to 'images/incorrect_label55_72.pdf'
2025-11-22 16:45:22,644 - INFO - Saved image to 'images/correct_label55_55.pdf'
2025-11-22 16:45:22,842 - INFO - Saved image to 'images/incorrect_label11_2.pdf'
2025-11-22 16:45:23,504 - INFO - Saved image to 'images/correct_label9_9.pdf'
2025-11-22 16:45:23,776 - INFO - Saved image to 'images/correct_label39_39.pdf'
2025-11-22 16:45:24,106 - INFO - Saved image to 'images/correct_label74_74.pdf'
2025-11-22 16:45:24,450 - INFO - Saved image to 'images/incorrect_label55_66.pdf'
2025-11-22 16:45:24,737 - INFO - Saved image to 'images/correct_label68_68.pdf'
2025-11-22 16:45:24,871 - INFO - Saved image to 'images/incorrect_label55_93.pdf'
2025-11-22 16:45:25,557 - INFO - Saved image to 'images/correct_label9_9.pdf'
2025-11-22 16:45:25,830 - INFO - Saved image to 'images/correct_label9_9.pdf'
2025-11-22 16:45:26,044 - INFO - Saved image to 'images/incorrect_pred60_68.pdf'
2025-11-22 16:45:26,168 - INFO - Saved image to 'images/correct_label39_39.pdf'
2025-11-22 16:45:26,272 - INFO - Saved image to 'images/incorrect_pred65_55.pdf'
2025-11-22 16:45:26,431 - INFO - Saved image to 'images/incorrect_pred4_74.pdf'
2025-11-22 16:45:26,632 - INFO - Saved image to 'images/incorrect_pred50_74.pdf'
2025-11-22 16:45:26,769 - INFO - Saved image to 'images/incorrect_pred32_11.pdf'
2025-11-22 16:45:26,926 - INFO - Saved image to 'images/incorrect_pred18_74.pdf'
2025-11-22 16:45:27,276 - INFO - Saved image to 'images/correct_label39_39.pdf'
2025-11-22 16:45:27,558 - INFO - Saved image to 'images/correct_label9_9.pdf'
2025-11-22 16:45:27,891 - INFO - Saved image to 'images/correct_label68_68.pdf'
2025-11-22 16:45:28,066 - INFO - Saved image to 'images/correct_label39_39.pdf'
2025-11-22 16:45:28,242 - INFO - Saved image to 'images/correct_label9_9.pdf'
2025-11-22 16:45:28,656 - INFO - Saved image to 'images/incorrect_label55_27.pdf'
2025-11-22 16:45:28,772 - INFO - Saved image to 'images/correct_label68_68.pdf'
2025-11-22 16:45:29,044 - INFO - Saved image to 'images/correct_label11_11.pdf'
2025-11-22 16:45:29,398 - INFO - Saved image to 'images/incorrect_label11_2.pdf'
2025-11-22 16:45:29,628 - INFO - Saved image to 'images/incorrect_label55_72.pdf'
2025-11-22 16:45:29,782 - INFO - Saved image to 'images/incorrect_label9_87.pdf'
2025-11-22 16:45:30,153 - INFO - Saved image to 'images/correct_label39_39.pdf'
2025-11-22 16:45:30,545 - INFO - Saved image to 'images/incorrect_label74_55.pdf'
2025-11-22 16:45:30,644 - INFO - Saved image to 'images/incorrect_pred74_55.pdf'
2025-11-22 16:45:30,939 - INFO - Saved image to 'images/incorrect_pred65_55.pdf'
2025-11-22 16:45:31,224 - INFO - Saved image to 'images/incorrect_pred98_11.pdf'
2025-11-22 16:45:31,422 - INFO - Saved image to 'images/incorrect_pred46_11.pdf'
2025-11-22 16:45:31,541 - INFO - Saved image to 'images/correct_label9_9.pdf'
2025-11-22 16:45:31,719 - INFO - Saved image to 'images/incorrect_label11_35.pdf'
2025-11-22 16:45:31,936 - INFO - Saved image to 'images/incorrect_pred2_11.pdf'
2025-11-22 16:45:32,036 - INFO - Saved image to 'images/incorrect_pred16_9.pdf'
2025-11-22 16:45:32,137 - INFO - Saved image to 'images/correct_label68_68.pdf'
2025-11-22 16:45:32,313 - INFO - Saved image to 'images/correct_label39_39.pdf'
2025-11-22 16:45:32,479 - INFO - Saved image to 'images/correct_label39_39.pdf'
2025-11-22 16:45:32,710 - INFO - Saved image to 'images/correct_label11_11.pdf'
2025-11-22 16:45:33,241 - INFO - Saved image to 'images/incorrect_pred17_68.pdf'
2025-11-22 16:45:33,839 - INFO - Saved image to 'images/correct_label11_11.pdf'
2025-11-22 16:45:33,986 - INFO - Saved image to 'images/incorrect_label55_11.pdf'
2025-11-22 16:45:34,079 - INFO - Saved image to 'images/incorrect_pred55_11.pdf'
2025-11-22 16:45:34,196 - INFO - Saved image to 'images/correct_label39_39.pdf'
2025-11-22 16:45:34,442 - INFO - Saved image to 'images/incorrect_label11_32.pdf'
2025-11-22 16:45:34,633 - INFO - Saved image to 'images/correct_label39_39.pdf'
2025-11-22 16:45:34,763 - INFO - Saved image to 'images/incorrect_label55_72.pdf'
2025-11-22 16:45:34,944 - INFO - Saved image to 'images/incorrect_label11_46.pdf'
2025-11-22 16:45:35,690 - INFO - Saved image to 'images/correct_label55_55.pdf'
2025-11-22 16:45:35,826 - INFO - Saved image to 'images/correct_label74_74.pdf'
2025-11-22 16:45:36,128 - INFO - Saved image to 'images/correct_label55_55.pdf'
2025-11-22 16:45:36,282 - INFO - Saved image to 'images/incorrect_pred31_55.pdf'
2025-11-22 16:45:36,540 - INFO - Saved image to 'images/correct_label11_11.pdf'
2025-11-22 16:45:36,834 - INFO - Saved image to 'images/correct_label68_68.pdf'
2025-11-22 16:45:36,946 - INFO - Saved image to 'images/incorrect_pred46_11.pdf'
2025-11-22 16:45:37,277 - INFO - Saved image to 'images/correct_label39_39.pdf'
2025-11-22 16:45:37,533 - INFO - Saved image to 'images/incorrect_label11_35.pdf'
2025-11-22 16:45:37,683 - INFO - Saved image to 'images/correct_label39_39.pdf'
2025-11-22 16:45:37,820 - INFO - Saved image to 'images/correct_label55_55.pdf'
2025-11-22 16:45:38,158 - INFO - Saved image to 'images/correct_label9_9.pdf'
2025-11-22 16:45:38,388 - INFO - Saved image to 'images/correct_label55_55.pdf'
2025-11-22 16:45:38,615 - INFO - Saved image to 'images/correct_label9_9.pdf'
2025-11-22 16:45:38,760 - INFO - Saved image to 'images/correct_label68_68.pdf'
2025-11-22 16:45:39,022 - INFO - Saved image to 'images/correct_label74_74.pdf'
2025-11-22 16:45:39,743 - INFO - Saved image to 'images/incorrect_label11_46.pdf'
2025-11-22 16:45:40,257 - INFO - Saved image to 'images/incorrect_pred46_11.pdf'
2025-11-22 16:45:40,563 - INFO - Saved image to 'images/correct_label11_11.pdf'
2025-11-22 16:45:40,779 - INFO - Saved image to 'images/incorrect_label11_46.pdf'
2025-11-22 16:45:41,088 - INFO - Saved image to 'images/incorrect_label9_89.pdf'
2025-11-22 16:45:41,363 - INFO - Saved image to 'images/correct_label9_9.pdf'
2025-11-22 16:45:41,568 - INFO - Saved image to 'images/incorrect_label11_2.pdf'
2025-11-22 16:45:41,897 - INFO - Saved image to 'images/correct_label74_74.pdf'
2025-11-22 16:45:42,078 - INFO - Saved image to 'images/correct_label74_74.pdf'
2025-11-22 16:45:42,213 - INFO - Saved image to 'images/correct_label11_11.pdf'
2025-11-22 16:45:42,440 - INFO - Saved image to 'images/correct_label68_68.pdf'
2025-11-22 16:45:42,758 - INFO - Saved image to 'images/incorrect_label11_46.pdf'
2025-11-22 16:45:43,034 - INFO - Saved image to 'images/incorrect_label55_77.pdf'
2025-11-22 16:45:43,247 - INFO - Saved image to 'images/correct_label68_68.pdf'
2025-11-22 16:45:43,371 - INFO - Saved image to 'images/correct_label74_74.pdf'
2025-11-22 16:45:43,528 - INFO - Saved image to 'images/correct_label68_68.pdf'
2025-11-22 16:45:43,711 - INFO - Saved image to 'images/correct_label74_74.pdf'
2025-11-22 16:45:43,859 - INFO - Saved image to 'images/incorrect_label11_35.pdf'
2025-11-22 16:45:44,007 - INFO - Saved image to 'images/correct_label39_39.pdf'
2025-11-22 16:45:44,173 - INFO - Saved image to 'images/correct_label68_68.pdf'
2025-11-22 16:45:44,326 - INFO - Saved image to 'images/incorrect_label55_32.pdf'
2025-11-22 16:45:44,611 - INFO - Saved image to 'images/correct_label68_68.pdf'
2025-11-22 16:45:45,614 - INFO - Saved image to 'images/incorrect_label74_50.pdf'
2025-11-22 16:45:45,906 - INFO - Saved image to 'images/incorrect_pred50_74.pdf'
2025-11-22 16:45:46,229 - INFO - Saved image to 'images/incorrect_label11_46.pdf'
2025-11-22 16:45:46,342 - INFO - Saved image to 'images/correct_label9_9.pdf'
2025-11-22 16:45:46,518 - INFO - Saved image to 'images/incorrect_label9_57.pdf'
2025-11-22 16:45:47,237 - INFO - Saved image to 'images/correct_label9_9.pdf'
2025-11-22 16:45:47,435 - INFO - Saved image to 'images/correct_label68_68.pdf'
2025-11-22 16:45:47,707 - INFO - Saved image to 'images/incorrect_pred98_11.pdf'
2025-11-22 16:45:47,980 - INFO - Saved image to 'images/correct_label74_74.pdf'
2025-11-22 16:45:48,172 - INFO - Saved image to 'images/correct_label39_39.pdf'
2025-11-22 16:45:48,583 - INFO - Saved image to 'images/correct_label55_55.pdf'
2025-11-22 16:45:48,778 - INFO - Saved image to 'images/correct_label68_68.pdf'
2025-11-22 16:45:48,990 - INFO - Saved image to 'images/incorrect_label74_50.pdf'
2025-11-22 16:45:49,229 - INFO - Saved image to 'images/correct_label74_74.pdf'
2025-11-22 16:45:49,387 - INFO - Saved image to 'images/incorrect_pred72_55.pdf'
2025-11-22 16:45:49,744 - INFO - Saved image to 'images/correct_label55_55.pdf'
2025-11-22 16:45:50,437 - INFO - Saved image to 'images/incorrect_label74_26.pdf'
2025-11-22 16:45:50,728 - INFO - Saved image to 'images/correct_label11_11.pdf'
2025-11-22 16:45:51,031 - INFO - Saved image to 'images/correct_label55_55.pdf'
2025-11-22 16:45:51,260 - INFO - Saved image to 'images/correct_label11_11.pdf'
2025-11-22 16:45:51,388 - INFO - Saved image to 'images/incorrect_label74_65.pdf'
2025-11-22 16:45:51,567 - INFO - Saved image to 'images/correct_label68_68.pdf'
2025-11-22 16:45:51,802 - INFO - Saved image to 'images/correct_label68_68.pdf'
2025-11-22 16:45:52,003 - INFO - Saved image to 'images/incorrect_pred33_68.pdf'
2025-11-22 16:45:52,254 - INFO - Saved image to 'images/incorrect_label11_46.pdf'
2025-11-22 16:45:52,425 - INFO - Saved image to 'images/incorrect_label55_72.pdf'
2025-11-22 16:45:52,762 - INFO - Saved image to 'images/correct_label68_68.pdf'
2025-11-22 16:45:53,064 - INFO - Saved image to 'images/incorrect_label39_25.pdf'
2025-11-22 16:45:53,302 - INFO - Saved image to 'images/incorrect_label68_84.pdf'
2025-11-22 16:45:55,084 - INFO - Saved image to 'images/correct_label9_9.pdf'
2025-11-22 16:45:55,702 - INFO - Saved image to 'images/correct_label9_9.pdf'
2025-11-22 16:45:55,918 - INFO - Saved image to 'images/correct_label74_74.pdf'
2025-11-22 16:45:56,843 - INFO - Saved image to 'images/incorrect_label55_72.pdf'
2025-11-22 16:45:57,031 - INFO - Saved image to 'images/correct_label39_39.pdf'
2025-11-22 16:45:57,164 - INFO - Saved image to 'images/correct_label39_39.pdf'
2025-11-22 16:45:57,308 - INFO - Saved image to 'images/correct_label39_39.pdf'
2025-11-22 16:45:57,537 - INFO - Saved image to 'images/correct_label9_9.pdf'
2025-11-22 16:45:57,651 - INFO - Saved image to 'images/incorrect_label74_36.pdf'
2025-11-22 16:45:57,929 - INFO - Saved image to 'images/incorrect_label39_13.pdf'
2025-11-22 16:45:58,140 - INFO - Saved image to 'images/correct_label9_9.pdf'
2025-11-22 16:45:58,378 - INFO - Saved image to 'images/incorrect_pred46_11.pdf'
2025-11-22 16:45:58,525 - INFO - Saved image to 'images/correct_label68_68.pdf'
2025-11-22 16:45:58,669 - INFO - Saved image to 'images/incorrect_label55_4.pdf'
2025-11-22 16:45:59,012 - INFO - Saved image to 'images/incorrect_label55_91.pdf'
2025-11-22 16:45:59,229 - INFO - Saved image to 'images/correct_label55_55.pdf'
2025-11-22 16:45:59,414 - INFO - Saved image to 'images/correct_label68_68.pdf'
2025-11-22 16:45:59,517 - INFO - Saved image to 'images/correct_label11_11.pdf'
2025-11-22 16:45:59,965 - INFO - Saved image to 'images/incorrect_pred4_55.pdf'
2025-11-22 16:46:00,100 - INFO - Saved image to 'images/correct_label11_11.pdf'
2025-11-22 16:46:00,204 - INFO - Saved image to 'images/correct_label9_9.pdf'
2025-11-22 16:46:00,475 - INFO - Saved image to 'images/incorrect_label68_37.pdf'
2025-11-22 16:46:00,573 - INFO - Saved image to 'images/incorrect_pred78_9.pdf'
2025-11-22 16:46:00,757 - INFO - Saved image to 'images/incorrect_label9_13.pdf'
2025-11-22 16:46:01,038 - INFO - Saved image to 'images/correct_label39_39.pdf'
2025-11-22 16:46:01,314 - INFO - Saved image to 'images/correct_label68_68.pdf'
2025-11-22 16:46:01,447 - INFO - Saved image to 'images/correct_label68_68.pdf'
2025-11-22 16:46:02,004 - INFO - Saved image to 'images/correct_label9_9.pdf'
2025-11-22 16:46:02,306 - INFO - Saved image to 'images/incorrect_label74_3.pdf'
2025-11-22 16:46:02,681 - INFO - Saved image to 'images/correct_label74_74.pdf'
2025-11-22 16:46:02,993 - INFO - Saved image to 'images/correct_label68_68.pdf'
2025-11-22 16:46:03,158 - INFO - Saved image to 'images/correct_label9_9.pdf'
2025-11-22 16:46:03,283 - INFO - Saved image to 'images/incorrect_label55_26.pdf'
2025-11-22 16:46:03,388 - INFO - Saved image to 'images/incorrect_label55_27.pdf'
2025-11-22 16:46:03,606 - INFO - Saved image to 'images/correct_label11_11.pdf'
2025-11-22 16:46:03,775 - INFO - Saved image to 'images/incorrect_pred2_11.pdf'
2025-11-22 16:46:03,991 - INFO - Saved image to 'images/correct_label68_68.pdf'
2025-11-22 16:46:04,091 - INFO - Saved image to 'images/incorrect_pred80_55.pdf'
2025-11-22 16:46:04,247 - INFO - Saved image to 'images/incorrect_label74_7.pdf'
2025-11-22 16:46:04,458 - INFO - Saved image to 'images/correct_label74_74.pdf'
2025-11-22 16:46:04,911 - INFO - Saved image to 'images/incorrect_pred12_68.pdf'
2025-11-22 16:46:05,026 - INFO - Saved image to 'images/incorrect_pred50_74.pdf'
2025-11-22 16:46:05,253 - INFO - Saved image to 'images/correct_label11_11.pdf'
2025-11-22 16:46:05,388 - INFO - Saved image to 'images/correct_label74_74.pdf'
2025-11-22 16:46:05,859 - INFO - Saved image to 'images/correct_label74_74.pdf'
2025-11-22 16:46:06,030 - INFO - Saved image to 'images/correct_label39_39.pdf'
2025-11-22 16:46:06,185 - INFO - Saved image to 'images/correct_label55_55.pdf'
2025-11-22 16:46:06,398 - INFO - Saved image to 'images/correct_label55_55.pdf'
2025-11-22 16:46:07,087 - INFO - Saved image to 'images/correct_label9_9.pdf'
2025-11-22 16:46:07,518 - INFO - Saved image to 'images/correct_label74_74.pdf'
2025-11-22 16:46:07,662 - INFO - Saved image to 'images/incorrect_label55_95.pdf'
2025-11-22 16:46:07,974 - INFO - Saved image to 'images/correct_label39_39.pdf'
2025-11-22 16:46:08,294 - INFO - Saved image to 'images/incorrect_pred64_55.pdf'
2025-11-22 16:46:08,544 - INFO - Saved image to 'images/incorrect_pred67_74.pdf'
2025-11-22 16:46:08,978 - INFO - Saved image to 'images/correct_label9_9.pdf'
2025-11-22 16:46:09,384 - INFO - Saved image to 'images/correct_label68_68.pdf'
2025-11-22 16:46:09,527 - INFO - Saved image to 'images/correct_label74_74.pdf'
2025-11-22 16:46:09,731 - INFO - Saved image to 'images/correct_label74_74.pdf'
2025-11-22 16:46:10,081 - INFO - Saved image to 'images/incorrect_label55_50.pdf'
2025-11-22 16:46:10,219 - INFO - Saved image to 'images/correct_label39_39.pdf'
2025-11-22 16:46:10,409 - INFO - Saved image to 'images/incorrect_label11_46.pdf'
2025-11-22 16:46:10,782 - INFO - Saved image to 'images/correct_label68_68.pdf'
2025-11-22 16:46:11,255 - INFO - Saved image to 'images/incorrect_pred66_55.pdf'
2025-11-22 16:46:11,729 - INFO - Saved image to 'images/correct_label55_55.pdf'
2025-11-22 16:46:11,866 - INFO - Saved image to 'images/correct_label39_39.pdf'
2025-11-22 16:46:12,134 - INFO - Saved image to 'images/incorrect_pred67_74.pdf'
2025-11-22 16:46:12,659 - INFO - Saved image to 'images/correct_label68_68.pdf'
2025-11-22 16:46:12,802 - INFO - Saved image to 'images/correct_label39_39.pdf'
2025-11-22 16:46:12,944 - INFO - Saved image to 'images/incorrect_pred35_11.pdf'
2025-11-22 16:46:13,295 - INFO - Saved image to 'images/correct_label39_39.pdf'
2025-11-22 16:46:13,421 - INFO - Saved image to 'images/correct_label68_68.pdf'
2025-11-22 16:46:13,641 - INFO - Saved image to 'images/incorrect_label55_4.pdf'
2025-11-22 16:46:13,783 - INFO - Saved image to 'images/incorrect_pred72_55.pdf'
2025-11-22 16:46:13,917 - INFO - Saved image to 'images/incorrect_pred18_55.pdf'
2025-11-22 16:46:14,145 - INFO - Saved image to 'images/correct_label11_11.pdf'
2025-11-22 16:46:14,271 - INFO - Saved image to 'images/correct_label9_9.pdf'
2025-11-22 16:46:14,533 - INFO - Saved image to 'images/incorrect_pred2_11.pdf'
2025-11-22 16:46:14,861 - INFO - Saved image to 'images/incorrect_label55_27.pdf'
2025-11-22 16:46:15,189 - INFO - Saved image to 'images/correct_label39_39.pdf'
2025-11-22 16:46:15,325 - INFO - Saved image to 'images/correct_label68_68.pdf'
2025-11-22 16:46:15,657 - INFO - Saved image to 'images/correct_label55_55.pdf'
2025-11-22 16:46:16,032 - INFO - Saved image to 'images/incorrect_pred76_39.pdf'
2025-11-22 16:46:16,179 - INFO - Saved image to 'images/correct_label39_39.pdf'
2025-11-22 16:46:16,460 - INFO - Saved image to 'images/correct_label55_55.pdf'
2025-11-22 16:46:16,584 - INFO - Saved image to 'images/incorrect_label11_35.pdf'
2025-11-22 16:46:16,709 - INFO - Saved image to 'images/incorrect_pred80_74.pdf'
2025-11-22 16:46:16,893 - INFO - Saved image to 'images/correct_label9_9.pdf'
2025-11-22 16:46:17,186 - INFO - Saved image to 'images/incorrect_pred63_74.pdf'
2025-11-22 16:46:17,291 - INFO - Saved image to 'images/correct_label74_74.pdf'
2025-11-22 16:46:17,606 - INFO - Saved image to 'images/incorrect_pred44_55.pdf'
2025-11-22 16:46:17,923 - INFO - Saved image to 'images/incorrect_label74_51.pdf'
2025-11-22 16:46:18,028 - INFO - Saved image to 'images/incorrect_pred50_74.pdf'
2025-11-22 16:46:18,132 - INFO - Saved image to 'images/correct_label74_74.pdf'
2025-11-22 16:46:18,632 - INFO - Saved image to 'images/incorrect_pred97_55.pdf'
2025-11-22 16:46:18,948 - INFO - Saved image to 'images/incorrect_label55_80.pdf'
2025-11-22 16:46:19,110 - INFO - Saved image to 'images/correct_label39_39.pdf'
2025-11-22 16:46:19,335 - INFO - Saved image to 'images/correct_label68_68.pdf'
2025-11-22 16:46:19,432 - INFO - Saved image to 'images/incorrect_label74_69.pdf'
2025-11-22 16:46:19,813 - INFO - Saved image to 'images/incorrect_label9_40.pdf'
2025-11-22 16:46:19,918 - INFO - Saved image to 'images/incorrect_label74_50.pdf'
2025-11-22 16:46:20,120 - INFO - Saved image to 'images/correct_label9_9.pdf'
2025-11-22 16:46:20,245 - INFO - Saved image to 'images/correct_label11_11.pdf'
2025-11-22 16:46:20,366 - INFO - Saved image to 'images/incorrect_label55_4.pdf'
2025-11-22 16:46:20,626 - INFO - Saved image to 'images/correct_label39_39.pdf'
2025-11-22 16:46:21,639 - INFO - Saved image to 'images/correct_label9_9.pdf'
2025-11-22 16:46:21,742 - INFO - Saved image to 'images/incorrect_pred30_55.pdf'
2025-11-22 16:46:21,874 - INFO - Saved image to 'images/incorrect_label11_35.pdf'
2025-11-22 16:46:22,034 - INFO - Saved image to 'images/incorrect_label9_40.pdf'
2025-11-22 16:46:22,179 - INFO - Saved image to 'images/incorrect_label55_72.pdf'
2025-11-22 16:46:22,410 - INFO - Saved image to 'images/correct_label39_39.pdf'
2025-11-22 16:46:22,647 - INFO - Saved image to 'images/incorrect_pred86_39.pdf'
2025-11-22 16:46:22,886 - INFO - Saved image to 'images/incorrect_label74_36.pdf'
2025-11-22 16:46:22,989 - INFO - Saved image to 'images/incorrect_pred4_55.pdf'
2025-11-22 16:46:23,608 - INFO - Saved image to 'images/correct_label9_9.pdf'
2025-11-22 16:46:23,714 - INFO - Saved image to 'images/correct_label55_55.pdf'
2025-11-22 16:46:24,012 - INFO - Saved image to 'images/incorrect_label11_46.pdf'
2025-11-22 16:46:24,126 - INFO - Saved image to 'images/correct_label39_39.pdf'
2025-11-22 16:46:24,269 - INFO - Saved image to 'images/correct_label39_39.pdf'
2025-11-22 16:46:24,511 - INFO - Saved image to 'images/correct_label39_39.pdf'
2025-11-22 16:46:24,653 - INFO - Saved image to 'images/correct_label39_39.pdf'
2025-11-22 16:46:24,770 - INFO - Saved image to 'images/incorrect_label74_50.pdf'
2025-11-22 16:46:24,977 - INFO - Saved image to 'images/correct_label39_39.pdf'
2025-11-22 16:46:25,111 - INFO - Saved image to 'images/incorrect_label74_32.pdf'
2025-11-22 16:46:25,684 - INFO - Saved image to 'images/correct_label9_9.pdf'
2025-11-22 16:46:25,808 - INFO - Saved image to 'images/incorrect_label74_50.pdf'
2025-11-22 16:46:26,007 - INFO - Saved image to 'images/correct_label68_68.pdf'
2025-11-22 16:46:26,196 - INFO - Saved image to 'images/incorrect_label55_87.pdf'
2025-11-22 16:46:26,298 - INFO - Saved image to 'images/incorrect_label74_63.pdf'
2025-11-22 16:46:26,509 - INFO - Saved image to 'images/incorrect_label74_4.pdf'
2025-11-22 16:46:27,837 - INFO - Saved image to 'images/correct_label9_9.pdf'
2025-11-22 16:46:28,001 - INFO - Saved image to 'images/correct_label9_9.pdf'
2025-11-22 16:46:28,107 - INFO - Saved image to 'images/correct_label39_39.pdf'
2025-11-22 16:46:28,384 - INFO - Saved image to 'images/correct_label68_68.pdf'
2025-11-22 16:46:28,517 - INFO - Saved image to 'images/correct_label9_9.pdf'
2025-11-22 16:46:28,633 - INFO - Saved image to 'images/correct_label11_11.pdf'
2025-11-22 16:46:28,739 - INFO - Saved image to 'images/incorrect_label55_4.pdf'
2025-11-22 16:46:28,886 - INFO - Saved image to 'images/incorrect_label11_98.pdf'
2025-11-22 16:46:29,383 - INFO - Saved image to 'images/correct_label55_55.pdf'
2025-11-22 16:46:29,608 - INFO - Saved image to 'images/correct_label39_39.pdf'
2025-11-22 16:46:29,711 - INFO - Saved image to 'images/incorrect_label39_2.pdf'
2025-11-22 16:46:29,888 - INFO - Saved image to 'images/correct_label74_74.pdf'
2025-11-22 16:46:30,179 - INFO - Saved image to 'images/incorrect_pred72_74.pdf'
2025-11-22 16:46:30,325 - INFO - Saved image to 'images/incorrect_label74_65.pdf'
2025-11-22 16:46:30,527 - INFO - Saved image to 'images/correct_label39_39.pdf'
2025-11-22 16:46:30,692 - INFO - Saved image to 'images/incorrect_pred44_9.pdf'
2025-11-22 16:46:30,796 - INFO - Saved image to 'images/incorrect_pred64_74.pdf'
2025-11-22 16:46:31,117 - INFO - Saved image to 'images/correct_label39_39.pdf'
2025-11-22 16:46:31,380 - INFO - Saved image to 'images/incorrect_pred2_11.pdf'
2025-11-22 16:46:31,971 - INFO - Saved image to 'images/incorrect_label74_63.pdf'
2025-11-22 16:46:32,269 - INFO - Saved image to 'images/incorrect_label68_65.pdf'
2025-11-22 16:46:34,570 - INFO - Saved image to 'images/correct_label39_39.pdf'
2025-11-22 16:46:34,722 - INFO - Saved image to 'images/correct_label68_68.pdf'
2025-11-22 16:46:34,941 - INFO - Saved image to 'images/incorrect_label74_23.pdf'
2025-11-22 16:46:35,070 - INFO - Saved image to 'images/correct_label9_9.pdf'
2025-11-22 16:46:35,190 - INFO - Saved image to 'images/incorrect_pred66_74.pdf'
2025-11-22 16:46:35,538 - INFO - Saved image to 'images/incorrect_pred46_11.pdf'
2025-11-22 16:46:35,702 - INFO - Saved image to 'images/incorrect_label9_69.pdf'
2025-11-22 16:46:36,224 - INFO - Saved image to 'images/correct_label9_9.pdf'
2025-11-22 16:46:36,348 - INFO - Saved image to 'images/incorrect_label39_87.pdf'
2025-11-22 16:46:36,479 - INFO - Saved image to 'images/incorrect_pred93_74.pdf'
2025-11-22 16:46:36,883 - INFO - Saved image to 'images/correct_label39_39.pdf'
2025-11-22 16:46:37,293 - INFO - Saved image to 'images/correct_label68_68.pdf'
2025-11-22 16:46:37,455 - INFO - Saved image to 'images/incorrect_label74_65.pdf'
2025-11-22 16:46:37,620 - INFO - Saved image to 'images/incorrect_label55_72.pdf'
2025-11-22 16:46:37,931 - INFO - Saved image to 'images/correct_label9_9.pdf'
2025-11-22 16:46:38,065 - INFO - Saved image to 'images/incorrect_label11_46.pdf'
2025-11-22 16:46:38,189 - INFO - Saved image to 'images/incorrect_pred63_55.pdf'
2025-11-22 16:46:38,367 - INFO - Saved image to 'images/correct_label11_11.pdf'
2025-11-22 16:46:38,623 - INFO - Saved image to 'images/correct_label74_74.pdf'
2025-11-22 16:46:38,823 - INFO - Saved image to 'images/incorrect_label55_3.pdf'
2025-11-22 16:46:38,992 - INFO - Saved image to 'images/incorrect_pred3_74.pdf'
2025-11-22 16:46:39,331 - INFO - Saved image to 'images/incorrect_label11_46.pdf'
2025-11-22 16:46:39,487 - INFO - Saved image to 'images/incorrect_label55_66.pdf'
2025-11-22 16:46:39,598 - INFO - Saved image to 'images/incorrect_label55_95.pdf'
2025-11-22 16:46:39,792 - INFO - Saved image to 'images/correct_label55_55.pdf'
2025-11-22 16:46:39,931 - INFO - Saved image to 'images/correct_label39_39.pdf'
2025-11-22 16:46:40,129 - INFO - Saved image to 'images/correct_label55_55.pdf'
2025-11-22 16:46:40,339 - INFO - Saved image to 'images/correct_label11_11.pdf'
2025-11-22 16:46:40,482 - INFO - Saved image to 'images/incorrect_label55_72.pdf'
2025-11-22 16:46:40,627 - INFO - Saved image to 'images/incorrect_pred4_74.pdf'
2025-11-22 16:46:40,804 - INFO - Saved image to 'images/incorrect_label39_92.pdf'
2025-11-22 16:46:40,909 - INFO - Saved image to 'images/incorrect_label39_87.pdf'
2025-11-22 16:46:41,277 - INFO - Saved image to 'images/correct_label39_39.pdf'
2025-11-22 16:46:41,402 - INFO - Saved image to 'images/correct_label74_74.pdf'
2025-11-22 16:46:41,518 - INFO - Saved image to 'images/correct_label74_74.pdf'
2025-11-22 16:46:41,716 - INFO - Saved image to 'images/incorrect_label11_98.pdf'
2025-11-22 16:46:41,827 - INFO - Saved image to 'images/correct_label39_39.pdf'
2025-11-22 16:46:42,042 - INFO - Saved image to 'images/correct_label9_9.pdf'
2025-11-22 16:46:42,372 - INFO - Saved image to 'images/correct_label68_68.pdf'
2025-11-22 16:46:43,085 - INFO - Saved image to 'images/correct_label68_68.pdf'
2025-11-22 16:46:43,245 - INFO - Saved image to 'images/incorrect_label11_2.pdf'
2025-11-22 16:46:43,437 - INFO - Saved image to 'images/correct_label68_68.pdf'
2025-11-22 16:46:43,632 - INFO - Saved image to 'images/correct_label9_9.pdf'
2025-11-22 16:46:43,820 - INFO - Saved image to 'images/incorrect_pred80_74.pdf'
2025-11-22 16:46:43,999 - INFO - Saved image to 'images/correct_label9_9.pdf'
2025-11-22 16:46:44,177 - INFO - Saved image to 'images/incorrect_label39_16.pdf'
2025-11-22 16:46:44,366 - INFO - Saved image to 'images/correct_label55_55.pdf'
2025-11-22 16:46:45,322 - INFO - Saved image to 'images/correct_label39_39.pdf'
2025-11-22 16:46:45,613 - INFO - Saved image to 'images/correct_label9_9.pdf'
2025-11-22 16:46:45,915 - INFO - Saved image to 'images/incorrect_pred50_74.pdf'
2025-11-22 16:46:46,189 - INFO - Saved image to 'images/correct_label68_68.pdf'
2025-11-22 16:46:46,341 - INFO - Saved image to 'images/incorrect_pred72_55.pdf'
2025-11-22 16:46:46,705 - INFO - Saved image to 'images/correct_label9_9.pdf'
2025-11-22 16:46:46,965 - INFO - Saved image to 'images/correct_label9_9.pdf'
2025-11-22 16:46:47,090 - INFO - Saved image to 'images/correct_label39_39.pdf'
2025-11-22 16:46:47,208 - INFO - Saved image to 'images/correct_label68_68.pdf'
2025-11-22 16:46:47,784 - INFO - Saved image to 'images/correct_label68_68.pdf'
2025-11-22 16:46:48,161 - INFO - Saved image to 'images/incorrect_pred64_55.pdf'
2025-11-22 16:46:48,299 - INFO - Saved image to 'images/incorrect_pred4_55.pdf'
2025-11-22 16:46:48,522 - INFO - Saved image to 'images/correct_label74_74.pdf'
2025-11-22 16:46:49,323 - INFO - Saved image to 'images/incorrect_pred4_55.pdf'
2025-11-22 16:46:49,496 - INFO - Saved image to 'images/correct_label9_9.pdf'
2025-11-22 16:46:49,594 - INFO - Saved image to 'images/correct_label11_11.pdf'
2025-11-22 16:46:50,038 - INFO - Saved image to 'images/incorrect_label55_3.pdf'
2025-11-22 16:46:50,308 - INFO - Saved image to 'images/incorrect_pred72_55.pdf'
2025-11-22 16:46:50,578 - INFO - Saved image to 'images/incorrect_pred4_74.pdf'
2025-11-22 16:46:50,751 - INFO - Saved image to 'images/correct_label74_74.pdf'
2025-11-22 16:46:50,999 - INFO - Saved image to 'images/correct_label74_74.pdf'
2025-11-22 16:46:51,160 - INFO - Saved image to 'images/correct_label68_68.pdf'
2025-11-22 16:46:51,296 - INFO - Saved image to 'images/incorrect_label11_35.pdf'
2025-11-22 16:46:51,412 - INFO - Saved image to 'images/correct_label55_55.pdf'
2025-11-22 16:46:51,630 - INFO - Saved image to 'images/incorrect_pred76_39.pdf'
2025-11-22 16:46:51,764 - INFO - Saved image to 'images/correct_label68_68.pdf'
2025-11-22 16:46:51,907 - INFO - Saved image to 'images/incorrect_label11_46.pdf'
2025-11-22 16:46:52,252 - INFO - Saved image to 'images/incorrect_pred61_55.pdf'
2025-11-22 16:46:52,414 - INFO - Saved image to 'images/incorrect_pred80_55.pdf'
2025-11-22 16:46:52,548 - INFO - Saved image to 'images/correct_label55_55.pdf'
2025-11-22 16:46:52,668 - INFO - Saved image to 'images/correct_label9_9.pdf'
2025-11-22 16:46:52,883 - INFO - Saved image to 'images/correct_label9_9.pdf'
2025-11-22 16:46:53,097 - INFO - Saved image to 'images/correct_label9_9.pdf'
2025-11-22 16:46:53,416 - INFO - Saved image to 'images/correct_label9_9.pdf'
2025-11-22 16:46:53,534 - INFO - Saved image to 'images/incorrect_pred15_55.pdf'
2025-11-22 16:46:53,637 - INFO - Saved image to 'images/correct_label68_68.pdf'
2025-11-22 16:46:54,142 - INFO - Saved image to 'images/incorrect_pred29_74.pdf'
2025-11-22 16:46:54,256 - INFO - Saved image to 'images/correct_label11_11.pdf'
2025-11-22 16:46:54,748 - INFO - Saved image to 'images/correct_label68_68.pdf'
2025-11-22 16:46:54,911 - INFO - Saved image to 'images/incorrect_pred35_11.pdf'
2025-11-22 16:46:55,155 - INFO - Saved image to 'images/correct_label68_68.pdf'
2025-11-22 16:46:55,504 - INFO - Saved image to 'images/correct_label55_55.pdf'
2025-11-22 16:46:55,988 - INFO - Saved image to 'images/incorrect_pred32_55.pdf'
2025-11-22 16:46:56,790 - INFO - Saved image to 'images/correct_label11_11.pdf'
2025-11-22 16:46:57,106 - INFO - Saved image to 'images/incorrect_pred46_11.pdf'
2025-11-22 16:46:57,225 - INFO - Saved image to 'images/correct_label74_74.pdf'
2025-11-22 16:46:57,414 - INFO - Saved image to 'images/incorrect_label74_24.pdf'
2025-11-22 16:46:57,575 - INFO - Saved image to 'images/incorrect_pred51_74.pdf'
2025-11-22 16:46:57,845 - INFO - Saved image to 'images/correct_label68_68.pdf'
2025-11-22 16:46:57,993 - INFO - Saved image to 'images/correct_label39_39.pdf'
2025-11-22 16:46:58,241 - INFO - Saved image to 'images/correct_label68_68.pdf'
2025-11-22 16:46:58,365 - INFO - Saved image to 'images/incorrect_label11_35.pdf'
2025-11-22 16:46:58,744 - INFO - Saved image to 'images/correct_label39_39.pdf'
2025-11-22 16:46:58,946 - INFO - Saved image to 'images/correct_label74_74.pdf'
2025-11-22 16:46:59,749 - INFO - Saved image to 'images/incorrect_label74_21.pdf'
2025-11-22 16:47:01,122 - INFO - Saved image to 'images/correct_label9_9.pdf'
2025-11-22 16:47:01,325 - INFO - Saved image to 'images/correct_label39_39.pdf'
2025-11-22 16:47:01,455 - INFO - Saved image to 'images/incorrect_label74_32.pdf'
2025-11-22 16:47:01,711 - INFO - Saved image to 'images/correct_label74_74.pdf'
2025-11-22 16:47:01,826 - INFO - Saved image to 'images/incorrect_pred28_9.pdf'
2025-11-22 16:47:02,052 - INFO - Saved image to 'images/incorrect_pred50_74.pdf'
2025-11-22 16:47:02,210 - INFO - Saved image to 'images/correct_label39_39.pdf'
2025-11-22 16:47:02,474 - INFO - Saved image to 'images/correct_label74_74.pdf'
2025-11-22 16:47:02,650 - INFO - Saved image to 'images/incorrect_label55_15.pdf'
2025-11-22 16:47:02,852 - INFO - Saved image to 'images/correct_label55_55.pdf'
2025-11-22 16:47:05,715 - INFO - Saved image to 'images/correct_label9_9.pdf'
2025-11-22 16:47:06,005 - INFO - Saved image to 'images/correct_label39_39.pdf'
2025-11-22 16:47:06,306 - INFO - Saved image to 'images/correct_label74_74.pdf'
2025-11-22 16:47:06,918 - INFO - Saved image to 'images/incorrect_label11_35.pdf'
2025-11-22 16:47:07,304 - INFO - Saved image to 'images/correct_label39_39.pdf'
2025-11-22 16:47:07,671 - INFO - Saved image to 'images/incorrect_pred46_11.pdf'
2025-11-22 16:47:07,775 - INFO - Saved image to 'images/incorrect_pred44_55.pdf'
2025-11-22 16:47:08,205 - INFO - Saved image to 'images/correct_label11_11.pdf'
2025-11-22 16:47:08,739 - INFO - Saved image to 'images/correct_label39_39.pdf'
2025-11-22 16:47:09,045 - INFO - Saved image to 'images/incorrect_pred64_55.pdf'
2025-11-22 16:47:09,154 - INFO - Saved image to 'images/correct_label55_55.pdf'
2025-11-22 16:47:09,422 - INFO - Saved image to 'images/correct_label9_9.pdf'
2025-11-22 16:47:09,598 - INFO - Saved image to 'images/correct_label9_9.pdf'
2025-11-22 16:47:09,847 - INFO - Saved image to 'images/correct_label55_55.pdf'
2025-11-22 16:47:10,066 - INFO - Saved image to 'images/incorrect_label74_63.pdf'
2025-11-22 16:47:10,230 - INFO - Saved image to 'images/incorrect_pred4_55.pdf'
2025-11-22 16:47:10,362 - INFO - Saved image to 'images/correct_label68_68.pdf'
2025-11-22 16:47:10,647 - INFO - Saved image to 'images/incorrect_pred50_74.pdf'
2025-11-22 16:47:10,824 - INFO - Saved image to 'images/correct_label74_74.pdf'
2025-11-22 16:47:10,970 - INFO - Saved image to 'images/incorrect_pred2_11.pdf'
2025-11-22 16:47:11,189 - INFO - Saved image to 'images/correct_label55_55.pdf'
2025-11-22 16:47:11,688 - INFO - Saved image to 'images/correct_label55_55.pdf'
2025-11-22 16:47:11,846 - INFO - Saved image to 'images/incorrect_label74_65.pdf'
2025-11-22 16:47:12,107 - INFO - Saved image to 'images/correct_label39_39.pdf'
2025-11-22 16:47:12,217 - INFO - Saved image to 'images/incorrect_label11_48.pdf'
2025-11-22 16:47:12,590 - INFO - Saved image to 'images/incorrect_pred63_74.pdf'
2025-11-22 16:47:12,727 - INFO - Saved image to 'images/incorrect_label55_34.pdf'
2025-11-22 16:47:12,879 - INFO - Saved image to 'images/incorrect_label11_77.pdf'
2025-11-22 16:47:13,024 - INFO - Saved image to 'images/incorrect_label11_35.pdf'
2025-11-22 16:47:13,263 - INFO - Saved image to 'images/correct_label68_68.pdf'
2025-11-22 16:47:13,388 - INFO - Saved image to 'images/correct_label74_74.pdf'
2025-11-22 16:47:13,510 - INFO - Saved image to 'images/correct_label55_55.pdf'
2025-11-22 16:47:13,780 - INFO - Saved image to 'images/correct_label9_9.pdf'
2025-11-22 16:47:13,902 - INFO - Saved image to 'images/correct_label39_39.pdf'
2025-11-22 16:47:14,068 - INFO - Saved image to 'images/correct_label9_9.pdf'
2025-11-22 16:47:14,212 - INFO - Saved image to 'images/correct_label74_74.pdf'
2025-11-22 16:47:14,472 - INFO - Saved image to 'images/incorrect_label55_72.pdf'
2025-11-22 16:47:14,683 - INFO - Saved image to 'images/correct_label68_68.pdf'
2025-11-22 16:47:14,964 - INFO - Saved image to 'images/correct_label39_39.pdf'
2025-11-22 16:47:15,117 - INFO - Saved image to 'images/correct_label11_11.pdf'
2025-11-22 16:47:15,316 - INFO - Saved image to 'images/incorrect_label74_34.pdf'
2025-11-22 16:47:15,628 - INFO - Saved image to 'images/correct_label39_39.pdf'
2025-11-22 16:47:15,911 - INFO - Saved image to 'images/incorrect_pred27_55.pdf'
2025-11-22 16:47:16,184 - INFO - Saved image to 'images/incorrect_label55_93.pdf'
2025-11-22 16:47:16,408 - INFO - Saved image to 'images/correct_label39_39.pdf'
2025-11-22 16:47:16,588 - INFO - Saved image to 'images/incorrect_label9_46.pdf'
2025-11-22 16:47:16,791 - INFO - Saved image to 'images/correct_label39_39.pdf'
2025-11-22 16:47:16,988 - INFO - Saved image to 'images/correct_label68_68.pdf'
2025-11-22 16:47:17,210 - INFO - Saved image to 'images/correct_label68_68.pdf'
2025-11-22 16:47:17,506 - INFO - Saved image to 'images/incorrect_pred95_55.pdf'
2025-11-22 16:47:17,629 - INFO - Saved image to 'images/correct_label68_68.pdf'
2025-11-22 16:47:17,807 - INFO - Saved image to 'images/correct_label39_39.pdf'
2025-11-22 16:47:18,012 - INFO - Saved image to 'images/correct_label55_55.pdf'
2025-11-22 16:47:18,187 - INFO - Saved image to 'images/correct_label55_55.pdf'
2025-11-22 16:47:18,696 - INFO - Saved image to 'images/correct_label39_39.pdf'
2025-11-22 16:47:18,934 - INFO - Saved image to 'images/incorrect_label11_46.pdf'
2025-11-22 16:47:19,069 - INFO - Saved image to 'images/incorrect_label74_32.pdf'
2025-11-22 16:47:19,401 - INFO - Saved image to 'images/incorrect_label11_2.pdf'
2025-11-22 16:47:19,579 - INFO - Saved image to 'images/correct_label74_74.pdf'
2025-11-22 16:47:19,808 - INFO - Saved image to 'images/correct_label68_68.pdf'
2025-11-22 16:47:20,095 - INFO - Saved image to 'images/correct_label9_9.pdf'
2025-11-22 16:47:20,235 - INFO - Saved image to 'images/correct_label74_74.pdf'
2025-11-22 16:47:20,465 - INFO - Saved image to 'images/correct_label68_68.pdf'
2025-11-22 16:47:20,803 - INFO - Saved image to 'images/incorrect_pred46_11.pdf'
2025-11-22 16:47:21,050 - INFO - Saved image to 'images/incorrect_pred18_74.pdf'
2025-11-22 16:47:21,590 - INFO - Saved image to 'images/correct_label68_68.pdf'
2025-11-22 16:47:21,689 - INFO - Saved image to 'images/correct_label68_68.pdf'
2025-11-22 16:47:22,458 - INFO - Saved image to 'images/incorrect_label68_60.pdf'
2025-11-22 16:47:22,763 - INFO - Saved image to 'images/correct_label9_9.pdf'
2025-11-22 16:47:23,254 - INFO - Saved image to 'images/incorrect_pred72_55.pdf'
2025-11-22 16:47:23,378 - INFO - Saved image to 'images/incorrect_pred77_74.pdf'
2025-11-22 16:47:23,544 - INFO - Saved image to 'images/incorrect_pred50_74.pdf'
2025-11-22 16:47:23,893 - INFO - Saved image to 'images/incorrect_label74_83.pdf'
2025-11-22 16:47:25,228 - INFO - Saved image to 'images/correct_label39_39.pdf'
2025-11-22 16:47:25,523 - INFO - Saved image to 'images/correct_label39_39.pdf'
2025-11-22 16:47:25,840 - INFO - Saved image to 'images/correct_label11_11.pdf'
2025-11-22 16:47:26,362 - INFO - Saved image to 'images/correct_label68_68.pdf'
2025-11-22 16:47:30,136 - INFO - Saved image to 'images/correct_label9_9.pdf'
2025-11-22 16:47:31,682 - INFO - Saved image to 'images/correct_label9_9.pdf'
2025-11-22 16:47:32,004 - INFO - Saved image to 'images/incorrect_pred27_55.pdf'
2025-11-22 16:47:32,340 - INFO - Saved image to 'images/incorrect_pred15_55.pdf'
2025-11-22 16:47:32,893 - INFO - Saved image to 'images/correct_label9_9.pdf'
2025-11-22 16:47:33,124 - INFO - Saved image to 'images/incorrect_label55_72.pdf'
2025-11-22 16:47:33,355 - INFO - Saved image to 'images/correct_label39_39.pdf'
2025-11-22 16:47:33,591 - INFO - Saved image to 'images/correct_label9_9.pdf'
2025-11-22 16:47:33,839 - INFO - Saved image to 'images/incorrect_label11_35.pdf'
2025-11-22 16:47:34,251 - INFO - Saved image to 'images/incorrect_label68_12.pdf'
2025-11-22 16:47:34,738 - INFO - Saved image to 'images/incorrect_label55_80.pdf'
2025-11-22 16:47:34,942 - INFO - Saved image to 'images/correct_label68_68.pdf'
2025-11-22 16:47:35,140 - INFO - Saved image to 'images/incorrect_pred50_74.pdf'
2025-11-22 16:47:35,310 - INFO - Saved image to 'images/correct_label55_55.pdf'
2025-11-22 16:47:35,550 - INFO - Saved image to 'images/correct_label74_74.pdf'
2025-11-22 16:47:35,714 - INFO - Saved image to 'images/incorrect_label11_32.pdf'
2025-11-22 16:47:36,058 - INFO - Saved image to 'images/correct_label39_39.pdf'
2025-11-22 16:47:36,205 - INFO - Saved image to 'images/incorrect_label74_55.pdf'
2025-11-22 16:47:36,507 - INFO - Saved image to 'images/incorrect_pred74_55.pdf'
2025-11-22 16:47:36,620 - INFO - Saved image to 'images/correct_label74_74.pdf'
2025-11-22 16:47:36,832 - INFO - Saved image to 'images/correct_label11_11.pdf'
2025-11-22 16:47:37,578 - INFO - Saved image to 'images/incorrect_label11_46.pdf'
2025-11-22 16:47:37,851 - INFO - Saved image to 'images/correct_label9_9.pdf'
2025-11-22 16:47:38,187 - INFO - Saved image to 'images/correct_label9_9.pdf'
2025-11-22 16:47:38,406 - INFO - Saved image to 'images/correct_label74_74.pdf'
2025-11-22 16:47:38,543 - INFO - Saved image to 'images/correct_label74_74.pdf'
2025-11-22 16:47:38,680 - INFO - Saved image to 'images/incorrect_pred38_74.pdf'
2025-11-22 16:47:39,037 - INFO - Saved image to 'images/correct_label55_55.pdf'
2025-11-22 16:47:39,203 - INFO - Saved image to 'images/incorrect_pred46_11.pdf'
2025-11-22 16:47:39,434 - INFO - Saved image to 'images/correct_label39_39.pdf'
2025-11-22 16:47:39,739 - INFO - Saved image to 'images/incorrect_label74_45.pdf'
2025-11-22 16:47:39,929 - INFO - Saved image to 'images/correct_label74_74.pdf'
2025-11-22 16:47:40,313 - INFO - Saved image to 'images/incorrect_label74_72.pdf'
2025-11-22 16:47:40,676 - INFO - Saved image to 'images/incorrect_label74_50.pdf'
2025-11-22 16:47:41,596 - INFO - Saved image to 'images/incorrect_label74_7.pdf'
2025-11-22 16:47:41,815 - INFO - Saved image to 'images/incorrect_pred35_11.pdf'
2025-11-22 16:47:42,106 - INFO - Saved image to 'images/incorrect_label55_67.pdf'
2025-11-22 16:47:42,208 - INFO - Saved image to 'images/correct_label68_68.pdf'
2025-11-22 16:47:42,681 - INFO - Saved image to 'images/incorrect_label11_46.pdf'
2025-11-22 16:47:43,189 - INFO - Saved image to 'images/correct_label11_11.pdf'
2025-11-22 16:47:43,334 - INFO - Saved image to 'images/correct_label74_74.pdf'
2025-11-22 16:47:43,822 - INFO - Saved image to 'images/correct_label9_9.pdf'
2025-11-22 16:47:44,035 - INFO - Saved image to 'images/incorrect_label11_46.pdf'
2025-11-22 16:47:44,229 - INFO - Saved image to 'images/correct_label39_39.pdf'
2025-11-22 16:47:44,385 - INFO - Saved image to 'images/correct_label39_39.pdf'
2025-11-22 16:47:44,572 - INFO - Saved image to 'images/incorrect_label55_72.pdf'
2025-11-22 16:47:44,703 - INFO - Saved image to 'images/correct_label9_9.pdf'
2025-11-22 16:47:44,912 - INFO - Saved image to 'images/correct_label39_39.pdf'
2025-11-22 16:47:45,399 - INFO - Saved image to 'images/incorrect_pred50_74.pdf'
2025-11-22 16:47:46,053 - INFO - Saved image to 'images/correct_label9_9.pdf'
2025-11-22 16:47:46,156 - INFO - Saved image to 'images/incorrect_label11_32.pdf'
2025-11-22 16:47:46,521 - INFO - Saved image to 'images/correct_label55_55.pdf'
2025-11-22 16:47:46,659 - INFO - Saved image to 'images/incorrect_label11_46.pdf'
2025-11-22 16:47:46,915 - INFO - Saved image to 'images/incorrect_label55_27.pdf'
2025-11-22 16:47:47,235 - INFO - Saved image to 'images/correct_label68_68.pdf'
2025-11-22 16:47:47,342 - INFO - Saved image to 'images/incorrect_label68_60.pdf'
2025-11-22 16:47:47,652 - INFO - Saved image to 'images/correct_label74_74.pdf'
2025-11-22 16:47:47,800 - INFO - Saved image to 'images/incorrect_label74_77.pdf'
2025-11-22 16:47:48,087 - INFO - Saved image to 'images/incorrect_label74_14.pdf'
2025-11-22 16:47:48,872 - INFO - Saved image to 'images/correct_label9_9.pdf'
2025-11-22 16:47:49,035 - INFO - Saved image to 'images/correct_label11_11.pdf'
2025-11-22 16:47:49,210 - INFO - Saved image to 'images/correct_label74_74.pdf'
2025-11-22 16:47:49,416 - INFO - Saved image to 'images/incorrect_pred50_74.pdf'
