2025-11-12 16:49:20,060 - INFO - Logging initialized. Log file: runs/run_24/training.log
2025-11-12 16:49:26,143 - INFO - Random seeds set to 42 (deterministic=False)
2025-11-12 16:49:26,144 - INFO - Using device: cpu
2025-11-12 16:49:26,145 - INFO - Loading data...
2025-11-12 16:49:28,655 - INFO - Visualizing first batch...
2025-11-12 16:49:28,656 - INFO - Visualizing from DataLoader with 1303 batches
2025-11-12 16:49:29,060 - INFO - Loaded 16 images from dataloader
2025-11-12 16:49:31,899 - INFO - Saved enhanced dataset visualization to runs/run_24/visualization.png
2025-11-12 16:49:31,902 - INFO - Initializing model...
2025-11-12 16:49:32,299 - INFO - Created Swin-Tiny model for validation against pretrained weights.
2025-11-12 16:49:32,301 - INFO - Total parameters: 28,288,354
2025-11-12 16:49:32,375 - INFO - Saved configuration to runs/run_24/config.json
2025-11-12 16:49:32,376 - INFO - Starting model implementation validation...
2025-11-12 16:49:32,751 - INFO - Loading pretrained weights from Hugging Face hub (timm/swin_tiny_patch4_window7_224.ms_in1k)
2025-11-12 16:49:32,991 - INFO - HTTP Request: HEAD https://huggingface.co/timm/swin_tiny_patch4_window7_224.ms_in1k/resolve/main/model.safetensors "HTTP/1.1 302 Found"
2025-11-12 16:49:33,007 - INFO - [timm/swin_tiny_patch4_window7_224.ms_in1k] Safe alternative available for 'pytorch_model.bin' (as 'model.safetensors'). Loading weights using safetensors.
2025-11-12 16:49:33,143 - INFO - Loaded pretrained model: swin_tiny_patch4_window7_224 from timm.
2025-11-12 16:49:33,147 - INFO - Transferring weights from pretrained to custom model...
2025-11-12 16:49:33,159 - INFO - Weight transfer: 173 layers transferred.
2025-11-12 16:49:33,161 - INFO - Weight transfer completed: {'transferred': 173, 'missing': 0, 'size_mismatches': 0}
2025-11-12 16:49:33,161 - INFO - Using subset of 1000 samples for validation
